2 path.c:128 0x25a002a9 24
4 path.c:254 0x25a002a9 24
2 path.c:128 0x25a024c9 24
1 dynarray.c:84 0x25a002a9 24
2 dynarray.c:95 0x25a024f9 16
2 path.c:90 0x25a02529 6
1 path.c:143 0x25a02549 6
4 path.c:246 0x25a02549 6
4 path.c:31 0x25a02529 6
4 dynarray.c:112 0x25a024f9 16
4 dynarray.c:113 0x25a002a9 24
4 path.c:254 0x25a024c9 24
1 dynarray.c:84 0x25a024c9 24
2 dynarray.c:95 0x25a02569 16
1 bdtBad4.c:663 0x25a02529 1
4 dynarray.c:112 0x25a02569 16
4 dynarray.c:113 0x25a024c9 24
4 bdt_client.c:39 0x25a02529 1
2 path.c:128 0x25a02599 24
4 path.c:254 0x25a02599 24
2 path.c:128 0x25a025c9 24
1 dynarray.c:84 0x25a02599 24
2 dynarray.c:95 0x25a025f9 16
4 dynarray.c:112 0x25a025f9 16
4 dynarray.c:113 0x25a02599 24
4 path.c:254 0x25a025c9 24
2 path.c:128 0x25a02629 24
1 dynarray.c:84 0x25a025c9 24
2 dynarray.c:95 0x25a02659 16
2 path.c:90 0x25a02689 6
2 path.c:90 0x25a026a9 7
4 path.c:31 0x25a02689 6
4 path.c:31 0x25a026a9 7
4 dynarray.c:112 0x25a02659 16
4 dynarray.c:113 0x25a025c9 24
4 path.c:254 0x25a02629 24
2 path.c:128 0x25a02629 24
1 dynarray.c:84 0x25a02659 24
2 dynarray.c:95 0x25a025c9 16
2 path.c:90 0x25a026c9 6
4 path.c:31 0x25a026c9 6
4 dynarray.c:112 0x25a025c9 16
4 dynarray.c:113 0x25a02659 24
4 path.c:254 0x25a02629 24
2 path.c:128 0x25a02629 24
1 dynarray.c:84 0x25a025c9 24
2 dynarray.c:95 0x25a02659 16
2 path.c:90 0x25a026e9 6
1 path.c:143 0x25a026c9 6
2 path.c:178 0x25a02709 24
1 dynarray.c:84 0x25a02599 24
2 dynarray.c:95 0x25a02739 16
2 path.c:191 0x25a02769 6
2 path.c:205 0x25a02789 6
3 path.c:223 0x25a02769 0x25a02769 6 6
1 bdtBad4.c:143 0x25a027a9 32
2 path.c:178 0x25a027e9 24
1 dynarray.c:84 0x25a025f9 24
2 dynarray.c:95 0x25a02819 16
2 path.c:191 0x25a02849 6
2 path.c:205 0x25a02869 6
3 path.c:223 0x25a02849 0x25a02849 6 6
4 path.c:246 0x25a02769 6
4 path.c:31 0x25a02789 6
4 dynarray.c:112 0x25a02739 16
4 dynarray.c:113 0x25a02599 24
4 path.c:254 0x25a02709 24
4 path.c:246 0x25a026c9 6
4 path.c:31 0x25a026e9 6
4 dynarray.c:112 0x25a02659 16
4 dynarray.c:113 0x25a025c9 24
4 path.c:254 0x25a02629 24
2 path.c:128 0x25a02629 24
1 dynarray.c:84 0x25a02709 24
2 dynarray.c:95 0x25a025c9 16
2 path.c:90 0x25a026e9 6
2 path.c:90 0x25a02889 7
2 path.c:90 0x25a028a9 12
3 dynarray.c:69 0x25a028c9 0x25a025c9 16 32
1 path.c:143 0x25a02659 25
2 path.c:178 0x25a025c9 24
1 dynarray.c:84 0x25a02599 24
2 dynarray.c:95 0x25a02909 16
2 path.c:191 0x25a02939 25
2 path.c:205 0x25a02969 6
3 path.c:223 0x25a02939 0x25a02939 25 6
4 path.c:246 0x25a02939 6
4 path.c:31 0x25a02969 6
4 dynarray.c:112 0x25a02909 16
4 dynarray.c:113 0x25a02599 24
4 path.c:254 0x25a025c9 24
2 path.c:178 0x25a025c9 24
1 dynarray.c:84 0x25a02909 24
2 dynarray.c:95 0x25a02599 16
2 path.c:191 0x25a02989 25
2 path.c:205 0x25a02969 6
2 path.c:205 0x25a029b9 7
3 path.c:223 0x25a02989 0x25a02989 25 13
4 path.c:246 0x25a02989 13
4 path.c:31 0x25a02969 6
4 path.c:31 0x25a029b9 7
4 dynarray.c:112 0x25a02599 16
4 dynarray.c:113 0x25a02909 24
4 path.c:254 0x25a025c9 24
2 path.c:178 0x25a025c9 24
1 dynarray.c:84 0x25a02989 24
2 dynarray.c:95 0x25a02909 16
2 path.c:191 0x25a029d9 25
2 path.c:205 0x25a029b9 6
2 path.c:205 0x25a02969 7
3 path.c:223 0x25a029d9 0x25a029d9 25 13
1 bdtBad4.c:143 0x25a02a09 32
2 path.c:178 0x25a02a49 24
1 dynarray.c:84 0x25a02599 24
2 dynarray.c:95 0x25a02a79 16
2 path.c:191 0x25a02aa9 13
2 path.c:205 0x25a02ac9 6
2 path.c:205 0x25a02ae9 7
3 path.c:223 0x25a02aa9 0x25a02aa9 13 13
4 path.c:246 0x25a029d9 13
4 path.c:31 0x25a029b9 6
4 path.c:31 0x25a02969 7
4 dynarray.c:112 0x25a02909 16
4 dynarray.c:113 0x25a02989 24
4 path.c:254 0x25a025c9 24
2 path.c:178 0x25a025c9 24
1 dynarray.c:84 0x25a029d9 24
2 dynarray.c:95 0x25a02989 24
2 path.c:191 0x25a02b09 25
2 path.c:205 0x25a02969 6
2 path.c:205 0x25a029b9 7
2 path.c:205 0x25a02b39 12
3 path.c:223 0x25a02b09 0x25a02b09 25 25
1 bdtBad4.c:143 0x25a02b59 32
2 path.c:178 0x25a02b99 24
1 dynarray.c:84 0x25a02909 24
2 dynarray.c:95 0x25a02bc9 24
2 path.c:191 0x25a02bf9 25
2 path.c:205 0x25a02c29 6
2 path.c:205 0x25a02c49 7
2 path.c:205 0x25a02c69 12
3 path.c:223 0x25a02bf9 0x25a02bf9 25 25
4 path.c:246 0x25a02b09 25
4 path.c:31 0x25a02969 6
4 path.c:31 0x25a029b9 7
4 path.c:31 0x25a02b39 12
4 dynarray.c:112 0x25a02989 24
4 dynarray.c:113 0x25a029d9 24
4 path.c:254 0x25a025c9 24
4 path.c:246 0x25a02659 25
4 path.c:31 0x25a026e9 6
4 path.c:31 0x25a02889 7
4 path.c:31 0x25a028a9 12
4 dynarray.c:112 0x25a028c9 32
4 dynarray.c:113 0x25a02709 24
4 path.c:254 0x25a02629 24
2 path.c:128 0x25a02629 24
1 dynarray.c:84 0x25a02b09 24
2 dynarray.c:95 0x25a02709 16
2 path.c:90 0x25a028a9 6
1 path.c:143 0x25a026c9 6
2 path.c:178 0x25a025c9 24
1 dynarray.c:84 0x25a02659 24
2 dynarray.c:95 0x25a029d9 16
2 path.c:191 0x25a02889 6
2 path.c:205 0x25a02b39 6
3 path.c:223 0x25a02889 0x25a02889 6 6
4 path.c:246 0x25a02889 6
4 path.c:31 0x25a02b39 6
4 dynarray.c:112 0x25a029d9 16
4 dynarray.c:113 0x25a02659 24
4 path.c:254 0x25a025c9 24
4 path.c:246 0x25a026c9 6
4 path.c:31 0x25a028a9 6
4 dynarray.c:112 0x25a02709 16
4 dynarray.c:113 0x25a02b09 24
4 path.c:254 0x25a02629 24
2 path.c:128 0x25a02629 24
1 dynarray.c:84 0x25a02989 24
2 dynarray.c:95 0x25a02b09 16
2 path.c:90 0x25a028a9 6
2 path.c:90 0x25a026c9 7
1 path.c:143 0x25a026e9 13
2 path.c:178 0x25a025c9 24
1 dynarray.c:84 0x25a02709 24
2 dynarray.c:95 0x25a02659 16
2 path.c:191 0x25a02b39 13
2 path.c:205 0x25a029b9 6
3 path.c:223 0x25a02b39 0x25a02b39 13 6
4 path.c:246 0x25a02b39 6
4 path.c:31 0x25a029b9 6
4 dynarray.c:112 0x25a02659 16
4 dynarray.c:113 0x25a02709 24
4 path.c:254 0x25a025c9 24
2 path.c:178 0x25a025c9 24
1 dynarray.c:84 0x25a029d9 24
2 dynarray.c:95 0x25a02709 16
2 path.c:191 0x25a029b9 13
2 path.c:205 0x25a02b39 6
2 path.c:205 0x25a02969 7
3 path.c:223 0x25a029b9 0x25a029b9 13 13
4 path.c:246 0x25a029b9 13
4 path.c:31 0x25a02b39 6
4 path.c:31 0x25a02969 7
4 dynarray.c:112 0x25a02709 16
4 dynarray.c:113 0x25a029d9 24
4 path.c:254 0x25a025c9 24
4 path.c:246 0x25a026e9 13
4 path.c:31 0x25a028a9 6
4 path.c:31 0x25a026c9 7
4 dynarray.c:112 0x25a02b09 16
4 dynarray.c:113 0x25a02989 24
4 path.c:254 0x25a02629 24
2 path.c:128 0x25a02629 24
1 dynarray.c:84 0x25a02659 24
2 dynarray.c:95 0x25a02989 16
2 path.c:90 0x25a026c9 6
2 path.c:90 0x25a028a9 7
2 path.c:90 0x25a026e9 12
3 dynarray.c:69 0x25a02c89 0x25a02989 16 32
1 path.c:143 0x25a02b09 25
2 path.c:178 0x25a02989 24
1 dynarray.c:84 0x25a025c9 24
2 dynarray.c:95 0x25a029d9 16
2 path.c:191 0x25a02cc9 25
2 path.c:205 0x25a02969 6
3 path.c:223 0x25a02cc9 0x25a02cc9 25 6
4 path.c:246 0x25a02cc9 6
4 path.c:31 0x25a02969 6
4 dynarray.c:112 0x25a029d9 16
4 dynarray.c:113 0x25a025c9 24
4 path.c:254 0x25a02989 24
2 path.c:178 0x25a02989 24
1 dynarray.c:84 0x25a02709 24
2 dynarray.c:95 0x25a025c9 16
2 path.c:191 0x25a02cc9 25
2 path.c:205 0x25a02969 6
2 path.c:205 0x25a02b39 7
3 path.c:223 0x25a02cc9 0x25a02cc9 25 13
4 path.c:246 0x25a02cc9 13
4 path.c:31 0x25a02969 6
4 path.c:31 0x25a02b39 7
4 dynarray.c:112 0x25a025c9 16
4 dynarray.c:113 0x25a02709 24
4 path.c:254 0x25a02989 24
2 path.c:178 0x25a02989 24
1 dynarray.c:84 0x25a029d9 24
2 dynarray.c:95 0x25a02709 24
2 path.c:191 0x25a02cc9 25
2 path.c:205 0x25a02b39 6
2 path.c:205 0x25a02969 7
2 path.c:205 0x25a029b9 12
3 path.c:223 0x25a02cc9 0x25a02cc9 25 25
4 path.c:246 0x25a02cc9 25
4 path.c:31 0x25a02b39 6
4 path.c:31 0x25a02969 7
4 path.c:31 0x25a029b9 12
4 dynarray.c:112 0x25a02709 24
4 dynarray.c:113 0x25a029d9 24
4 path.c:254 0x25a02989 24
4 path.c:246 0x25a02b09 25
4 path.c:31 0x25a026c9 6
4 path.c:31 0x25a028a9 7
4 path.c:31 0x25a026e9 12
4 dynarray.c:112 0x25a02c89 32
4 dynarray.c:113 0x25a02659 24
4 path.c:254 0x25a02629 24
2 path.c:128 0x25a02629 24
1 dynarray.c:84 0x25a025c9 24
2 dynarray.c:95 0x25a02659 16
2 path.c:90 0x25a026e9 12
1 path.c:143 0x25a02889 12
2 path.c:178 0x25a02989 24
1 dynarray.c:84 0x25a02b09 24
2 dynarray.c:95 0x25a029d9 16
2 path.c:191 0x25a028a9 12
2 path.c:205 0x25a029b9 12
3 path.c:223 0x25a028a9 0x25a028a9 12 12
4 path.c:246 0x25a028a9 12
4 path.c:31 0x25a029b9 12
4 dynarray.c:112 0x25a029d9 16
4 dynarray.c:113 0x25a02b09 24
4 path.c:254 0x25a02989 24
4 path.c:246 0x25a02889 12
4 path.c:31 0x25a026e9 12
4 dynarray.c:112 0x25a02659 16
4 dynarray.c:113 0x25a025c9 24
4 path.c:254 0x25a02629 24
2 path.c:128 0x25a02629 24
1 dynarray.c:84 0x25a02709 24
2 dynarray.c:95 0x25a025c9 16
2 path.c:90 0x25a026e9 12
1 path.c:143 0x25a026c9 12
2 path.c:178 0x25a02989 24
1 dynarray.c:84 0x25a02659 24
2 dynarray.c:95 0x25a02b09 16
2 path.c:191 0x25a02889 12
2 path.c:205 0x25a028a9 12
3 path.c:223 0x25a02889 0x25a02889 12 12
4 path.c:246 0x25a02889 12
4 path.c:31 0x25a028a9 12
4 dynarray.c:112 0x25a02b09 16
4 dynarray.c:113 0x25a02659 24
4 path.c:254 0x25a02989 24
4 path.c:246 0x25a026c9 12
4 path.c:31 0x25a026e9 12
4 dynarray.c:112 0x25a025c9 16
4 dynarray.c:113 0x25a02709 24
4 path.c:254 0x25a02629 24
2 path.c:128 0x25a02629 24
1 dynarray.c:84 0x25a029d9 24
2 dynarray.c:95 0x25a02709 16
2 path.c:90 0x25a026e9 12
1 path.c:143 0x25a029b9 12
2 path.c:178 0x25a02989 24
1 dynarray.c:84 0x25a025c9 24
2 dynarray.c:95 0x25a02659 16
2 path.c:191 0x25a026c9 12
2 path.c:205 0x25a02889 12
3 path.c:223 0x25a026c9 0x25a026c9 12 12
4 path.c:246 0x25a026c9 12
4 path.c:31 0x25a02889 12
4 dynarray.c:112 0x25a02659 16
4 dynarray.c:113 0x25a025c9 24
4 path.c:254 0x25a02989 24
4 path.c:246 0x25a029b9 12
4 path.c:31 0x25a026e9 12
4 dynarray.c:112 0x25a02709 16
4 dynarray.c:113 0x25a029d9 24
4 path.c:254 0x25a02629 24
2 path.c:128 0x25a02629 24
1 dynarray.c:84 0x25a02b09 24
2 dynarray.c:95 0x25a029d9 16
2 path.c:90 0x25a026e9 6
2 path.c:90 0x25a029b9 8
1 path.c:143 0x25a028a9 14
2 path.c:178 0x25a02989 24
1 dynarray.c:84 0x25a02709 24
2 dynarray.c:95 0x25a025c9 16
2 path.c:191 0x25a02889 14
2 path.c:205 0x25a02969 6
3 path.c:223 0x25a02889 0x25a02889 14 6
4 path.c:246 0x25a02889 6
4 path.c:31 0x25a02969 6
4 dynarray.c:112 0x25a025c9 16
4 dynarray.c:113 0x25a02709 24
4 path.c:254 0x25a02989 24
2 path.c:178 0x25a02989 24
1 dynarray.c:84 0x25a02659 24
2 dynarray.c:95 0x25a02709 16
2 path.c:191 0x25a02969 14
2 path.c:205 0x25a02889 6
2 path.c:205 0x25a02b39 8
3 path.c:223 0x25a02969 0x25a02969 14 14
4 path.c:246 0x25a02969 14
4 path.c:31 0x25a02889 6
4 path.c:31 0x25a02b39 8
4 dynarray.c:112 0x25a02709 16
4 dynarray.c:113 0x25a02659 24
4 path.c:254 0x25a02989 24
4 path.c:246 0x25a028a9 14
4 path.c:31 0x25a026e9 6
4 path.c:31 0x25a029b9 8
4 dynarray.c:112 0x25a029d9 16
4 dynarray.c:113 0x25a02b09 24
4 path.c:254 0x25a02629 24
2 path.c:128 0x25a02629 24
1 dynarray.c:84 0x25a025c9 24
2 dynarray.c:95 0x25a02b09 16
2 path.c:90 0x25a029b9 6
2 path.c:90 0x25a026e9 7
2 path.c:90 0x25a028a9 12
3 dynarray.c:69 0x25a02cf9 0x25a02b09 16 32
1 path.c:143 0x25a029d9 25
2 path.c:178 0x25a02b09 24
1 dynarray.c:84 0x25a02989 24
2 dynarray.c:95 0x25a02659 16
2 path.c:191 0x25a02cc9 25
2 path.c:205 0x25a02b39 6
3 path.c:223 0x25a02cc9 0x25a02cc9 25 6
4 path.c:246 0x25a02cc9 6
4 path.c:31 0x25a02b39 6
4 dynarray.c:112 0x25a02659 16
4 dynarray.c:113 0x25a02989 24
4 path.c:254 0x25a02b09 24
2 path.c:178 0x25a02b09 24
1 dynarray.c:84 0x25a02709 24
2 dynarray.c:95 0x25a02989 16
2 path.c:191 0x25a02cc9 25
2 path.c:205 0x25a02b39 6
2 path.c:205 0x25a02889 7
3 path.c:223 0x25a02cc9 0x25a02cc9 25 13
4 path.c:246 0x25a02cc9 13
4 path.c:31 0x25a02b39 6
4 path.c:31 0x25a02889 7
4 dynarray.c:112 0x25a02989 16
4 dynarray.c:113 0x25a02709 24
4 path.c:254 0x25a02b09 24
2 path.c:178 0x25a02b09 24
1 dynarray.c:84 0x25a02659 24
2 dynarray.c:95 0x25a02709 24
2 path.c:191 0x25a02cc9 25
2 path.c:205 0x25a02889 6
2 path.c:205 0x25a02b39 7
2 path.c:205 0x25a02969 12
3 path.c:223 0x25a02cc9 0x25a02cc9 25 25
4 path.c:246 0x25a02cc9 25
4 path.c:31 0x25a02889 6
4 path.c:31 0x25a02b39 7
4 path.c:31 0x25a02969 12
4 dynarray.c:112 0x25a02709 24
4 dynarray.c:113 0x25a02659 24
4 path.c:254 0x25a02b09 24
4 path.c:246 0x25a029d9 25
4 path.c:31 0x25a029b9 6
4 path.c:31 0x25a026e9 7
4 path.c:31 0x25a028a9 12
4 dynarray.c:112 0x25a02cf9 32
4 dynarray.c:113 0x25a025c9 24
4 path.c:254 0x25a02629 24
2 path.c:128 0x25a02629 24
1 dynarray.c:84 0x25a02989 24
2 dynarray.c:95 0x25a025c9 16
2 path.c:90 0x25a028a9 12
2 path.c:90 0x25a026e9 6
2 path.c:90 0x25a029b9 9
3 dynarray.c:69 0x25a02d39 0x25a025c9 16 32
1 path.c:143 0x25a029d9 27
2 path.c:178 0x25a025c9 24
1 dynarray.c:84 0x25a02b09 24
2 dynarray.c:95 0x25a02659 16
2 path.c:191 0x25a02cc9 27
2 path.c:205 0x25a02969 12
3 path.c:223 0x25a02cc9 0x25a02cc9 27 12
4 path.c:246 0x25a02cc9 12
4 path.c:31 0x25a02969 12
4 dynarray.c:112 0x25a02659 16
4 dynarray.c:113 0x25a02b09 24
4 path.c:254 0x25a025c9 24
4 path.c:246 0x25a029d9 27
4 path.c:31 0x25a028a9 12
4 path.c:31 0x25a026e9 6
4 path.c:31 0x25a029b9 9
4 dynarray.c:112 0x25a02d39 32
4 dynarray.c:113 0x25a02989 24
4 path.c:254 0x25a02629 24
2 path.c:128 0x25a02629 24
1 dynarray.c:84 0x25a02709 24
2 dynarray.c:95 0x25a02989 16
2 path.c:90 0x25a029b9 6
2 path.c:90 0x25a026e9 8
1 path.c:143 0x25a026c9 14
2 path.c:178 0x25a025c9 24
1 dynarray.c:84 0x25a029d9 24
2 dynarray.c:95 0x25a02b09 16
2 path.c:191 0x25a028a9 14
2 path.c:205 0x25a02b39 6
3 path.c:223 0x25a028a9 0x25a028a9 14 6
4 path.c:246 0x25a028a9 6
4 path.c:31 0x25a02b39 6
4 dynarray.c:112 0x25a02b09 16
4 dynarray.c:113 0x25a029d9 24
4 path.c:254 0x25a025c9 24
2 path.c:178 0x25a025c9 24
1 dynarray.c:84 0x25a02659 24
2 dynarray.c:95 0x25a029d9 16
2 path.c:191 0x25a02b39 14
2 path.c:205 0x25a028a9 6
2 path.c:205 0x25a02889 8
3 path.c:223 0x25a02b39 0x25a02b39 14 14
4 path.c:246 0x25a02b39 14
4 path.c:31 0x25a028a9 6
4 path.c:31 0x25a02889 8
4 dynarray.c:112 0x25a029d9 16
4 dynarray.c:113 0x25a02659 24
4 path.c:254 0x25a025c9 24
2 path.c:178 0x25a025c9 24
1 dynarray.c:84 0x25a02b09 24
2 dynarray.c:95 0x25a02659 16
2 path.c:191 0x25a02889 14
2 path.c:205 0x25a028a9 6
2 path.c:205 0x25a02b39 8
3 path.c:223 0x25a02889 0x25a02889 14 14
1 bdtBad4.c:143 0x25a02d39 32
2 path.c:178 0x25a02cc9 24
1 dynarray.c:84 0x25a029d9 24
2 dynarray.c:95 0x25a02d79 16
2 path.c:191 0x25a02da9 14
2 path.c:205 0x25a02dc9 6
2 path.c:205 0x25a02de9 8
3 path.c:223 0x25a02da9 0x25a02da9 14 14
4 path.c:246 0x25a02889 14
4 path.c:31 0x25a028a9 6
4 path.c:31 0x25a02b39 8
4 dynarray.c:112 0x25a02659 16
4 dynarray.c:113 0x25a02b09 24
4 path.c:254 0x25a025c9 24
4 path.c:246 0x25a026c9 14
4 path.c:31 0x25a029b9 6
4 path.c:31 0x25a026e9 8
4 dynarray.c:112 0x25a02989 16
4 dynarray.c:113 0x25a02709 24
4 path.c:254 0x25a02629 24
2 path.c:128 0x25a02629 24
1 dynarray.c:84 0x25a02659 24
2 dynarray.c:95 0x25a02709 16
2 path.c:90 0x25a026e9 6
2 path.c:90 0x25a029b9 7
1 path.c:143 0x25a02969 13
2 path.c:178 0x25a025c9 24
1 dynarray.c:84 0x25a02989 24
2 dynarray.c:95 0x25a02b09 16
2 path.c:191 0x25a026c9 13
2 path.c:205 0x25a028a9 6
3 path.c:223 0x25a026c9 0x25a026c9 13 6
4 path.c:246 0x25a026c9 6
4 path.c:31 0x25a028a9 6
4 dynarray.c:112 0x25a02b09 16
4 dynarray.c:113 0x25a02989 24
4 path.c:254 0x25a025c9 24
2 path.c:178 0x25a025c9 24
1 dynarray.c:84 0x25a02b09 24
2 dynarray.c:95 0x25a02989 16
2 path.c:191 0x25a028a9 13
2 path.c:205 0x25a026c9 6
2 path.c:205 0x25a02889 7
3 path.c:223 0x25a028a9 0x25a028a9 13 13
4 path.c:246 0x25a028a9 13
4 path.c:31 0x25a026c9 6
4 path.c:31 0x25a02889 7
4 dynarray.c:112 0x25a02989 16
4 dynarray.c:113 0x25a02b09 24
4 path.c:254 0x25a025c9 24
2 path.c:178 0x25a025c9 24
1 dynarray.c:84 0x25a02989 24
2 dynarray.c:95 0x25a02b09 16
2 path.c:191 0x25a02889 13
2 path.c:205 0x25a026c9 6
2 path.c:205 0x25a028a9 7
3 path.c:223 0x25a02889 0x25a02889 13 13
1 bdtBad4.c:143 0x25a02cf9 32
2 path.c:178 0x25a02e09 24
1 dynarray.c:84 0x25a02939 24
2 dynarray.c:95 0x25a02e39 16
2 path.c:191 0x25a02e69 13
2 path.c:205 0x25a02e89 6
2 path.c:205 0x25a02ea9 7
3 path.c:223 0x25a02e69 0x25a02e69 13 13
4 path.c:246 0x25a02e69 13
4 path.c:31 0x25a02e89 6
4 path.c:31 0x25a02ea9 7
4 dynarray.c:112 0x25a02e39 16
4 dynarray.c:113 0x25a02939 24
4 path.c:254 0x25a02e09 24
4 bdtBad4.c:193 0x25a02cf9 32
4 path.c:246 0x25a02969 13
4 path.c:31 0x25a026e9 6
4 path.c:31 0x25a029b9 7
4 dynarray.c:112 0x25a02709 16
4 dynarray.c:113 0x25a02659 24
4 path.c:254 0x25a02629 24
4 path.c:246 0x25a02889 13
4 path.c:31 0x25a026c9 6
4 path.c:31 0x25a028a9 7
4 dynarray.c:112 0x25a02b09 16
4 dynarray.c:113 0x25a02989 24
4 path.c:254 0x25a025c9 24
2 path.c:128 0x25a025c9 24
1 dynarray.c:84 0x25a02939 24
2 dynarray.c:95 0x25a02989 16
2 path.c:90 0x25a028a9 6
2 path.c:90 0x25a026c9 4
2 path.c:90 0x25a02889 5
3 dynarray.c:69 0x25a02ec9 0x25a02989 16 32
2 path.c:90 0x25a029b9 7
1 path.c:143 0x25a02b09 22
2 path.c:178 0x25a02989 24
1 dynarray.c:84 0x25a02629 24
2 dynarray.c:95 0x25a02659 16
2 path.c:191 0x25a02e09 22
2 path.c:205 0x25a026e9 6
3 path.c:223 0x25a02e09 0x25a02e09 22 6
4 path.c:246 0x25a02e09 6
4 path.c:31 0x25a026e9 6
4 dynarray.c:112 0x25a02659 16
4 dynarray.c:113 0x25a02629 24
4 path.c:254 0x25a02989 24
2 path.c:178 0x25a02989 24
1 dynarray.c:84 0x25a02709 24
2 dynarray.c:95 0x25a02629 16
2 path.c:191 0x25a02e09 22
2 path.c:205 0x25a026e9 6
2 path.c:205 0x25a02969 4
3 path.c:223 0x25a02e09 0x25a02e09 22 10
4 path.c:246 0x25a02e09 10
4 path.c:31 0x25a026e9 6
4 path.c:31 0x25a02969 4
4 dynarray.c:112 0x25a02629 16
4 dynarray.c:113 0x25a02709 24
4 path.c:254 0x25a02989 24
2 path.c:178 0x25a02989 24
1 dynarray.c:84 0x25a02659 24
2 dynarray.c:95 0x25a02709 16
2 path.c:191 0x25a02e09 22
2 path.c:205 0x25a02969 6
2 path.c:205 0x25a026e9 4
3 path.c:223 0x25a02e09 0x25a02e09 22 10
1 bdtBad4.c:143 0x25a02cf9 32
2 path.c:178 0x25a02f09 24
1 dynarray.c:84 0x25a02629 24
2 dynarray.c:95 0x25a02f39 16
2 path.c:191 0x25a02ea9 10
2 path.c:205 0x25a02e89 6
2 path.c:205 0x25a02e69 4
3 path.c:223 0x25a02ea9 0x25a02ea9 10 10
4 path.c:246 0x25a02ea9 10
4 path.c:31 0x25a02e89 6
4 path.c:31 0x25a02e69 4
4 dynarray.c:112 0x25a02f39 16
4 dynarray.c:113 0x25a02629 24
4 path.c:254 0x25a02f09 24
4 bdtBad4.c:193 0x25a02cf9 32
4 path.c:246 0x25a02b09 22
4 path.c:31 0x25a028a9 6
4 path.c:31 0x25a026c9 4
4 path.c:31 0x25a02889 5
4 path.c:31 0x25a029b9 7
4 dynarray.c:112 0x25a02ec9 32
4 dynarray.c:113 0x25a02939 24
4 path.c:254 0x25a025c9 24
4 path.c:246 0x25a02e09 10
4 path.c:31 0x25a02969 6
4 path.c:31 0x25a026e9 4
4 dynarray.c:112 0x25a02709 16
4 dynarray.c:113 0x25a02659 24
4 path.c:254 0x25a02989 24
2 path.c:128 0x25a02989 24
1 dynarray.c:84 0x25a02f39 24
2 dynarray.c:95 0x25a02659 16
2 path.c:90 0x25a026e9 6
1 path.c:143 0x25a02b39 6
2 path.c:178 0x25a02e09 24
1 dynarray.c:84 0x25a02709 24
2 dynarray.c:95 0x25a025c9 16
2 path.c:191 0x25a02969 6
2 path.c:205 0x25a02889 6
3 path.c:223 0x25a02969 0x25a02969 6 6
4 path.c:246 0x25a02969 6
4 path.c:31 0x25a02889 6
4 dynarray.c:112 0x25a025c9 16
4 dynarray.c:113 0x25a02709 24
4 path.c:254 0x25a02e09 24
4 path.c:246 0x25a02b39 6
4 path.c:31 0x25a026e9 6
4 dynarray.c:112 0x25a02659 16
4 dynarray.c:113 0x25a02f39 24
4 path.c:254 0x25a02989 24
2 path.c:128 0x25a02989 24
1 dynarray.c:84 0x25a02939 24
2 dynarray.c:95 0x25a02f39 16
2 path.c:90 0x25a026e9 6
2 path.c:90 0x25a02b39 7
1 path.c:143 0x25a029b9 13
2 path.c:178 0x25a02e09 24
1 dynarray.c:84 0x25a02659 24
2 dynarray.c:95 0x25a02709 16
2 path.c:191 0x25a02889 13
2 path.c:205 0x25a026c9 6
3 path.c:223 0x25a02889 0x25a02889 13 6
4 path.c:246 0x25a02889 6
4 path.c:31 0x25a026c9 6
4 dynarray.c:112 0x25a02709 16
4 dynarray.c:113 0x25a02659 24
4 path.c:254 0x25a02e09 24
2 path.c:178 0x25a02e09 24
1 dynarray.c:84 0x25a025c9 24
2 dynarray.c:95 0x25a02659 16
2 path.c:191 0x25a026c9 13
2 path.c:205 0x25a02889 6
2 path.c:205 0x25a028a9 7
3 path.c:223 0x25a026c9 0x25a026c9 13 13
4 path.c:246 0x25a026c9 13
4 path.c:31 0x25a02889 6
4 path.c:31 0x25a028a9 7
4 dynarray.c:112 0x25a02659 16
4 dynarray.c:113 0x25a025c9 24
4 path.c:254 0x25a02e09 24
4 path.c:246 0x25a029b9 13
4 path.c:31 0x25a026e9 6
4 path.c:31 0x25a02b39 7
4 dynarray.c:112 0x25a02f39 16
4 dynarray.c:113 0x25a02939 24
4 path.c:254 0x25a02989 24
2 path.c:128 0x25a02989 24
1 dynarray.c:84 0x25a02709 24
2 dynarray.c:95 0x25a02939 16
2 path.c:90 0x25a02b39 6
2 path.c:90 0x25a026e9 8
1 path.c:143 0x25a02969 14
2 path.c:178 0x25a02e09 24
1 dynarray.c:84 0x25a02f39 24
2 dynarray.c:95 0x25a025c9 16
2 path.c:191 0x25a029b9 14
2 path.c:205 0x25a02889 6
3 path.c:223 0x25a029b9 0x25a029b9 14 6
4 path.c:246 0x25a029b9 6
4 path.c:31 0x25a02889 6
4 dynarray.c:112 0x25a025c9 16
4 dynarray.c:113 0x25a02f39 24
4 path.c:254 0x25a02e09 24
2 path.c:178 0x25a02e09 24
1 dynarray.c:84 0x25a02659 24
2 dynarray.c:95 0x25a02f39 16
2 path.c:191 0x25a02889 14
2 path.c:205 0x25a029b9 6
2 path.c:205 0x25a026c9 8
3 path.c:223 0x25a02889 0x25a02889 14 14
4 path.c:246 0x25a02889 14
4 path.c:31 0x25a029b9 6
4 path.c:31 0x25a026c9 8
4 dynarray.c:112 0x25a02f39 16
4 dynarray.c:113 0x25a02659 24
4 path.c:254 0x25a02e09 24
4 path.c:246 0x25a02969 14
4 path.c:31 0x25a02b39 6
4 path.c:31 0x25a026e9 8
4 dynarray.c:112 0x25a02939 16
4 dynarray.c:113 0x25a02709 24
4 path.c:254 0x25a02989 24
2 path.c:128 0x25a02989 24
1 dynarray.c:84 0x25a025c9 24
2 dynarray.c:95 0x25a02709 16
2 path.c:90 0x25a026e9 6
2 path.c:90 0x25a02b39 7
1 path.c:143 0x25a028a9 13
2 path.c:178 0x25a02e09 24
1 dynarray.c:84 0x25a02939 24
2 dynarray.c:95 0x25a02659 16
2 path.c:191 0x25a02969 13
2 path.c:205 0x25a029b9 6
3 path.c:223 0x25a02969 0x25a02969 13 6
4 path.c:246 0x25a02969 6
4 path.c:31 0x25a029b9 6
4 dynarray.c:112 0x25a02659 16
4 dynarray.c:113 0x25a02939 24
4 path.c:254 0x25a02e09 24
2 path.c:178 0x25a02e09 24
1 dynarray.c:84 0x25a02f39 24
2 dynarray.c:95 0x25a02939 16
2 path.c:191 0x25a029b9 13
2 path.c:205 0x25a02969 6
2 path.c:205 0x25a02889 7
3 path.c:223 0x25a029b9 0x25a029b9 13 13
4 path.c:246 0x25a029b9 13
4 path.c:31 0x25a02969 6
4 path.c:31 0x25a02889 7
4 dynarray.c:112 0x25a02939 16
4 dynarray.c:113 0x25a02f39 24
4 path.c:254 0x25a02e09 24
4 path.c:246 0x25a028a9 13
4 path.c:31 0x25a026e9 6
4 path.c:31 0x25a02b39 7
4 dynarray.c:112 0x25a02709 16
4 dynarray.c:113 0x25a025c9 24
4 path.c:254 0x25a02989 24
2 path.c:128 0x25a02989 24
1 dynarray.c:84 0x25a02659 24
2 dynarray.c:95 0x25a025c9 16
2 path.c:90 0x25a02b39 6
2 path.c:90 0x25a026e9 4
1 path.c:143 0x25a026c9 10
2 path.c:178 0x25a02e09 24
1 dynarray.c:84 0x25a02709 24
2 dynarray.c:95 0x25a02f39 16
2 path.c:191 0x25a028a9 10
2 path.c:205 0x25a02969 6
3 path.c:223 0x25a028a9 0x25a028a9 10 6
4 path.c:246 0x25a028a9 6
4 path.c:31 0x25a02969 6
4 dynarray.c:112 0x25a02f39 16
4 dynarray.c:113 0x25a02709 24
4 path.c:254 0x25a02e09 24
2 path.c:178 0x25a02e09 24
1 dynarray.c:84 0x25a02939 24
2 dynarray.c:95 0x25a02709 16
2 path.c:191 0x25a02969 10
2 path.c:205 0x25a028a9 6
2 path.c:205 0x25a029b9 4
3 path.c:223 0x25a02969 0x25a02969 10 10
4 path.c:246 0x25a02969 10
4 path.c:31 0x25a028a9 6
4 path.c:31 0x25a029b9 4
4 dynarray.c:112 0x25a02709 16
4 dynarray.c:113 0x25a02939 24
4 path.c:254 0x25a02e09 24
4 path.c:246 0x25a026c9 10
4 path.c:31 0x25a02b39 6
4 path.c:31 0x25a026e9 4
4 dynarray.c:112 0x25a025c9 16
4 dynarray.c:113 0x25a02659 24
4 path.c:254 0x25a02989 24
2 path.c:128 0x25a02989 24
1 dynarray.c:84 0x25a02f39 24
2 dynarray.c:95 0x25a02659 16
2 path.c:90 0x25a026e9 6
2 path.c:90 0x25a02b39 4
2 path.c:90 0x25a026c9 5
3 dynarray.c:69 0x25a02f69 0x25a02659 16 32
1 path.c:143 0x25a025c9 15
2 path.c:178 0x25a02659 24
1 dynarray.c:84 0x25a02e09 24
2 dynarray.c:95 0x25a02939 16
2 path.c:191 0x25a02b09 15
2 path.c:205 0x25a029b9 6
3 path.c:223 0x25a02b09 0x25a02b09 15 6
4 path.c:246 0x25a02b09 6
4 path.c:31 0x25a029b9 6
4 dynarray.c:112 0x25a02939 16
4 dynarray.c:113 0x25a02e09 24
4 path.c:254 0x25a02659 24
2 path.c:178 0x25a02659 24
1 dynarray.c:84 0x25a02709 24
2 dynarray.c:95 0x25a02e09 16
2 path.c:191 0x25a02b09 15
2 path.c:205 0x25a029b9 6
2 path.c:205 0x25a028a9 4
3 path.c:223 0x25a02b09 0x25a02b09 15 10
4 path.c:246 0x25a02b09 10
4 path.c:31 0x25a029b9 6
4 path.c:31 0x25a028a9 4
4 dynarray.c:112 0x25a02e09 16
4 dynarray.c:113 0x25a02709 24
4 path.c:254 0x25a02659 24
4 path.c:246 0x25a025c9 15
4 path.c:31 0x25a026e9 6
4 path.c:31 0x25a02b39 4
4 path.c:31 0x25a026c9 5
4 dynarray.c:112 0x25a02f69 32
4 dynarray.c:113 0x25a02f39 24
4 path.c:254 0x25a02989 24
2 path.c:128 0x25a02989 24
1 dynarray.c:84 0x25a02939 24
2 dynarray.c:95 0x25a02f39 16
2 path.c:90 0x25a026c9 6
2 path.c:90 0x25a02b39 4
2 path.c:90 0x25a026e9 5
3 dynarray.c:69 0x25a02fa9 0x25a02f39 16 32
2 path.c:90 0x25a028a9 7
1 path.c:143 0x25a025c9 22
2 path.c:178 0x25a02f39 24
1 dynarray.c:84 0x25a02659 24
2 dynarray.c:95 0x25a02709 16
2 path.c:191 0x25a02b09 22
2 path.c:205 0x25a029b9 6
3 path.c:223 0x25a02b09 0x25a02b09 22 6
4 path.c:246 0x25a02b09 6
4 path.c:31 0x25a029b9 6
4 dynarray.c:112 0x25a02709 16
4 dynarray.c:113 0x25a02659 24
4 path.c:254 0x25a02f39 24
2 path.c:178 0x25a02f39 24
1 dynarray.c:84 0x25a02e09 24
2 dynarray.c:95 0x25a02659 16
2 path.c:191 0x25a02b09 22
2 path.c:205 0x25a029b9 6
2 path.c:205 0x25a02969 4
3 path.c:223 0x25a02b09 0x25a02b09 22 10
4 path.c:246 0x25a02b09 10
4 path.c:31 0x25a029b9 6
4 path.c:31 0x25a02969 4
4 dynarray.c:112 0x25a02659 16
4 dynarray.c:113 0x25a02e09 24
4 path.c:254 0x25a02f39 24
4 path.c:246 0x25a025c9 22
4 path.c:31 0x25a026c9 6
4 path.c:31 0x25a02b39 4
4 path.c:31 0x25a026e9 5
4 path.c:31 0x25a028a9 7
4 dynarray.c:112 0x25a02fa9 32
4 dynarray.c:113 0x25a02939 24
4 path.c:254 0x25a02989 24
1 dynarray.c:84 0x25a02709 24
2 dynarray.c:95 0x25a02fe9 32
1 bdtBad4.c:663 0x25a03029 55
4 dynarray.c:112 0x25a02fe9 32
4 dynarray.c:113 0x25a02709 24
6 bdt_client.c:82 0x25a03029
4 bdt_client.c:82 0x25a03029 55
2 path.c:128 0x25a02989 24
1 dynarray.c:84 0x25a02709 24
2 dynarray.c:95 0x25a02939 16
2 path.c:90 0x25a028a9 6
2 path.c:90 0x25a026e9 7
2 path.c:90 0x25a02b39 12
3 dynarray.c:69 0x25a03079 0x25a02939 16 32
1 path.c:143 0x25a025c9 25
2 path.c:178 0x25a02939 24
1 dynarray.c:84 0x25a02f39 24
2 dynarray.c:95 0x25a02e09 16
2 path.c:191 0x25a02b09 25
2 path.c:205 0x25a026c9 6
3 path.c:223 0x25a02b09 0x25a02b09 25 6
4 path.c:246 0x25a02b09 6
4 path.c:31 0x25a026c9 6
4 dynarray.c:112 0x25a02e09 16
4 dynarray.c:113 0x25a02f39 24
4 path.c:254 0x25a02939 24
2 path.c:178 0x25a02939 24
1 dynarray.c:84 0x25a02659 24
2 dynarray.c:95 0x25a02f39 16
2 path.c:191 0x25a02b09 25
2 path.c:205 0x25a026c9 6
2 path.c:205 0x25a02969 7
3 path.c:223 0x25a02b09 0x25a02b09 25 13
4 path.c:246 0x25a02b09 13
4 path.c:31 0x25a026c9 6
4 path.c:31 0x25a02969 7
4 dynarray.c:112 0x25a02f39 16
4 dynarray.c:113 0x25a02659 24
4 path.c:254 0x25a02939 24
2 path.c:178 0x25a02939 24
1 dynarray.c:84 0x25a02e09 24
2 dynarray.c:95 0x25a02659 24
2 path.c:191 0x25a02b09 25
2 path.c:205 0x25a02969 6
2 path.c:205 0x25a026c9 7
2 path.c:205 0x25a029b9 12
3 path.c:223 0x25a02b09 0x25a02b09 25 25
4 path.c:246 0x25a02b09 25
4 path.c:31 0x25a02969 6
4 path.c:31 0x25a026c9 7
4 path.c:31 0x25a029b9 12
4 dynarray.c:112 0x25a02659 24
4 dynarray.c:113 0x25a02e09 24
4 path.c:254 0x25a02939 24
4 path.c:246 0x25a025c9 25
4 path.c:31 0x25a028a9 6
4 path.c:31 0x25a026e9 7
4 path.c:31 0x25a02b39 12
4 dynarray.c:112 0x25a03079 32
4 dynarray.c:113 0x25a02709 24
4 path.c:254 0x25a02989 24
2 path.c:128 0x25a02989 24
1 dynarray.c:84 0x25a02f39 24
2 dynarray.c:95 0x25a02709 16
2 path.c:90 0x25a02b39 6
2 path.c:90 0x25a026e9 8
2 path.c:90 0x25a028a9 12
3 dynarray.c:69 0x25a03079 0x25a02709 16 32
1 path.c:143 0x25a025c9 26
2 path.c:178 0x25a02709 24
1 dynarray.c:84 0x25a02939 24
2 dynarray.c:95 0x25a02e09 16
2 path.c:191 0x25a02b09 26
2 path.c:205 0x25a029b9 6
3 path.c:223 0x25a02b09 0x25a02b09 26 6
4 path.c:246 0x25a02b09 6
4 path.c:31 0x25a029b9 6
4 dynarray.c:112 0x25a02e09 16
4 dynarray.c:113 0x25a02939 24
4 path.c:254 0x25a02709 24
2 path.c:178 0x25a02709 24
1 dynarray.c:84 0x25a02659 24
2 dynarray.c:95 0x25a02939 16
2 path.c:191 0x25a02b09 26
2 path.c:205 0x25a029b9 6
2 path.c:205 0x25a026c9 8
3 path.c:223 0x25a02b09 0x25a02b09 26 14
4 path.c:246 0x25a02b09 14
4 path.c:31 0x25a029b9 6
4 path.c:31 0x25a026c9 8
4 dynarray.c:112 0x25a02939 16
4 dynarray.c:113 0x25a02659 24
4 path.c:254 0x25a02709 24
2 path.c:178 0x25a02709 24
1 dynarray.c:84 0x25a02e09 24
2 dynarray.c:95 0x25a02659 24
2 path.c:191 0x25a02b09 26
2 path.c:205 0x25a026c9 6
2 path.c:205 0x25a029b9 8
2 path.c:205 0x25a02969 12
3 path.c:223 0x25a02b09 0x25a02b09 26 26
4 path.c:246 0x25a02b09 26
4 path.c:31 0x25a026c9 6
4 path.c:31 0x25a029b9 8
4 path.c:31 0x25a02969 12
4 dynarray.c:112 0x25a02659 24
4 dynarray.c:113 0x25a02e09 24
4 path.c:254 0x25a02709 24
4 path.c:246 0x25a025c9 26
4 path.c:31 0x25a02b39 6
4 path.c:31 0x25a026e9 8
4 path.c:31 0x25a028a9 12
4 dynarray.c:112 0x25a03079 32
4 dynarray.c:113 0x25a02f39 24
4 path.c:254 0x25a02989 24
2 path.c:128 0x25a02989 24
1 dynarray.c:84 0x25a02939 24
2 dynarray.c:95 0x25a02f39 16
2 path.c:90 0x25a028a9 6
2 path.c:90 0x25a026e9 8
2 path.c:90 0x25a02b39 12
3 dynarray.c:69 0x25a03079 0x25a02f39 16 32
1 path.c:143 0x25a025c9 26
2 path.c:178 0x25a02f39 24
1 dynarray.c:84 0x25a02709 24
2 dynarray.c:95 0x25a02e09 16
2 path.c:191 0x25a02b09 26
2 path.c:205 0x25a02969 6
3 path.c:223 0x25a02b09 0x25a02b09 26 6
4 path.c:246 0x25a02b09 6
4 path.c:31 0x25a02969 6
4 dynarray.c:112 0x25a02e09 16
4 dynarray.c:113 0x25a02709 24
4 path.c:254 0x25a02f39 24
2 path.c:178 0x25a02f39 24
1 dynarray.c:84 0x25a02659 24
2 dynarray.c:95 0x25a02709 16
2 path.c:191 0x25a02b09 26
2 path.c:205 0x25a02969 6
2 path.c:205 0x25a029b9 8
3 path.c:223 0x25a02b09 0x25a02b09 26 14
4 path.c:246 0x25a02b09 14
4 path.c:31 0x25a02969 6
4 path.c:31 0x25a029b9 8
4 dynarray.c:112 0x25a02709 16
4 dynarray.c:113 0x25a02659 24
4 path.c:254 0x25a02f39 24
2 path.c:178 0x25a02f39 24
1 dynarray.c:84 0x25a02e09 24
2 dynarray.c:95 0x25a02659 24
2 path.c:191 0x25a02b09 26
2 path.c:205 0x25a029b9 6
2 path.c:205 0x25a02969 8
2 path.c:205 0x25a026c9 12
3 path.c:223 0x25a02b09 0x25a02b09 26 26
4 path.c:246 0x25a02b09 26
4 path.c:31 0x25a029b9 6
4 path.c:31 0x25a02969 8
4 path.c:31 0x25a026c9 12
4 dynarray.c:112 0x25a02659 24
4 dynarray.c:113 0x25a02e09 24
4 path.c:254 0x25a02f39 24
2 path.c:178 0x25a02f39 24
1 dynarray.c:84 0x25a02709 24
2 dynarray.c:95 0x25a02e09 24
2 path.c:191 0x25a02b09 26
2 path.c:205 0x25a026c9 6
2 path.c:205 0x25a02969 8
2 path.c:205 0x25a029b9 12
3 path.c:223 0x25a02b09 0x25a02b09 26 26
1 bdtBad4.c:143 0x25a02fe9 32
2 path.c:178 0x25a02f09 24
1 dynarray.c:84 0x25a02659 24
2 dynarray.c:95 0x25a02629 24
2 path.c:191 0x25a030b9 26
2 path.c:205 0x25a02e69 6
2 path.c:205 0x25a02e89 8
2 path.c:205 0x25a02ea9 12
3 path.c:223 0x25a030b9 0x25a030b9 26 26
4 path.c:246 0x25a02b09 26
4 path.c:31 0x25a026c9 6
4 path.c:31 0x25a02969 8
4 path.c:31 0x25a029b9 12
4 dynarray.c:112 0x25a02e09 24
4 dynarray.c:113 0x25a02709 24
4 path.c:254 0x25a02f39 24
4 path.c:246 0x25a025c9 26
4 path.c:31 0x25a028a9 6
4 path.c:31 0x25a026e9 8
4 path.c:31 0x25a02b39 12
4 dynarray.c:112 0x25a03079 32
4 dynarray.c:113 0x25a02939 24
4 path.c:254 0x25a02989 24
2 path.c:128 0x25a02989 24
1 dynarray.c:84 0x25a02b09 24
2 dynarray.c:95 0x25a02939 16
2 path.c:90 0x25a02b39 6
2 path.c:90 0x25a026e9 7
2 path.c:90 0x25a028a9 12
3 dynarray.c:69 0x25a030e9 0x25a02939 16 32
1 path.c:143 0x25a025c9 25
2 path.c:178 0x25a02939 24
1 dynarray.c:84 0x25a02f39 24
2 dynarray.c:95 0x25a02709 16
2 path.c:191 0x25a03129 25
2 path.c:205 0x25a029b9 6
3 path.c:223 0x25a03129 0x25a03129 25 6
4 path.c:246 0x25a03129 6
4 path.c:31 0x25a029b9 6
4 dynarray.c:112 0x25a02709 16
4 dynarray.c:113 0x25a02f39 24
4 path.c:254 0x25a02939 24
2 path.c:178 0x25a02939 24
1 dynarray.c:84 0x25a02e09 24
2 dynarray.c:95 0x25a02f39 16
2 path.c:191 0x25a03129 25
2 path.c:205 0x25a029b9 6
2 path.c:205 0x25a02969 7
3 path.c:223 0x25a03129 0x25a03129 25 13
4 path.c:246 0x25a03129 13
4 path.c:31 0x25a029b9 6
4 path.c:31 0x25a02969 7
4 dynarray.c:112 0x25a02f39 16
4 dynarray.c:113 0x25a02e09 24
4 path.c:254 0x25a02939 24
2 path.c:178 0x25a02939 24
1 dynarray.c:84 0x25a02709 24
2 dynarray.c:95 0x25a02e09 24
2 path.c:191 0x25a03129 25
2 path.c:205 0x25a02969 6
2 path.c:205 0x25a029b9 7
2 path.c:205 0x25a026c9 12
3 path.c:223 0x25a03129 0x25a03129 25 25
4 path.c:246 0x25a03129 25
4 path.c:31 0x25a02969 6
4 path.c:31 0x25a029b9 7
4 path.c:31 0x25a026c9 12
4 dynarray.c:112 0x25a02e09 24
4 dynarray.c:113 0x25a02709 24
4 path.c:254 0x25a02939 24
4 path.c:246 0x25a025c9 25
4 path.c:31 0x25a02b39 6
4 path.c:31 0x25a026e9 7
4 path.c:31 0x25a028a9 12
4 dynarray.c:112 0x25a030e9 32
4 dynarray.c:113 0x25a02b09 24
4 path.c:254 0x25a02989 24
2 path.c:128 0x25a02989 24
1 dynarray.c:84 0x25a02f39 24
2 dynarray.c:95 0x25a02b09 16
2 path.c:90 0x25a028a9 6
2 path.c:90 0x25a026e9 8
2 path.c:90 0x25a02b39 12
3 dynarray.c:69 0x25a030e9 0x25a02b09 16 32
1 path.c:143 0x25a025c9 26
2 path.c:178 0x25a02b09 24
1 dynarray.c:84 0x25a02939 24
2 dynarray.c:95 0x25a02709 16
2 path.c:191 0x25a03129 26
2 path.c:205 0x25a026c9 6
3 path.c:223 0x25a03129 0x25a03129 26 6
4 path.c:246 0x25a03129 6
4 path.c:31 0x25a026c9 6
4 dynarray.c:112 0x25a02709 16
4 dynarray.c:113 0x25a02939 24
4 path.c:254 0x25a02b09 24
2 path.c:178 0x25a02b09 24
1 dynarray.c:84 0x25a02e09 24
2 dynarray.c:95 0x25a02939 16
2 path.c:191 0x25a03129 26
2 path.c:205 0x25a026c9 6
2 path.c:205 0x25a029b9 8
3 path.c:223 0x25a03129 0x25a03129 26 14
4 path.c:246 0x25a03129 14
4 path.c:31 0x25a026c9 6
4 path.c:31 0x25a029b9 8
4 dynarray.c:112 0x25a02939 16
4 dynarray.c:113 0x25a02e09 24
4 path.c:254 0x25a02b09 24
2 path.c:178 0x25a02b09 24
1 dynarray.c:84 0x25a02709 24
2 dynarray.c:95 0x25a02e09 24
2 path.c:191 0x25a03129 26
2 path.c:205 0x25a029b9 6
2 path.c:205 0x25a026c9 8
2 path.c:205 0x25a02969 12
3 path.c:223 0x25a03129 0x25a03129 26 26
4 path.c:246 0x25a03129 26
4 path.c:31 0x25a029b9 6
4 path.c:31 0x25a026c9 8
4 path.c:31 0x25a02969 12
4 dynarray.c:112 0x25a02e09 24
4 dynarray.c:113 0x25a02709 24
4 path.c:254 0x25a02b09 24
4 path.c:246 0x25a025c9 26
4 path.c:31 0x25a028a9 6
4 path.c:31 0x25a026e9 8
4 path.c:31 0x25a02b39 12
4 dynarray.c:112 0x25a030e9 32
4 dynarray.c:113 0x25a02f39 24
4 path.c:254 0x25a02989 24
2 path.c:128 0x25a02989 24
1 dynarray.c:84 0x25a02939 24
2 dynarray.c:95 0x25a02f39 16
2 path.c:90 0x25a02b39 6
2 path.c:90 0x25a026e9 8
2 path.c:90 0x25a028a9 12
3 dynarray.c:69 0x25a030e9 0x25a02f39 16 32
1 path.c:143 0x25a025c9 26
2 path.c:178 0x25a02f39 24
1 dynarray.c:84 0x25a02b09 24
2 dynarray.c:95 0x25a02709 16
2 path.c:191 0x25a03129 26
2 path.c:205 0x25a02969 6
3 path.c:223 0x25a03129 0x25a03129 26 6
4 path.c:246 0x25a03129 6
4 path.c:31 0x25a02969 6
4 dynarray.c:112 0x25a02709 16
4 dynarray.c:113 0x25a02b09 24
4 path.c:254 0x25a02f39 24
2 path.c:178 0x25a02f39 24
1 dynarray.c:84 0x25a02e09 24
2 dynarray.c:95 0x25a02b09 16
2 path.c:191 0x25a03129 26
2 path.c:205 0x25a02969 6
2 path.c:205 0x25a026c9 8
3 path.c:223 0x25a03129 0x25a03129 26 14
4 path.c:246 0x25a03129 14
4 path.c:31 0x25a02969 6
4 path.c:31 0x25a026c9 8
4 dynarray.c:112 0x25a02b09 16
4 dynarray.c:113 0x25a02e09 24
4 path.c:254 0x25a02f39 24
2 path.c:178 0x25a02f39 24
1 dynarray.c:84 0x25a02709 24
2 dynarray.c:95 0x25a02e09 24
2 path.c:191 0x25a03129 26
2 path.c:205 0x25a026c9 6
2 path.c:205 0x25a02969 8
2 path.c:205 0x25a029b9 12
3 path.c:223 0x25a03129 0x25a03129 26 26
4 path.c:246 0x25a03129 26
4 path.c:31 0x25a026c9 6
4 path.c:31 0x25a02969 8
4 path.c:31 0x25a029b9 12
4 dynarray.c:112 0x25a02e09 24
4 dynarray.c:113 0x25a02709 24
4 path.c:254 0x25a02f39 24
4 path.c:246 0x25a025c9 26
4 path.c:31 0x25a02b39 6
4 path.c:31 0x25a026e9 8
4 path.c:31 0x25a028a9 12
4 dynarray.c:112 0x25a030e9 32
4 dynarray.c:113 0x25a02939 24
4 path.c:254 0x25a02989 24
2 path.c:128 0x25a02989 24
1 dynarray.c:84 0x25a02b09 24
2 dynarray.c:95 0x25a02939 16
2 path.c:90 0x25a028a9 6
2 path.c:90 0x25a026e9 8
2 path.c:90 0x25a02b39 12
3 dynarray.c:69 0x25a030e9 0x25a02939 16 32
2 path.c:90 0x25a029b9 6
1 path.c:143 0x25a03079 32
2 path.c:178 0x25a02939 24
1 dynarray.c:84 0x25a025c9 24
2 dynarray.c:95 0x25a02f39 16
2 path.c:191 0x25a03159 32
2 path.c:205 0x25a02969 6
3 path.c:223 0x25a03159 0x25a03159 32 6
4 path.c:246 0x25a03159 6
4 path.c:31 0x25a02969 6
4 dynarray.c:112 0x25a02f39 16
4 dynarray.c:113 0x25a025c9 24
4 path.c:254 0x25a02939 24
2 path.c:178 0x25a02939 24
1 dynarray.c:84 0x25a02709 24
2 dynarray.c:95 0x25a025c9 16
2 path.c:191 0x25a03199 32
2 path.c:205 0x25a02969 6
2 path.c:205 0x25a03159 8
3 path.c:223 0x25a03199 0x25a03199 32 14
4 path.c:246 0x25a03199 14
4 path.c:31 0x25a02969 6
4 path.c:31 0x25a03159 8
4 dynarray.c:112 0x25a025c9 16
4 dynarray.c:113 0x25a02709 24
4 path.c:254 0x25a02939 24
2 path.c:178 0x25a02939 24
1 dynarray.c:84 0x25a02f39 24
2 dynarray.c:95 0x25a02709 24
2 path.c:191 0x25a031d9 32
2 path.c:205 0x25a03159 6
2 path.c:205 0x25a02969 8
2 path.c:205 0x25a03199 12
3 path.c:223 0x25a031d9 0x25a031d9 32 26
4 path.c:246 0x25a031d9 26
4 path.c:31 0x25a03159 6
4 path.c:31 0x25a02969 8
4 path.c:31 0x25a03199 12
4 dynarray.c:112 0x25a02709 24
4 dynarray.c:113 0x25a02f39 24
4 path.c:254 0x25a02939 24
2 path.c:178 0x25a02939 24
1 dynarray.c:84 0x25a025c9 24
2 dynarray.c:95 0x25a03219 32
2 path.c:191 0x25a03259 32
2 path.c:205 0x25a03199 6
2 path.c:205 0x25a02969 8
2 path.c:205 0x25a03159 12
2 path.c:205 0x25a031b9 6
3 path.c:223 0x25a03259 0x25a03259 32 32
4 path.c:246 0x25a03259 32
4 path.c:31 0x25a03199 6
4 path.c:31 0x25a02969 8
4 path.c:31 0x25a03159 12
4 path.c:31 0x25a031b9 6
4 dynarray.c:112 0x25a03219 32
4 dynarray.c:113 0x25a025c9 24
4 path.c:254 0x25a02939 24
2 path.c:178 0x25a02939 24
1 dynarray.c:84 0x25a025c9 24
2 dynarray.c:95 0x25a03219 32
2 path.c:191 0x25a03259 32
2 path.c:205 0x25a031b9 6
2 path.c:205 0x25a03159 8
2 path.c:205 0x25a02969 12
2 path.c:205 0x25a03199 6
3 path.c:223 0x25a03259 0x25a03259 32 32
1 bdtBad4.c:143 0x25a031d9 32
2 path.c:178 0x25a02f39 24
1 dynarray.c:84 0x25a02709 24
2 dynarray.c:95 0x25a03299 32
2 path.c:191 0x25a032d9 32
2 path.c:205 0x25a03179 6
2 path.c:205 0x25a026c9 8
2 path.c:205 0x25a03319 12
2 path.c:205 0x25a03339 6
3 path.c:223 0x25a032d9 0x25a032d9 32 32
4 path.c:246 0x25a03259 32
4 path.c:31 0x25a031b9 6
4 path.c:31 0x25a03159 8
4 path.c:31 0x25a02969 12
4 path.c:31 0x25a03199 6
4 dynarray.c:112 0x25a03219 32
4 dynarray.c:113 0x25a025c9 24
4 path.c:254 0x25a02939 24
4 path.c:246 0x25a03079 32
4 path.c:31 0x25a028a9 6
4 path.c:31 0x25a026e9 8
4 path.c:31 0x25a02b39 12
4 path.c:31 0x25a029b9 6
4 dynarray.c:112 0x25a030e9 32
4 dynarray.c:113 0x25a02b09 24
4 path.c:254 0x25a02989 24
2 path.c:128 0x25a02989 24
1 dynarray.c:84 0x25a025c9 24
2 dynarray.c:95 0x25a02b09 16
2 path.c:90 0x25a029b9 6
2 path.c:90 0x25a02b39 8
2 path.c:90 0x25a026e9 12
3 dynarray.c:69 0x25a030e9 0x25a02b09 16 32
2 path.c:90 0x25a028a9 6
1 path.c:143 0x25a03259 32
2 path.c:178 0x25a02b09 24
1 dynarray.c:84 0x25a02939 24
2 dynarray.c:95 0x25a02e09 16
2 path.c:191 0x25a03079 32
2 path.c:205 0x25a03199 6
3 path.c:223 0x25a03079 0x25a03079 32 6
4 path.c:246 0x25a03079 6
4 path.c:31 0x25a03199 6
4 dynarray.c:112 0x25a02e09 16
4 dynarray.c:113 0x25a02939 24
4 path.c:254 0x25a02b09 24
2 path.c:178 0x25a02b09 24
1 dynarray.c:84 0x25a03129 24
2 dynarray.c:95 0x25a02939 16
2 path.c:191 0x25a03359 32
2 path.c:205 0x25a03199 6
2 path.c:205 0x25a03079 8
3 path.c:223 0x25a03359 0x25a03359 32 14
4 path.c:246 0x25a03359 14
4 path.c:31 0x25a03199 6
4 path.c:31 0x25a03079 8
4 dynarray.c:112 0x25a02939 16
4 dynarray.c:113 0x25a03129 24
4 path.c:254 0x25a02b09 24
2 path.c:178 0x25a02b09 24
1 dynarray.c:84 0x25a02e09 24
2 dynarray.c:95 0x25a03129 24
2 path.c:191 0x25a03399 32
2 path.c:205 0x25a03079 6
2 path.c:205 0x25a03199 8
2 path.c:205 0x25a03359 12
3 path.c:223 0x25a03399 0x25a03399 32 26
4 path.c:246 0x25a03399 26
4 path.c:31 0x25a03079 6
4 path.c:31 0x25a03199 8
4 path.c:31 0x25a03359 12
4 dynarray.c:112 0x25a03129 24
4 dynarray.c:113 0x25a02e09 24
4 path.c:254 0x25a02b09 24
2 path.c:178 0x25a02b09 24
1 dynarray.c:84 0x25a02939 24
2 dynarray.c:95 0x25a03399 32
2 path.c:191 0x25a033d9 32
2 path.c:205 0x25a03359 6
2 path.c:205 0x25a03199 8
2 path.c:205 0x25a03079 12
2 path.c:205 0x25a03379 6
3 path.c:223 0x25a033d9 0x25a033d9 32 32
4 path.c:246 0x25a033d9 32
4 path.c:31 0x25a03359 6
4 path.c:31 0x25a03199 8
4 path.c:31 0x25a03079 12
4 path.c:31 0x25a03379 6
4 dynarray.c:112 0x25a03399 32
4 dynarray.c:113 0x25a02939 24
4 path.c:254 0x25a02b09 24
4 path.c:246 0x25a03259 32
4 path.c:31 0x25a029b9 6
4 path.c:31 0x25a02b39 8
4 path.c:31 0x25a026e9 12
4 path.c:31 0x25a028a9 6
4 dynarray.c:112 0x25a030e9 32
4 dynarray.c:113 0x25a025c9 24
4 path.c:254 0x25a02989 24
1 dynarray.c:84 0x25a02939 24
2 dynarray.c:95 0x25a03419 48
1 bdtBad4.c:663 0x25a03469 111
4 dynarray.c:112 0x25a03419 48
4 dynarray.c:113 0x25a02939 24
6 bdt_client.c:96 0x25a03469
4 bdt_client.c:96 0x25a03469 111
2 path.c:128 0x25a02989 24
1 dynarray.c:84 0x25a02939 24
2 dynarray.c:95 0x25a025c9 16
2 path.c:90 0x25a028a9 6
2 path.c:90 0x25a026e9 8
2 path.c:90 0x25a02b39 12
3 dynarray.c:69 0x25a030e9 0x25a025c9 16 32
2 path.c:90 0x25a029b9 6
1 path.c:143 0x25a03219 32
2 path.c:178 0x25a025c9 24
1 dynarray.c:84 0x25a02b09 24
2 dynarray.c:95 0x25a02e09 16
2 path.c:191 0x25a03259 32
2 path.c:205 0x25a03379 6
3 path.c:223 0x25a03259 0x25a03259 32 6
4 path.c:246 0x25a03259 6
4 path.c:31 0x25a03379 6
4 dynarray.c:112 0x25a02e09 16
4 dynarray.c:113 0x25a02b09 24
4 path.c:254 0x25a025c9 24
2 path.c:178 0x25a025c9 24
1 dynarray.c:84 0x25a03129 24
2 dynarray.c:95 0x25a02b09 16
2 path.c:191 0x25a033d9 32
2 path.c:205 0x25a03379 6
2 path.c:205 0x25a03259 8
3 path.c:223 0x25a033d9 0x25a033d9 32 14
4 path.c:246 0x25a033d9 14
4 path.c:31 0x25a03379 6
4 path.c:31 0x25a03259 8
4 dynarray.c:112 0x25a02b09 16
4 dynarray.c:113 0x25a03129 24
4 path.c:254 0x25a025c9 24
2 path.c:178 0x25a025c9 24
1 dynarray.c:84 0x25a02e09 24
2 dynarray.c:95 0x25a03129 24
2 path.c:191 0x25a034f9 32
2 path.c:205 0x25a03259 6
2 path.c:205 0x25a03379 8
2 path.c:205 0x25a033d9 12
3 path.c:223 0x25a034f9 0x25a034f9 32 26
4 path.c:246 0x25a034f9 26
4 path.c:31 0x25a03259 6
4 path.c:31 0x25a03379 8
4 path.c:31 0x25a033d9 12
4 dynarray.c:112 0x25a03129 24
4 dynarray.c:113 0x25a02e09 24
4 path.c:254 0x25a025c9 24
2 path.c:178 0x25a025c9 24
1 dynarray.c:84 0x25a02b09 24
2 dynarray.c:95 0x25a034f9 32
2 path.c:191 0x25a03539 32
2 path.c:205 0x25a033d9 6
2 path.c:205 0x25a03379 8
2 path.c:205 0x25a03259 12
2 path.c:205 0x25a033f9 6
3 path.c:223 0x25a03539 0x25a03539 32 32
4 path.c:246 0x25a03539 32
4 path.c:31 0x25a033d9 6
4 path.c:31 0x25a03379 8
4 path.c:31 0x25a03259 12
4 path.c:31 0x25a033f9 6
4 dynarray.c:112 0x25a034f9 32
4 dynarray.c:113 0x25a02b09 24
4 path.c:254 0x25a025c9 24
4 path.c:246 0x25a03219 32
4 path.c:31 0x25a028a9 6
4 path.c:31 0x25a026e9 8
4 path.c:31 0x25a02b39 12
4 path.c:31 0x25a029b9 6
4 dynarray.c:112 0x25a030e9 32
4 dynarray.c:113 0x25a02939 24
4 path.c:254 0x25a02989 24
2 path.c:128 0x25a02989 24
1 dynarray.c:84 0x25a02b09 24
2 dynarray.c:95 0x25a02939 16
2 path.c:90 0x25a029b9 6
2 path.c:90 0x25a02b39 8
2 path.c:90 0x25a026e9 8
3 dynarray.c:69 0x25a030e9 0x25a02939 16 32
1 path.c:143 0x25a025c9 22
2 path.c:178 0x25a02939 24
1 dynarray.c:84 0x25a02e09 24
2 dynarray.c:95 0x25a03129 16
2 path.c:191 0x25a03579 22
2 path.c:205 0x25a028a9 6
3 path.c:223 0x25a03579 0x25a03579 22 6
4 path.c:246 0x25a03579 6
4 path.c:31 0x25a028a9 6
4 dynarray.c:112 0x25a03129 16
4 dynarray.c:113 0x25a02e09 24
4 path.c:254 0x25a02939 24
2 path.c:178 0x25a02939 24
1 dynarray.c:84 0x25a03579 24
2 dynarray.c:95 0x25a02e09 16
2 path.c:191 0x25a035a9 22
2 path.c:205 0x25a028a9 6
2 path.c:205 0x25a033f9 8
3 path.c:223 0x25a035a9 0x25a035a9 22 14
4 path.c:246 0x25a035a9 14
4 path.c:31 0x25a028a9 6
4 path.c:31 0x25a033f9 8
4 dynarray.c:112 0x25a02e09 16
4 dynarray.c:113 0x25a03579 24
4 path.c:254 0x25a02939 24
2 path.c:178 0x25a02939 24
1 dynarray.c:84 0x25a03129 24
2 dynarray.c:95 0x25a03579 24
2 path.c:191 0x25a035a9 22
2 path.c:205 0x25a033f9 6
2 path.c:205 0x25a028a9 8
2 path.c:205 0x25a03259 8
3 path.c:223 0x25a035a9 0x25a035a9 22 22
4 path.c:246 0x25a035a9 22
4 path.c:31 0x25a033f9 6
4 path.c:31 0x25a028a9 8
4 path.c:31 0x25a03259 8
4 dynarray.c:112 0x25a03579 24
4 dynarray.c:113 0x25a03129 24
4 path.c:254 0x25a02939 24
4 path.c:246 0x25a025c9 22
4 path.c:31 0x25a029b9 6
4 path.c:31 0x25a02b39 8
4 path.c:31 0x25a026e9 8
4 dynarray.c:112 0x25a030e9 32
4 dynarray.c:113 0x25a02b09 24
4 path.c:254 0x25a02989 24
2 path.c:128 0x25a02989 24
1 dynarray.c:84 0x25a02e09 24
2 dynarray.c:95 0x25a02b09 16
2 path.c:90 0x25a026e9 6
2 path.c:90 0x25a02b39 8
2 path.c:90 0x25a029b9 8
3 dynarray.c:69 0x25a030e9 0x25a02b09 16 32
1 path.c:143 0x25a025c9 22
2 path.c:178 0x25a02b09 24
1 dynarray.c:84 0x25a02939 24
2 dynarray.c:95 0x25a03129 16
2 path.c:191 0x25a035a9 22
2 path.c:205 0x25a03259 6
3 path.c:223 0x25a035a9 0x25a035a9 22 6
4 path.c:246 0x25a035a9 6
4 path.c:31 0x25a03259 6
4 dynarray.c:112 0x25a03129 16
4 dynarray.c:113 0x25a02939 24
4 path.c:254 0x25a02b09 24
2 path.c:178 0x25a02b09 24
1 dynarray.c:84 0x25a03579 24
2 dynarray.c:95 0x25a02939 16
2 path.c:191 0x25a035a9 22
2 path.c:205 0x25a03259 6
2 path.c:205 0x25a028a9 8
3 path.c:223 0x25a035a9 0x25a035a9 22 14
4 path.c:246 0x25a035a9 14
4 path.c:31 0x25a03259 6
4 path.c:31 0x25a028a9 8
4 dynarray.c:112 0x25a02939 16
4 dynarray.c:113 0x25a03579 24
4 path.c:254 0x25a02b09 24
2 path.c:178 0x25a02b09 24
1 dynarray.c:84 0x25a03129 24
2 dynarray.c:95 0x25a03579 24
2 path.c:191 0x25a035a9 22
2 path.c:205 0x25a028a9 6
2 path.c:205 0x25a03259 8
2 path.c:205 0x25a033f9 8
3 path.c:223 0x25a035a9 0x25a035a9 22 22
4 path.c:246 0x25a035a9 22
4 path.c:31 0x25a028a9 6
4 path.c:31 0x25a03259 8
4 path.c:31 0x25a033f9 8
4 dynarray.c:112 0x25a03579 24
4 dynarray.c:113 0x25a03129 24
4 path.c:254 0x25a02b09 24
4 path.c:246 0x25a025c9 22
4 path.c:31 0x25a026e9 6
4 path.c:31 0x25a02b39 8
4 path.c:31 0x25a029b9 8
4 dynarray.c:112 0x25a030e9 32
4 dynarray.c:113 0x25a02e09 24
4 path.c:254 0x25a02989 24
2 path.c:128 0x25a02989 24
1 dynarray.c:84 0x25a02939 24
2 dynarray.c:95 0x25a02e09 16
2 path.c:90 0x25a029b9 6
2 path.c:90 0x25a02b39 8
2 path.c:90 0x25a026e9 8
3 dynarray.c:69 0x25a030e9 0x25a02e09 16 32
1 path.c:143 0x25a025c9 22
2 path.c:178 0x25a02e09 24
1 dynarray.c:84 0x25a02b09 24
2 dynarray.c:95 0x25a03129 16
2 path.c:191 0x25a035a9 22
2 path.c:205 0x25a033f9 6
3 path.c:223 0x25a035a9 0x25a035a9 22 6
4 path.c:246 0x25a035a9 6
4 path.c:31 0x25a033f9 6
4 dynarray.c:112 0x25a03129 16
4 dynarray.c:113 0x25a02b09 24
4 path.c:254 0x25a02e09 24
2 path.c:178 0x25a02e09 24
1 dynarray.c:84 0x25a03579 24
2 dynarray.c:95 0x25a02b09 16
2 path.c:191 0x25a035a9 22
2 path.c:205 0x25a033f9 6
2 path.c:205 0x25a03259 8
3 path.c:223 0x25a035a9 0x25a035a9 22 14
4 path.c:246 0x25a035a9 14
4 path.c:31 0x25a033f9 6
4 path.c:31 0x25a03259 8
4 dynarray.c:112 0x25a02b09 16
4 dynarray.c:113 0x25a03579 24
4 path.c:254 0x25a02e09 24
2 path.c:178 0x25a02e09 24
1 dynarray.c:84 0x25a03129 24
2 dynarray.c:95 0x25a03579 24
2 path.c:191 0x25a035a9 22
2 path.c:205 0x25a03259 6
2 path.c:205 0x25a033f9 8
2 path.c:205 0x25a028a9 8
3 path.c:223 0x25a035a9 0x25a035a9 22 22
4 path.c:246 0x25a035a9 22
4 path.c:31 0x25a03259 6
4 path.c:31 0x25a033f9 8
4 path.c:31 0x25a028a9 8
4 dynarray.c:112 0x25a03579 24
4 dynarray.c:113 0x25a03129 24
4 path.c:254 0x25a02e09 24
4 path.c:246 0x25a025c9 22
4 path.c:31 0x25a029b9 6
4 path.c:31 0x25a02b39 8
4 path.c:31 0x25a026e9 8
4 dynarray.c:112 0x25a030e9 32
4 dynarray.c:113 0x25a02939 24
4 path.c:254 0x25a02989 24
2 path.c:128 0x25a02989 24
1 dynarray.c:84 0x25a02b09 24
2 dynarray.c:95 0x25a02939 16
2 path.c:90 0x25a026e9 6
2 path.c:90 0x25a02b39 8
1 path.c:143 0x25a02889 14
2 path.c:178 0x25a02e09 24
1 dynarray.c:84 0x25a025c9 24
2 dynarray.c:95 0x25a03129 16
2 path.c:191 0x25a029b9 14
2 path.c:205 0x25a033f9 6
3 path.c:223 0x25a029b9 0x25a029b9 14 6
4 path.c:246 0x25a029b9 6
4 path.c:31 0x25a033f9 6
4 dynarray.c:112 0x25a03129 16
4 dynarray.c:113 0x25a025c9 24
4 path.c:254 0x25a02e09 24
2 path.c:178 0x25a02e09 24
1 dynarray.c:84 0x25a03579 24
2 dynarray.c:95 0x25a025c9 16
2 path.c:191 0x25a033f9 14
2 path.c:205 0x25a029b9 6
2 path.c:205 0x25a03259 8
3 path.c:223 0x25a033f9 0x25a033f9 14 14
4 path.c:246 0x25a033f9 14
4 path.c:31 0x25a029b9 6
4 path.c:31 0x25a03259 8
4 dynarray.c:112 0x25a025c9 16
4 dynarray.c:113 0x25a03579 24
4 path.c:254 0x25a02e09 24
4 path.c:246 0x25a02889 14
4 path.c:31 0x25a026e9 6
4 path.c:31 0x25a02b39 8
4 dynarray.c:112 0x25a02939 16
4 dynarray.c:113 0x25a02b09 24
4 path.c:254 0x25a02989 24
4 path.c:246 0x25a032d9 32
4 path.c:31 0x25a03179 6
4 path.c:31 0x25a026c9 8
4 path.c:31 0x25a03319 12
4 path.c:31 0x25a03339 6
4 dynarray.c:112 0x25a03299 32
4 dynarray.c:113 0x25a02709 24
4 path.c:254 0x25a02f39 24
4 bdtBad4.c:263 0x25a031d9 32
4 path.c:246 0x25a030b9 26
4 path.c:31 0x25a02e69 6
4 path.c:31 0x25a02e89 8
4 path.c:31 0x25a02ea9 12
4 dynarray.c:112 0x25a02629 24
4 dynarray.c:113 0x25a02659 24
4 path.c:254 0x25a02f09 24
4 bdtBad4.c:263 0x25a02fe9 32
4 path.c:246 0x25a02da9 14
4 path.c:31 0x25a02dc9 6
4 path.c:31 0x25a02de9 8
4 dynarray.c:112 0x25a02d79 16
4 dynarray.c:113 0x25a029d9 24
4 path.c:254 0x25a02cc9 24
4 bdtBad4.c:263 0x25a02d39 32
2 path.c:128 0x25a02cc9 24
1 dynarray.c:84 0x25a03129 24
2 dynarray.c:95 0x25a029d9 16
2 path.c:90 0x25a02de9 6
1 path.c:143 0x25a028a9 6
2 path.c:178 0x25a02f09 24
1 dynarray.c:84 0x25a02d79 24
2 dynarray.c:95 0x25a02659 16
2 path.c:191 0x25a02dc9 6
2 path.c:205 0x25a02ea9 6
3 path.c:223 0x25a02dc9 0x25a02dc9 6 6
4 path.c:246 0x25a02dc9 6
4 path.c:31 0x25a02ea9 6
4 dynarray.c:112 0x25a02659 16
4 dynarray.c:113 0x25a02d79 24
4 path.c:254 0x25a02f09 24
4 path.c:246 0x25a028a9 6
4 path.c:31 0x25a02de9 6
4 dynarray.c:112 0x25a029d9 16
4 dynarray.c:113 0x25a03129 24
4 path.c:254 0x25a02cc9 24
2 path.c:128 0x25a02cc9 24
1 dynarray.c:84 0x25a02629 24
2 dynarray.c:95 0x25a03129 16
2 path.c:90 0x25a02de9 6
2 path.c:90 0x25a028a9 7
1 path.c:143 0x25a02da9 13
2 path.c:178 0x25a02f09 24
1 dynarray.c:84 0x25a029d9 24
2 dynarray.c:95 0x25a02d79 16
2 path.c:191 0x25a02ea9 13
2 path.c:205 0x25a02e89 6
3 path.c:223 0x25a02ea9 0x25a02ea9 13 6
4 path.c:246 0x25a02ea9 6
4 path.c:31 0x25a02e89 6
4 dynarray.c:112 0x25a02d79 16
4 dynarray.c:113 0x25a029d9 24
4 path.c:254 0x25a02f09 24
2 path.c:178 0x25a02f09 24
1 dynarray.c:84 0x25a02659 24
2 dynarray.c:95 0x25a029d9 16
2 path.c:191 0x25a02e89 13
2 path.c:205 0x25a02ea9 6
2 path.c:205 0x25a02e69 7
3 path.c:223 0x25a02e89 0x25a02e89 13 13
4 path.c:246 0x25a02e89 13
4 path.c:31 0x25a02ea9 6
4 path.c:31 0x25a02e69 7
4 dynarray.c:112 0x25a029d9 16
4 dynarray.c:113 0x25a02659 24
4 path.c:254 0x25a02f09 24
4 path.c:246 0x25a02da9 13
4 path.c:31 0x25a02de9 6
4 path.c:31 0x25a028a9 7
4 dynarray.c:112 0x25a03129 16
4 dynarray.c:113 0x25a02629 24
4 path.c:254 0x25a02cc9 24
2 path.c:128 0x25a02cc9 24
1 dynarray.c:84 0x25a02d79 24
2 dynarray.c:95 0x25a02629 16
2 path.c:90 0x25a028a9 6
2 path.c:90 0x25a02de9 8
1 path.c:143 0x25a02dc9 14
2 path.c:178 0x25a02f09 24
1 dynarray.c:84 0x25a03129 24
2 dynarray.c:95 0x25a02659 16
2 path.c:191 0x25a02da9 14
2 path.c:205 0x25a02ea9 6
3 path.c:223 0x25a02da9 0x25a02da9 14 6
4 path.c:246 0x25a02da9 6
4 path.c:31 0x25a02ea9 6
4 dynarray.c:112 0x25a02659 16
4 dynarray.c:113 0x25a03129 24
4 path.c:254 0x25a02f09 24
2 path.c:178 0x25a02f09 24
1 dynarray.c:84 0x25a029d9 24
2 dynarray.c:95 0x25a03129 16
2 path.c:191 0x25a02ea9 14
2 path.c:205 0x25a02da9 6
2 path.c:205 0x25a02e89 8
3 path.c:223 0x25a02ea9 0x25a02ea9 14 14
4 path.c:246 0x25a02ea9 14
4 path.c:31 0x25a02da9 6
4 path.c:31 0x25a02e89 8
4 dynarray.c:112 0x25a03129 16
4 dynarray.c:113 0x25a029d9 24
4 path.c:254 0x25a02f09 24
4 path.c:246 0x25a02dc9 14
4 path.c:31 0x25a028a9 6
4 path.c:31 0x25a02de9 8
4 dynarray.c:112 0x25a02629 16
4 dynarray.c:113 0x25a02d79 24
4 path.c:254 0x25a02cc9 24
2 path.c:128 0x25a02cc9 24
1 dynarray.c:84 0x25a02659 24
2 dynarray.c:95 0x25a02d79 16
2 path.c:90 0x25a02de9 6
2 path.c:90 0x25a028a9 8
2 path.c:90 0x25a02dc9 12
3 dynarray.c:69 0x25a02d39 0x25a02d79 16 32
1 path.c:143 0x25a02629 26
2 path.c:178 0x25a02d79 24
1 dynarray.c:84 0x25a02f09 24
2 dynarray.c:95 0x25a029d9 16
2 path.c:191 0x25a030b9 26
2 path.c:205 0x25a02e89 6
3 path.c:223 0x25a030b9 0x25a030b9 26 6
4 path.c:246 0x25a030b9 6
4 path.c:31 0x25a02e89 6
4 dynarray.c:112 0x25a029d9 16
4 dynarray.c:113 0x25a02f09 24
4 path.c:254 0x25a02d79 24
2 path.c:178 0x25a02d79 24
1 dynarray.c:84 0x25a03129 24
2 dynarray.c:95 0x25a02f09 16
2 path.c:191 0x25a030b9 26
2 path.c:205 0x25a02e89 6
2 path.c:205 0x25a02da9 8
3 path.c:223 0x25a030b9 0x25a030b9 26 14
4 path.c:246 0x25a030b9 14
4 path.c:31 0x25a02e89 6
4 path.c:31 0x25a02da9 8
4 dynarray.c:112 0x25a02f09 16
4 dynarray.c:113 0x25a03129 24
4 path.c:254 0x25a02d79 24
4 path.c:246 0x25a02629 26
4 path.c:31 0x25a02de9 6
4 path.c:31 0x25a028a9 8
4 path.c:31 0x25a02dc9 12
4 dynarray.c:112 0x25a02d39 32
4 dynarray.c:113 0x25a02659 24
4 path.c:254 0x25a02cc9 24
2 path.c:128 0x25a02cc9 24
1 dynarray.c:84 0x25a029d9 24
2 dynarray.c:95 0x25a02659 16
2 path.c:90 0x25a02dc9 6
2 path.c:90 0x25a028a9 8
2 path.c:90 0x25a02de9 12
3 dynarray.c:69 0x25a02d39 0x25a02659 16 32
2 path.c:90 0x25a02da9 6
1 path.c:143 0x25a03399 32
2 path.c:178 0x25a02659 24
1 dynarray.c:84 0x25a02629 24
2 dynarray.c:95 0x25a02d79 16
2 path.c:191 0x25a02fe9 32
2 path.c:205 0x25a02e89 6
3 path.c:223 0x25a02fe9 0x25a02fe9 32 6
4 path.c:246 0x25a02fe9 6
4 path.c:31 0x25a02e89 6
4 dynarray.c:112 0x25a02d79 16
4 dynarray.c:113 0x25a02629 24
4 path.c:254 0x25a02659 24
2 path.c:178 0x25a02659 24
1 dynarray.c:84 0x25a03129 24
2 dynarray.c:95 0x25a02629 16
2 path.c:191 0x25a03299 32
2 path.c:205 0x25a02e89 6
2 path.c:205 0x25a02fe9 8
3 path.c:223 0x25a03299 0x25a03299 32 14
4 path.c:246 0x25a03299 14
4 path.c:31 0x25a02e89 6
4 path.c:31 0x25a02fe9 8
4 dynarray.c:112 0x25a02629 16
4 dynarray.c:113 0x25a03129 24
4 path.c:254 0x25a02659 24
4 path.c:246 0x25a03399 32
4 path.c:31 0x25a02dc9 6
4 path.c:31 0x25a028a9 8
4 path.c:31 0x25a02de9 12
4 path.c:31 0x25a02da9 6
4 dynarray.c:112 0x25a02d39 32
4 dynarray.c:113 0x25a029d9 24
4 path.c:254 0x25a02cc9 24
1 dynarray.c:84 0x25a02d79 24
2 dynarray.c:95 0x25a02cc9 24
1 bdtBad4.c:663 0x25a031d9 42
4 dynarray.c:112 0x25a02cc9 24
4 dynarray.c:113 0x25a02d79 24
6 bdt_client.c:113 0x25a031d9
4 bdt_client.c:113 0x25a031d9 42
2 path.c:128 0x25a02d79 24
1 dynarray.c:84 0x25a029d9 24
2 dynarray.c:95 0x25a02cc9 16
2 path.c:90 0x25a02da9 13
1 path.c:143 0x25a02e69 13
2 path.c:178 0x25a03129 24
1 dynarray.c:84 0x25a02659 24
2 dynarray.c:95 0x25a02629 16
2 path.c:191 0x25a02de9 13
2 path.c:205 0x25a02dc9 13
3 path.c:223 0x25a02de9 0x25a02de9 13 13
4 path.c:246 0x25a02de9 13
4 path.c:31 0x25a02dc9 13
4 dynarray.c:112 0x25a02629 16
4 dynarray.c:113 0x25a02659 24
4 path.c:254 0x25a03129 24
4 path.c:246 0x25a02e69 13
4 path.c:31 0x25a02da9 13
4 dynarray.c:112 0x25a02cc9 16
4 dynarray.c:113 0x25a029d9 24
4 path.c:254 0x25a02d79 24
2 path.c:128 0x25a02d79 24
1 dynarray.c:84 0x25a02f09 24
2 dynarray.c:95 0x25a029d9 16
2 path.c:90 0x25a02da9 6
1 path.c:143 0x25a028a9 6
2 path.c:178 0x25a03129 24
1 dynarray.c:84 0x25a02cc9 24
2 dynarray.c:95 0x25a02659 16
2 path.c:191 0x25a02e69 6
2 path.c:205 0x25a02de9 6
3 path.c:223 0x25a02e69 0x25a02e69 6 6
4 path.c:246 0x25a02e69 6
4 path.c:31 0x25a02de9 6
4 dynarray.c:112 0x25a02659 16
4 dynarray.c:113 0x25a02cc9 24
4 path.c:254 0x25a03129 24
4 path.c:246 0x25a028a9 6
4 path.c:31 0x25a02da9 6
4 dynarray.c:112 0x25a029d9 16
4 dynarray.c:113 0x25a02f09 24
4 path.c:254 0x25a02d79 24
4 path.c:246 0x25a02bf9 25
4 path.c:31 0x25a02c29 6
4 path.c:31 0x25a02c49 7
4 path.c:31 0x25a02c69 12
4 dynarray.c:112 0x25a02bc9 24
4 dynarray.c:113 0x25a02909 24
4 path.c:254 0x25a02b99 24
4 bdtBad4.c:263 0x25a02b59 32
4 path.c:246 0x25a02aa9 13
4 path.c:31 0x25a02ac9 6
4 path.c:31 0x25a02ae9 7
4 dynarray.c:112 0x25a02a79 16
4 dynarray.c:113 0x25a02599 24
4 path.c:254 0x25a02a49 24
4 bdtBad4.c:263 0x25a02a09 32
4 path.c:246 0x25a02849 6
4 path.c:31 0x25a02869 6
4 dynarray.c:112 0x25a02819 16
4 dynarray.c:113 0x25a025f9 24
4 path.c:254 0x25a027e9 24
4 bdtBad4.c:263 0x25a027a9 32
2 path.c:128 0x25a027e9 24
1 dynarray.c:84 0x25a02629 24
2 dynarray.c:95 0x25a025f9 16
2 path.c:90 0x25a02869 6
2 path.c:90 0x25a02849 7
1 path.c:143 0x25a02dc9 13
4 path.c:246 0x25a02dc9 13
4 path.c:31 0x25a02869 6
4 path.c:31 0x25a02849 7
4 dynarray.c:112 0x25a025f9 16
4 dynarray.c:113 0x25a02629 24
4 path.c:254 0x25a027e9 24
2 path.c:128 0x25a027e9 24
1 dynarray.c:84 0x25a02819 24
2 dynarray.c:95 0x25a02629 16
2 path.c:90 0x25a02849 6
1 path.c:143 0x25a02dc9 6
4 path.c:246 0x25a02dc9 6
4 path.c:31 0x25a02849 6
4 dynarray.c:112 0x25a02629 16
4 dynarray.c:113 0x25a02819 24
4 path.c:254 0x25a027e9 24
2 path.c:128 0x25a027e9 24
1 dynarray.c:84 0x25a025f9 24
2 dynarray.c:95 0x25a02819 16
2 path.c:90 0x25a02849 6
1 path.c:143 0x25a02dc9 6
4 path.c:246 0x25a02dc9 6
4 path.c:31 0x25a02849 6
4 dynarray.c:112 0x25a02819 16
4 dynarray.c:113 0x25a025f9 24
4 path.c:254 0x25a027e9 24
2 path.c:128 0x25a027e9 24
1 dynarray.c:84 0x25a02629 24
2 dynarray.c:95 0x25a025f9 16
2 path.c:90 0x25a02849 13
1 path.c:143 0x25a02dc9 13
4 path.c:246 0x25a02dc9 13
4 path.c:31 0x25a02849 13
4 dynarray.c:112 0x25a025f9 16
4 dynarray.c:113 0x25a02629 24
4 path.c:254 0x25a027e9 24
1 dynarray.c:84 0x25a02819 24
2 dynarray.c:95 0x25a027e9 16
1 bdtBad4.c:663 0x25a02dc9 1
4 dynarray.c:112 0x25a027e9 16
4 dynarray.c:113 0x25a02819 24
4 bdt_client.c:124 0x25a02dc9 1
2 path.c:128 0x25a02819 24
1 dynarray.c:84 0x25a02629 24
2 dynarray.c:95 0x25a027e9 16
2 path.c:90 0x25a02849 2
2 path.c:90 0x25a02869 2
1 path.c:143 0x25a02dc9 4
2 path.c:178 0x25a02a49 24
1 dynarray.c:84 0x25a025f9 24
2 dynarray.c:95 0x25a02599 16
2 path.c:191 0x25a02ae9 4
2 path.c:205 0x25a02aa9 2
3 path.c:223 0x25a02ae9 0x25a02ae9 4 2
1 bdtBad4.c:143 0x25a031d9 32
2 path.c:178 0x25a02b99 24
1 dynarray.c:84 0x25a02a79 24
2 dynarray.c:95 0x25a02909 16
2 path.c:191 0x25a02c69 2
2 path.c:205 0x25a02c49 2
3 path.c:223 0x25a02c69 0x25a02c69 2 2
4 path.c:246 0x25a02ae9 2
4 path.c:31 0x25a02aa9 2
4 dynarray.c:112 0x25a02599 16
4 dynarray.c:113 0x25a025f9 24
4 path.c:254 0x25a02a49 24
2 path.c:178 0x25a02a49 24
1 dynarray.c:84 0x25a02bc9 24
2 dynarray.c:95 0x25a025f9 16
2 path.c:191 0x25a02aa9 4
2 path.c:205 0x25a02ae9 2
2 path.c:205 0x25a02c29 2
3 path.c:223 0x25a02aa9 0x25a02aa9 4 4
1 bdtBad4.c:143 0x25a02fa9 32
2 path.c:178 0x25a02bf9 24
1 dynarray.c:84 0x25a02599 24
2 dynarray.c:95 0x25a02d79 16
2 path.c:191 0x25a02da9 4
2 path.c:205 0x25a028a9 2
2 path.c:205 0x25a02de9 2
3 path.c:223 0x25a02da9 0x25a02da9 4 4
4 path.c:246 0x25a02aa9 4
4 path.c:31 0x25a02ae9 2
4 path.c:31 0x25a02c29 2
4 dynarray.c:112 0x25a025f9 16
4 dynarray.c:113 0x25a02bc9 24
4 path.c:254 0x25a02a49 24
4 path.c:246 0x25a02dc9 4
4 path.c:31 0x25a02849 2
4 path.c:31 0x25a02869 2
4 dynarray.c:112 0x25a027e9 16
4 dynarray.c:113 0x25a02629 24
4 path.c:254 0x25a02819 24
1 dynarray.c:84 0x25a02f09 24
2 dynarray.c:95 0x25a02819 16
1 bdtBad4.c:663 0x25a02ac9 5
4 dynarray.c:112 0x25a02819 16
4 dynarray.c:113 0x25a02f09 24
6 bdt_client.c:140 0x25a02ac9
4 bdt_client.c:140 0x25a02ac9 5
2 path.c:128 0x25a02f09 24
1 dynarray.c:84 0x25a02629 24
2 dynarray.c:95 0x25a02819 16
2 path.c:90 0x25a02869 2
2 path.c:90 0x25a02849 2
1 path.c:143 0x25a02ac9 4
2 path.c:178 0x25a02a49 24
1 dynarray.c:84 0x25a027e9 24
2 dynarray.c:95 0x25a02bc9 16
2 path.c:191 0x25a02dc9 4
2 path.c:205 0x25a02ae9 2
3 path.c:223 0x25a02dc9 0x25a02dc9 4 2
4 path.c:246 0x25a02dc9 2
4 path.c:31 0x25a02ae9 2
4 dynarray.c:112 0x25a02bc9 16
4 dynarray.c:113 0x25a027e9 24
4 path.c:254 0x25a02a49 24
2 path.c:178 0x25a02a49 24
1 dynarray.c:84 0x25a025f9 24
2 dynarray.c:95 0x25a027e9 16
2 path.c:191 0x25a02ae9 4
2 path.c:205 0x25a02dc9 2
2 path.c:205 0x25a02aa9 2
3 path.c:223 0x25a02ae9 0x25a02ae9 4 4
4 path.c:246 0x25a02ae9 4
4 path.c:31 0x25a02dc9 2
4 path.c:31 0x25a02aa9 2
4 dynarray.c:112 0x25a027e9 16
4 dynarray.c:113 0x25a025f9 24
4 path.c:254 0x25a02a49 24
2 path.c:178 0x25a02a49 24
1 dynarray.c:84 0x25a02bc9 24
2 dynarray.c:95 0x25a025f9 16
2 path.c:191 0x25a02aa9 4
2 path.c:205 0x25a02dc9 2
2 path.c:205 0x25a02ae9 2
3 path.c:223 0x25a02aa9 0x25a02aa9 4 4
1 bdtBad4.c:143 0x25a02f69 32
2 path.c:178 0x25a029d9 24
1 dynarray.c:84 0x25a027e9 24
2 dynarray.c:95 0x25a03129 16
2 path.c:191 0x25a02e69 4
2 path.c:205 0x25a02fe9 2
2 path.c:205 0x25a02e89 2
3 path.c:223 0x25a02e69 0x25a02e69 4 4
4 path.c:246 0x25a02aa9 4
4 path.c:31 0x25a02dc9 2
4 path.c:31 0x25a02ae9 2
4 dynarray.c:112 0x25a025f9 16
4 dynarray.c:113 0x25a02bc9 24
4 path.c:254 0x25a02a49 24
4 path.c:246 0x25a02ac9 4
4 path.c:31 0x25a02869 2
4 path.c:31 0x25a02849 2
4 dynarray.c:112 0x25a02819 16
4 dynarray.c:113 0x25a02629 24
4 path.c:254 0x25a02f09 24
1 dynarray.c:84 0x25a02cc9 24
2 dynarray.c:95 0x25a02f09 24
1 bdtBad4.c:663 0x25a02c29 8
4 dynarray.c:112 0x25a02f09 24
4 dynarray.c:113 0x25a02cc9 24
6 bdt_client.c:145 0x25a02c29
4 bdt_client.c:145 0x25a02c29 8
2 path.c:128 0x25a02cc9 24
1 dynarray.c:84 0x25a02629 24
2 dynarray.c:95 0x25a02f09 16
2 path.c:90 0x25a02849 2
2 path.c:90 0x25a02869 2
1 path.c:143 0x25a02c29 4
2 path.c:178 0x25a02a49 24
1 dynarray.c:84 0x25a02819 24
2 dynarray.c:95 0x25a02bc9 16
2 path.c:191 0x25a02ac9 4
2 path.c:205 0x25a02dc9 2
3 path.c:223 0x25a02ac9 0x25a02ac9 4 2
4 path.c:246 0x25a02ac9 2
4 path.c:31 0x25a02dc9 2
4 dynarray.c:112 0x25a02bc9 16
4 dynarray.c:113 0x25a02819 24
4 path.c:254 0x25a02a49 24
2 path.c:178 0x25a02a49 24
1 dynarray.c:84 0x25a025f9 24
2 dynarray.c:95 0x25a02819 16
2 path.c:191 0x25a02dc9 4
2 path.c:205 0x25a02ac9 2
2 path.c:205 0x25a02aa9 2
3 path.c:223 0x25a02dc9 0x25a02dc9 4 4
4 path.c:246 0x25a02dc9 4
4 path.c:31 0x25a02ac9 2
4 path.c:31 0x25a02aa9 2
4 dynarray.c:112 0x25a02819 16
4 dynarray.c:113 0x25a025f9 24
4 path.c:254 0x25a02a49 24
4 path.c:246 0x25a02c29 4
4 path.c:31 0x25a02849 2
4 path.c:31 0x25a02869 2
4 dynarray.c:112 0x25a02f09 16
4 dynarray.c:113 0x25a02629 24
4 path.c:254 0x25a02cc9 24
4 path.c:246 0x25a02da9 4
4 path.c:31 0x25a028a9 2
4 path.c:31 0x25a02de9 2
4 dynarray.c:112 0x25a02d79 16
4 dynarray.c:113 0x25a02599 24
4 path.c:254 0x25a02bf9 24
4 bdtBad4.c:263 0x25a02fa9 32
1 dynarray.c:84 0x25a02bc9 24
2 dynarray.c:95 0x25a02bf9 16
1 bdtBad4.c:663 0x25a02ae9 5
4 dynarray.c:112 0x25a02bf9 16
4 dynarray.c:113 0x25a02bc9 24
6 bdt_client.c:154 0x25a02ae9
4 bdt_client.c:154 0x25a02ae9 5
2 path.c:128 0x25a02bc9 24
1 dynarray.c:84 0x25a02599 24
2 dynarray.c:95 0x25a02bf9 16
2 path.c:90 0x25a02de9 2
2 path.c:90 0x25a028a9 3
1 path.c:143 0x25a02ae9 5
2 path.c:178 0x25a02cc9 24
1 dynarray.c:84 0x25a02d79 24
2 dynarray.c:95 0x25a02629 16
2 path.c:191 0x25a02da9 5
2 path.c:205 0x25a02849 2
3 path.c:223 0x25a02da9 0x25a02da9 5 2
4 path.c:246 0x25a02da9 2
4 path.c:31 0x25a02849 2
4 dynarray.c:112 0x25a02629 16
4 dynarray.c:113 0x25a02d79 24
4 path.c:254 0x25a02cc9 24
2 path.c:178 0x25a02cc9 24
1 dynarray.c:84 0x25a02f09 24
2 dynarray.c:95 0x25a02d79 16
2 path.c:191 0x25a02849 5
2 path.c:205 0x25a02da9 2
2 path.c:205 0x25a02c29 3
3 path.c:223 0x25a02849 0x25a02849 5 5
4 path.c:246 0x25a02849 5
4 path.c:31 0x25a02da9 2
4 path.c:31 0x25a02c29 3
4 dynarray.c:112 0x25a02d79 16
4 dynarray.c:113 0x25a02f09 24
4 path.c:254 0x25a02cc9 24
2 path.c:178 0x25a02cc9 24
1 dynarray.c:84 0x25a02629 24
2 dynarray.c:95 0x25a02f09 16
2 path.c:191 0x25a02c29 5
2 path.c:205 0x25a02da9 2
2 path.c:205 0x25a02849 3
3 path.c:223 0x25a02c29 0x25a02c29 5 5
1 bdtBad4.c:143 0x25a02fa9 32
2 path.c:178 0x25a02a49 24
1 dynarray.c:84 0x25a02d79 24
2 dynarray.c:95 0x25a025f9 16
2 path.c:191 0x25a02aa9 5
2 path.c:205 0x25a02ac9 2
2 path.c:205 0x25a02dc9 3
3 path.c:223 0x25a02aa9 0x25a02aa9 5 5
4 path.c:246 0x25a02c29 5
4 path.c:31 0x25a02da9 2
4 path.c:31 0x25a02849 3
4 dynarray.c:112 0x25a02f09 16
4 dynarray.c:113 0x25a02629 24
4 path.c:254 0x25a02cc9 24
4 path.c:246 0x25a02ae9 5
4 path.c:31 0x25a02de9 2
4 path.c:31 0x25a028a9 3
4 dynarray.c:112 0x25a02bf9 16
4 dynarray.c:113 0x25a02599 24
4 path.c:254 0x25a02bc9 24
1 dynarray.c:84 0x25a02819 24
2 dynarray.c:95 0x25a02bc9 24
1 bdtBad4.c:663 0x25a02869 9
4 dynarray.c:112 0x25a02bc9 24
4 dynarray.c:113 0x25a02819 24
6 bdt_client.c:158 0x25a02869
4 bdt_client.c:158 0x25a02869 9
2 path.c:128 0x25a02819 24
1 dynarray.c:84 0x25a02599 24
2 dynarray.c:95 0x25a02bc9 16
2 path.c:90 0x25a028a9 2
2 path.c:90 0x25a02de9 3
1 path.c:143 0x25a02869 5
2 path.c:178 0x25a02cc9 24
1 dynarray.c:84 0x25a02bf9 24
2 dynarray.c:95 0x25a02629 16
2 path.c:191 0x25a02ae9 5
2 path.c:205 0x25a02da9 2
3 path.c:223 0x25a02ae9 0x25a02ae9 5 2
4 path.c:246 0x25a02ae9 2
4 path.c:31 0x25a02da9 2
4 dynarray.c:112 0x25a02629 16
4 dynarray.c:113 0x25a02bf9 24
4 path.c:254 0x25a02cc9 24
2 path.c:178 0x25a02cc9 24
1 dynarray.c:84 0x25a02f09 24
2 dynarray.c:95 0x25a02bf9 16
2 path.c:191 0x25a02da9 5
2 path.c:205 0x25a02ae9 2
2 path.c:205 0x25a02c29 3
3 path.c:223 0x25a02da9 0x25a02da9 5 5
4 path.c:246 0x25a02da9 5
4 path.c:31 0x25a02ae9 2
4 path.c:31 0x25a02c29 3
4 dynarray.c:112 0x25a02bf9 16
4 dynarray.c:113 0x25a02f09 24
4 path.c:254 0x25a02cc9 24
4 path.c:246 0x25a02869 5
4 path.c:31 0x25a028a9 2
4 path.c:31 0x25a02de9 3
4 dynarray.c:112 0x25a02bc9 16
4 dynarray.c:113 0x25a02599 24
4 path.c:254 0x25a02819 24
4 path.c:246 0x25a02aa9 5
4 path.c:31 0x25a02ac9 2
4 path.c:31 0x25a02dc9 3
4 dynarray.c:112 0x25a025f9 16
4 dynarray.c:113 0x25a02d79 24
4 path.c:254 0x25a02a49 24
4 bdtBad4.c:263 0x25a02fa9 32
1 dynarray.c:84 0x25a02629 24
2 dynarray.c:95 0x25a02a49 16
1 bdtBad4.c:663 0x25a02849 5
4 dynarray.c:112 0x25a02a49 16
4 dynarray.c:113 0x25a02629 24
6 bdt_client.c:162 0x25a02849
4 bdt_client.c:162 0x25a02849 5
2 path.c:128 0x25a02629 24
1 dynarray.c:84 0x25a02d79 24
2 dynarray.c:95 0x25a02a49 16
2 path.c:90 0x25a02dc9 2
2 path.c:90 0x25a02ac9 3
1 path.c:143 0x25a02849 5
2 path.c:178 0x25a02819 24
1 dynarray.c:84 0x25a025f9 24
2 dynarray.c:95 0x25a02599 16
2 path.c:191 0x25a02aa9 5
2 path.c:205 0x25a028a9 2
3 path.c:223 0x25a02aa9 0x25a02aa9 5 2
4 path.c:246 0x25a02aa9 2
4 path.c:31 0x25a028a9 2
4 dynarray.c:112 0x25a02599 16
4 dynarray.c:113 0x25a025f9 24
4 path.c:254 0x25a02819 24
2 path.c:178 0x25a02819 24
1 dynarray.c:84 0x25a02bc9 24
2 dynarray.c:95 0x25a025f9 16
2 path.c:191 0x25a028a9 5
2 path.c:205 0x25a02aa9 2
2 path.c:205 0x25a02869 3
3 path.c:223 0x25a028a9 0x25a028a9 5 5
4 path.c:246 0x25a028a9 5
4 path.c:31 0x25a02aa9 2
4 path.c:31 0x25a02869 3
4 dynarray.c:112 0x25a025f9 16
4 dynarray.c:113 0x25a02bc9 24
4 path.c:254 0x25a02819 24
2 path.c:178 0x25a02819 24
1 dynarray.c:84 0x25a02599 24
2 dynarray.c:95 0x25a02bc9 16
2 path.c:191 0x25a02869 5
2 path.c:205 0x25a02aa9 2
2 path.c:205 0x25a028a9 3
3 path.c:223 0x25a02869 0x25a02869 5 5
1 bdtBad4.c:143 0x25a02fa9 32
2 path.c:178 0x25a02cc9 24
1 dynarray.c:84 0x25a025f9 24
2 dynarray.c:95 0x25a02f09 16
2 path.c:191 0x25a02c29 5
2 path.c:205 0x25a02ae9 2
2 path.c:205 0x25a02da9 3
3 path.c:223 0x25a02c29 0x25a02c29 5 5
4 path.c:246 0x25a02869 5
4 path.c:31 0x25a02aa9 2
4 path.c:31 0x25a028a9 3
4 dynarray.c:112 0x25a02bc9 16
4 dynarray.c:113 0x25a02599 24
4 path.c:254 0x25a02819 24
4 path.c:246 0x25a02849 5
4 path.c:31 0x25a02dc9 2
4 path.c:31 0x25a02ac9 3
4 dynarray.c:112 0x25a02a49 16
4 dynarray.c:113 0x25a02d79 24
4 path.c:254 0x25a02629 24
1 dynarray.c:84 0x25a02bf9 24
2 dynarray.c:95 0x25a02629 24
1 bdtBad4.c:663 0x25a02de9 9
4 dynarray.c:112 0x25a02629 24
4 dynarray.c:113 0x25a02bf9 24
6 bdt_client.c:166 0x25a02de9
4 bdt_client.c:166 0x25a02de9 9
2 path.c:128 0x25a02bf9 24
1 dynarray.c:84 0x25a02d79 24
2 dynarray.c:95 0x25a02629 16
2 path.c:90 0x25a02ac9 2
2 path.c:90 0x25a02dc9 2
1 path.c:143 0x25a02de9 4
2 path.c:178 0x25a02819 24
1 dynarray.c:84 0x25a02a49 24
2 dynarray.c:95 0x25a02599 16
2 path.c:191 0x25a02849 4
2 path.c:205 0x25a02aa9 2
3 path.c:223 0x25a02849 0x25a02849 4 2
4 path.c:246 0x25a02849 2
4 path.c:31 0x25a02aa9 2
4 dynarray.c:112 0x25a02599 16
4 dynarray.c:113 0x25a02a49 24
4 path.c:254 0x25a02819 24
2 path.c:178 0x25a02819 24
1 dynarray.c:84 0x25a02bc9 24
2 dynarray.c:95 0x25a02a49 16
2 path.c:191 0x25a02aa9 4
2 path.c:205 0x25a02849 2
2 path.c:205 0x25a02869 2
3 path.c:223 0x25a02aa9 0x25a02aa9 4 4
4 path.c:246 0x25a02aa9 4
4 path.c:31 0x25a02849 2
4 path.c:31 0x25a02869 2
4 dynarray.c:112 0x25a02a49 16
4 dynarray.c:113 0x25a02bc9 24
4 path.c:254 0x25a02819 24
4 path.c:246 0x25a02de9 4
4 path.c:31 0x25a02ac9 2
4 path.c:31 0x25a02dc9 2
4 dynarray.c:112 0x25a02629 16
4 dynarray.c:113 0x25a02d79 24
4 path.c:254 0x25a02bf9 24
4 path.c:246 0x25a02e69 4
4 path.c:31 0x25a02fe9 2
4 path.c:31 0x25a02e89 2
4 dynarray.c:112 0x25a03129 16
4 dynarray.c:113 0x25a027e9 24
4 path.c:254 0x25a029d9 24
4 bdtBad4.c:263 0x25a02f69 32
1 dynarray.c:84 0x25a02599 24
2 dynarray.c:95 0x25a029d9 16
1 bdtBad4.c:663 0x25a028a9 6
4 dynarray.c:112 0x25a029d9 16
4 dynarray.c:113 0x25a02599 24
6 bdt_client.c:170 0x25a028a9
4 bdt_client.c:170 0x25a028a9 6
4 path.c:246 0x25a02c29 5
4 path.c:31 0x25a02ae9 2
4 path.c:31 0x25a02da9 3
4 dynarray.c:112 0x25a02f09 16
4 dynarray.c:113 0x25a025f9 24
4 path.c:254 0x25a02cc9 24
4 bdtBad4.c:263 0x25a02fa9 32
4 path.c:246 0x25a02c69 2
4 path.c:31 0x25a02c49 2
4 dynarray.c:112 0x25a02909 16
4 dynarray.c:113 0x25a02a79 24
4 path.c:254 0x25a02b99 24
4 bdtBad4.c:263 0x25a031d9 32
