2 path.c:128 0x2e7152a9 24
4 path.c:254 0x2e7152a9 24
2 path.c:128 0x2e7174c9 24
1 dynarray.c:84 0x2e7152a9 24
2 dynarray.c:95 0x2e7174f9 16
2 path.c:90 0x2e717529 6
1 path.c:143 0x2e717549 6
4 path.c:246 0x2e717549 6
4 path.c:31 0x2e717529 6
4 dynarray.c:112 0x2e7174f9 16
4 dynarray.c:113 0x2e7152a9 24
4 path.c:254 0x2e7174c9 24
1 dynarray.c:84 0x2e7174c9 24
2 dynarray.c:95 0x2e717569 16
1 bdtBad4.c:663 0x2e717529 1
4 dynarray.c:112 0x2e717569 16
4 dynarray.c:113 0x2e7174c9 24
4 bdt_client.c:39 0x2e717529 1
2 path.c:128 0x2e717599 24
4 path.c:254 0x2e717599 24
2 path.c:128 0x2e7175c9 24
1 dynarray.c:84 0x2e717599 24
2 dynarray.c:95 0x2e7175f9 16
4 dynarray.c:112 0x2e7175f9 16
4 dynarray.c:113 0x2e717599 24
4 path.c:254 0x2e7175c9 24
2 path.c:128 0x2e717629 24
1 dynarray.c:84 0x2e7175c9 24
2 dynarray.c:95 0x2e717659 16
2 path.c:90 0x2e717689 6
2 path.c:90 0x2e7176a9 7
4 path.c:31 0x2e717689 6
4 path.c:31 0x2e7176a9 7
4 dynarray.c:112 0x2e717659 16
4 dynarray.c:113 0x2e7175c9 24
4 path.c:254 0x2e717629 24
2 path.c:128 0x2e717629 24
1 dynarray.c:84 0x2e717659 24
2 dynarray.c:95 0x2e7175c9 16
2 path.c:90 0x2e7176c9 6
4 path.c:31 0x2e7176c9 6
4 dynarray.c:112 0x2e7175c9 16
4 dynarray.c:113 0x2e717659 24
4 path.c:254 0x2e717629 24
2 path.c:128 0x2e717629 24
1 dynarray.c:84 0x2e7175c9 24
2 dynarray.c:95 0x2e717659 16
2 path.c:90 0x2e7176e9 6
1 path.c:143 0x2e7176c9 6
2 path.c:178 0x2e717709 24
1 dynarray.c:84 0x2e717599 24
2 dynarray.c:95 0x2e717739 16
2 path.c:191 0x2e717769 6
2 path.c:205 0x2e717789 6
3 path.c:223 0x2e717769 0x2e717769 6 6
1 bdtBad4.c:143 0x2e7177a9 32
2 path.c:178 0x2e7177e9 24
1 dynarray.c:84 0x2e7175f9 24
2 dynarray.c:95 0x2e717819 16
2 path.c:191 0x2e717849 6
2 path.c:205 0x2e717869 6
3 path.c:223 0x2e717849 0x2e717849 6 6
4 path.c:246 0x2e717769 6
4 path.c:31 0x2e717789 6
4 dynarray.c:112 0x2e717739 16
4 dynarray.c:113 0x2e717599 24
4 path.c:254 0x2e717709 24
4 path.c:246 0x2e7176c9 6
4 path.c:31 0x2e7176e9 6
4 dynarray.c:112 0x2e717659 16
4 dynarray.c:113 0x2e7175c9 24
4 path.c:254 0x2e717629 24
2 path.c:128 0x2e717629 24
1 dynarray.c:84 0x2e717709 24
2 dynarray.c:95 0x2e7175c9 16
2 path.c:90 0x2e7176e9 6
2 path.c:90 0x2e717889 7
2 path.c:90 0x2e7178a9 12
3 dynarray.c:69 0x2e7178c9 0x2e7175c9 16 32
1 path.c:143 0x2e717659 25
2 path.c:178 0x2e7175c9 24
1 dynarray.c:84 0x2e717599 24
2 dynarray.c:95 0x2e717909 16
2 path.c:191 0x2e717939 25
2 path.c:205 0x2e717969 6
3 path.c:223 0x2e717939 0x2e717939 25 6
4 path.c:246 0x2e717939 6
4 path.c:31 0x2e717969 6
4 dynarray.c:112 0x2e717909 16
4 dynarray.c:113 0x2e717599 24
4 path.c:254 0x2e7175c9 24
2 path.c:178 0x2e7175c9 24
1 dynarray.c:84 0x2e717909 24
2 dynarray.c:95 0x2e717599 16
2 path.c:191 0x2e717989 25
2 path.c:205 0x2e717969 6
2 path.c:205 0x2e7179b9 7
3 path.c:223 0x2e717989 0x2e717989 25 13
4 path.c:246 0x2e717989 13
4 path.c:31 0x2e717969 6
4 path.c:31 0x2e7179b9 7
4 dynarray.c:112 0x2e717599 16
4 dynarray.c:113 0x2e717909 24
4 path.c:254 0x2e7175c9 24
2 path.c:178 0x2e7175c9 24
1 dynarray.c:84 0x2e717989 24
2 dynarray.c:95 0x2e717909 16
2 path.c:191 0x2e7179d9 25
2 path.c:205 0x2e7179b9 6
2 path.c:205 0x2e717969 7
3 path.c:223 0x2e7179d9 0x2e7179d9 25 13
1 bdtBad4.c:143 0x2e717a09 32
2 path.c:178 0x2e717a49 24
1 dynarray.c:84 0x2e717599 24
2 dynarray.c:95 0x2e717a79 16
2 path.c:191 0x2e717aa9 13
2 path.c:205 0x2e717ac9 6
2 path.c:205 0x2e717ae9 7
3 path.c:223 0x2e717aa9 0x2e717aa9 13 13
4 path.c:246 0x2e7179d9 13
4 path.c:31 0x2e7179b9 6
4 path.c:31 0x2e717969 7
4 dynarray.c:112 0x2e717909 16
4 dynarray.c:113 0x2e717989 24
4 path.c:254 0x2e7175c9 24
2 path.c:178 0x2e7175c9 24
1 dynarray.c:84 0x2e7179d9 24
2 dynarray.c:95 0x2e717989 24
2 path.c:191 0x2e717b09 25
2 path.c:205 0x2e717969 6
2 path.c:205 0x2e7179b9 7
2 path.c:205 0x2e717b39 12
3 path.c:223 0x2e717b09 0x2e717b09 25 25
1 bdtBad4.c:143 0x2e717b59 32
2 path.c:178 0x2e717b99 24
1 dynarray.c:84 0x2e717909 24
2 dynarray.c:95 0x2e717bc9 24
2 path.c:191 0x2e717bf9 25
2 path.c:205 0x2e717c29 6
2 path.c:205 0x2e717c49 7
2 path.c:205 0x2e717c69 12
3 path.c:223 0x2e717bf9 0x2e717bf9 25 25
4 path.c:246 0x2e717b09 25
4 path.c:31 0x2e717969 6
4 path.c:31 0x2e7179b9 7
4 path.c:31 0x2e717b39 12
4 dynarray.c:112 0x2e717989 24
4 dynarray.c:113 0x2e7179d9 24
4 path.c:254 0x2e7175c9 24
4 path.c:246 0x2e717659 25
4 path.c:31 0x2e7176e9 6
4 path.c:31 0x2e717889 7
4 path.c:31 0x2e7178a9 12
4 dynarray.c:112 0x2e7178c9 32
4 dynarray.c:113 0x2e717709 24
4 path.c:254 0x2e717629 24
2 path.c:128 0x2e717629 24
1 dynarray.c:84 0x2e717b09 24
2 dynarray.c:95 0x2e717709 16
2 path.c:90 0x2e7178a9 6
1 path.c:143 0x2e7176c9 6
2 path.c:178 0x2e7175c9 24
1 dynarray.c:84 0x2e717659 24
2 dynarray.c:95 0x2e7179d9 16
2 path.c:191 0x2e717889 6
2 path.c:205 0x2e717b39 6
3 path.c:223 0x2e717889 0x2e717889 6 6
4 path.c:246 0x2e717889 6
4 path.c:31 0x2e717b39 6
4 dynarray.c:112 0x2e7179d9 16
4 dynarray.c:113 0x2e717659 24
4 path.c:254 0x2e7175c9 24
4 path.c:246 0x2e7176c9 6
4 path.c:31 0x2e7178a9 6
4 dynarray.c:112 0x2e717709 16
4 dynarray.c:113 0x2e717b09 24
4 path.c:254 0x2e717629 24
2 path.c:128 0x2e717629 24
1 dynarray.c:84 0x2e717989 24
2 dynarray.c:95 0x2e717b09 16
2 path.c:90 0x2e7178a9 6
2 path.c:90 0x2e7176c9 7
1 path.c:143 0x2e7176e9 13
2 path.c:178 0x2e7175c9 24
1 dynarray.c:84 0x2e717709 24
2 dynarray.c:95 0x2e717659 16
2 path.c:191 0x2e717b39 13
2 path.c:205 0x2e7179b9 6
3 path.c:223 0x2e717b39 0x2e717b39 13 6
4 path.c:246 0x2e717b39 6
4 path.c:31 0x2e7179b9 6
4 dynarray.c:112 0x2e717659 16
4 dynarray.c:113 0x2e717709 24
4 path.c:254 0x2e7175c9 24
2 path.c:178 0x2e7175c9 24
1 dynarray.c:84 0x2e7179d9 24
2 dynarray.c:95 0x2e717709 16
2 path.c:191 0x2e7179b9 13
2 path.c:205 0x2e717b39 6
2 path.c:205 0x2e717969 7
3 path.c:223 0x2e7179b9 0x2e7179b9 13 13
4 path.c:246 0x2e7179b9 13
4 path.c:31 0x2e717b39 6
4 path.c:31 0x2e717969 7
4 dynarray.c:112 0x2e717709 16
4 dynarray.c:113 0x2e7179d9 24
4 path.c:254 0x2e7175c9 24
4 path.c:246 0x2e7176e9 13
4 path.c:31 0x2e7178a9 6
4 path.c:31 0x2e7176c9 7
4 dynarray.c:112 0x2e717b09 16
4 dynarray.c:113 0x2e717989 24
4 path.c:254 0x2e717629 24
2 path.c:128 0x2e717629 24
1 dynarray.c:84 0x2e717659 24
2 dynarray.c:95 0x2e717989 16
2 path.c:90 0x2e7176c9 6
2 path.c:90 0x2e7178a9 7
2 path.c:90 0x2e7176e9 12
3 dynarray.c:69 0x2e717c89 0x2e717989 16 32
1 path.c:143 0x2e717b09 25
2 path.c:178 0x2e717989 24
1 dynarray.c:84 0x2e7175c9 24
2 dynarray.c:95 0x2e7179d9 16
2 path.c:191 0x2e717cc9 25
2 path.c:205 0x2e717969 6
3 path.c:223 0x2e717cc9 0x2e717cc9 25 6
4 path.c:246 0x2e717cc9 6
4 path.c:31 0x2e717969 6
4 dynarray.c:112 0x2e7179d9 16
4 dynarray.c:113 0x2e7175c9 24
4 path.c:254 0x2e717989 24
2 path.c:178 0x2e717989 24
1 dynarray.c:84 0x2e717709 24
2 dynarray.c:95 0x2e7175c9 16
2 path.c:191 0x2e717cc9 25
2 path.c:205 0x2e717969 6
2 path.c:205 0x2e717b39 7
3 path.c:223 0x2e717cc9 0x2e717cc9 25 13
4 path.c:246 0x2e717cc9 13
4 path.c:31 0x2e717969 6
4 path.c:31 0x2e717b39 7
4 dynarray.c:112 0x2e7175c9 16
4 dynarray.c:113 0x2e717709 24
4 path.c:254 0x2e717989 24
2 path.c:178 0x2e717989 24
1 dynarray.c:84 0x2e7179d9 24
2 dynarray.c:95 0x2e717709 24
2 path.c:191 0x2e717cc9 25
2 path.c:205 0x2e717b39 6
2 path.c:205 0x2e717969 7
2 path.c:205 0x2e7179b9 12
3 path.c:223 0x2e717cc9 0x2e717cc9 25 25
4 path.c:246 0x2e717cc9 25
4 path.c:31 0x2e717b39 6
4 path.c:31 0x2e717969 7
4 path.c:31 0x2e7179b9 12
4 dynarray.c:112 0x2e717709 24
4 dynarray.c:113 0x2e7179d9 24
4 path.c:254 0x2e717989 24
4 path.c:246 0x2e717b09 25
4 path.c:31 0x2e7176c9 6
4 path.c:31 0x2e7178a9 7
4 path.c:31 0x2e7176e9 12
4 dynarray.c:112 0x2e717c89 32
4 dynarray.c:113 0x2e717659 24
4 path.c:254 0x2e717629 24
2 path.c:128 0x2e717629 24
1 dynarray.c:84 0x2e7175c9 24
2 dynarray.c:95 0x2e717659 16
2 path.c:90 0x2e7176e9 12
1 path.c:143 0x2e717889 12
2 path.c:178 0x2e717989 24
1 dynarray.c:84 0x2e717b09 24
2 dynarray.c:95 0x2e7179d9 16
2 path.c:191 0x2e7178a9 12
2 path.c:205 0x2e7179b9 12
3 path.c:223 0x2e7178a9 0x2e7178a9 12 12
4 path.c:246 0x2e7178a9 12
4 path.c:31 0x2e7179b9 12
4 dynarray.c:112 0x2e7179d9 16
4 dynarray.c:113 0x2e717b09 24
4 path.c:254 0x2e717989 24
4 path.c:246 0x2e717889 12
4 path.c:31 0x2e7176e9 12
4 dynarray.c:112 0x2e717659 16
4 dynarray.c:113 0x2e7175c9 24
4 path.c:254 0x2e717629 24
2 path.c:128 0x2e717629 24
1 dynarray.c:84 0x2e717709 24
2 dynarray.c:95 0x2e7175c9 16
2 path.c:90 0x2e7176e9 12
1 path.c:143 0x2e7176c9 12
2 path.c:178 0x2e717989 24
1 dynarray.c:84 0x2e717659 24
2 dynarray.c:95 0x2e717b09 16
2 path.c:191 0x2e717889 12
2 path.c:205 0x2e7178a9 12
3 path.c:223 0x2e717889 0x2e717889 12 12
4 path.c:246 0x2e717889 12
4 path.c:31 0x2e7178a9 12
4 dynarray.c:112 0x2e717b09 16
4 dynarray.c:113 0x2e717659 24
4 path.c:254 0x2e717989 24
4 path.c:246 0x2e7176c9 12
4 path.c:31 0x2e7176e9 12
4 dynarray.c:112 0x2e7175c9 16
4 dynarray.c:113 0x2e717709 24
4 path.c:254 0x2e717629 24
2 path.c:128 0x2e717629 24
1 dynarray.c:84 0x2e7179d9 24
2 dynarray.c:95 0x2e717709 16
2 path.c:90 0x2e7176e9 12
1 path.c:143 0x2e7179b9 12
2 path.c:178 0x2e717989 24
1 dynarray.c:84 0x2e7175c9 24
2 dynarray.c:95 0x2e717659 16
2 path.c:191 0x2e7176c9 12
2 path.c:205 0x2e717889 12
3 path.c:223 0x2e7176c9 0x2e7176c9 12 12
4 path.c:246 0x2e7176c9 12
4 path.c:31 0x2e717889 12
4 dynarray.c:112 0x2e717659 16
4 dynarray.c:113 0x2e7175c9 24
4 path.c:254 0x2e717989 24
4 path.c:246 0x2e7179b9 12
4 path.c:31 0x2e7176e9 12
4 dynarray.c:112 0x2e717709 16
4 dynarray.c:113 0x2e7179d9 24
4 path.c:254 0x2e717629 24
2 path.c:128 0x2e717629 24
1 dynarray.c:84 0x2e717b09 24
2 dynarray.c:95 0x2e7179d9 16
2 path.c:90 0x2e7176e9 6
2 path.c:90 0x2e7179b9 8
1 path.c:143 0x2e7178a9 14
2 path.c:178 0x2e717989 24
1 dynarray.c:84 0x2e717709 24
2 dynarray.c:95 0x2e7175c9 16
2 path.c:191 0x2e717889 14
2 path.c:205 0x2e717969 6
3 path.c:223 0x2e717889 0x2e717889 14 6
4 path.c:246 0x2e717889 6
4 path.c:31 0x2e717969 6
4 dynarray.c:112 0x2e7175c9 16
4 dynarray.c:113 0x2e717709 24
4 path.c:254 0x2e717989 24
2 path.c:178 0x2e717989 24
1 dynarray.c:84 0x2e717659 24
2 dynarray.c:95 0x2e717709 16
2 path.c:191 0x2e717969 14
2 path.c:205 0x2e717889 6
2 path.c:205 0x2e717b39 8
3 path.c:223 0x2e717969 0x2e717969 14 14
4 path.c:246 0x2e717969 14
4 path.c:31 0x2e717889 6
4 path.c:31 0x2e717b39 8
4 dynarray.c:112 0x2e717709 16
4 dynarray.c:113 0x2e717659 24
4 path.c:254 0x2e717989 24
4 path.c:246 0x2e7178a9 14
4 path.c:31 0x2e7176e9 6
4 path.c:31 0x2e7179b9 8
4 dynarray.c:112 0x2e7179d9 16
4 dynarray.c:113 0x2e717b09 24
4 path.c:254 0x2e717629 24
2 path.c:128 0x2e717629 24
1 dynarray.c:84 0x2e7175c9 24
2 dynarray.c:95 0x2e717b09 16
2 path.c:90 0x2e7179b9 6
2 path.c:90 0x2e7176e9 7
2 path.c:90 0x2e7178a9 12
3 dynarray.c:69 0x2e717cf9 0x2e717b09 16 32
1 path.c:143 0x2e7179d9 25
2 path.c:178 0x2e717b09 24
1 dynarray.c:84 0x2e717989 24
2 dynarray.c:95 0x2e717659 16
2 path.c:191 0x2e717cc9 25
2 path.c:205 0x2e717b39 6
3 path.c:223 0x2e717cc9 0x2e717cc9 25 6
4 path.c:246 0x2e717cc9 6
4 path.c:31 0x2e717b39 6
4 dynarray.c:112 0x2e717659 16
4 dynarray.c:113 0x2e717989 24
4 path.c:254 0x2e717b09 24
2 path.c:178 0x2e717b09 24
1 dynarray.c:84 0x2e717709 24
2 dynarray.c:95 0x2e717989 16
2 path.c:191 0x2e717cc9 25
2 path.c:205 0x2e717b39 6
2 path.c:205 0x2e717889 7
3 path.c:223 0x2e717cc9 0x2e717cc9 25 13
4 path.c:246 0x2e717cc9 13
4 path.c:31 0x2e717b39 6
4 path.c:31 0x2e717889 7
4 dynarray.c:112 0x2e717989 16
4 dynarray.c:113 0x2e717709 24
4 path.c:254 0x2e717b09 24
2 path.c:178 0x2e717b09 24
1 dynarray.c:84 0x2e717659 24
2 dynarray.c:95 0x2e717709 24
2 path.c:191 0x2e717cc9 25
2 path.c:205 0x2e717889 6
2 path.c:205 0x2e717b39 7
2 path.c:205 0x2e717969 12
3 path.c:223 0x2e717cc9 0x2e717cc9 25 25
4 path.c:246 0x2e717cc9 25
4 path.c:31 0x2e717889 6
4 path.c:31 0x2e717b39 7
4 path.c:31 0x2e717969 12
4 dynarray.c:112 0x2e717709 24
4 dynarray.c:113 0x2e717659 24
4 path.c:254 0x2e717b09 24
4 path.c:246 0x2e7179d9 25
4 path.c:31 0x2e7179b9 6
4 path.c:31 0x2e7176e9 7
4 path.c:31 0x2e7178a9 12
4 dynarray.c:112 0x2e717cf9 32
4 dynarray.c:113 0x2e7175c9 24
4 path.c:254 0x2e717629 24
2 path.c:128 0x2e717629 24
1 dynarray.c:84 0x2e717989 24
2 dynarray.c:95 0x2e7175c9 16
2 path.c:90 0x2e7178a9 12
2 path.c:90 0x2e7176e9 6
2 path.c:90 0x2e7179b9 9
3 dynarray.c:69 0x2e717d39 0x2e7175c9 16 32
1 path.c:143 0x2e7179d9 27
2 path.c:178 0x2e7175c9 24
1 dynarray.c:84 0x2e717b09 24
2 dynarray.c:95 0x2e717659 16
2 path.c:191 0x2e717cc9 27
2 path.c:205 0x2e717969 12
3 path.c:223 0x2e717cc9 0x2e717cc9 27 12
4 path.c:246 0x2e717cc9 12
4 path.c:31 0x2e717969 12
4 dynarray.c:112 0x2e717659 16
4 dynarray.c:113 0x2e717b09 24
4 path.c:254 0x2e7175c9 24
4 path.c:246 0x2e7179d9 27
4 path.c:31 0x2e7178a9 12
4 path.c:31 0x2e7176e9 6
4 path.c:31 0x2e7179b9 9
4 dynarray.c:112 0x2e717d39 32
4 dynarray.c:113 0x2e717989 24
4 path.c:254 0x2e717629 24
2 path.c:128 0x2e717629 24
1 dynarray.c:84 0x2e717709 24
2 dynarray.c:95 0x2e717989 16
2 path.c:90 0x2e7179b9 6
2 path.c:90 0x2e7176e9 8
1 path.c:143 0x2e7176c9 14
2 path.c:178 0x2e7175c9 24
1 dynarray.c:84 0x2e7179d9 24
2 dynarray.c:95 0x2e717b09 16
2 path.c:191 0x2e7178a9 14
2 path.c:205 0x2e717b39 6
3 path.c:223 0x2e7178a9 0x2e7178a9 14 6
4 path.c:246 0x2e7178a9 6
4 path.c:31 0x2e717b39 6
4 dynarray.c:112 0x2e717b09 16
4 dynarray.c:113 0x2e7179d9 24
4 path.c:254 0x2e7175c9 24
2 path.c:178 0x2e7175c9 24
1 dynarray.c:84 0x2e717659 24
2 dynarray.c:95 0x2e7179d9 16
2 path.c:191 0x2e717b39 14
2 path.c:205 0x2e7178a9 6
2 path.c:205 0x2e717889 8
3 path.c:223 0x2e717b39 0x2e717b39 14 14
4 path.c:246 0x2e717b39 14
4 path.c:31 0x2e7178a9 6
4 path.c:31 0x2e717889 8
4 dynarray.c:112 0x2e7179d9 16
4 dynarray.c:113 0x2e717659 24
4 path.c:254 0x2e7175c9 24
2 path.c:178 0x2e7175c9 24
1 dynarray.c:84 0x2e717b09 24
2 dynarray.c:95 0x2e717659 16
2 path.c:191 0x2e717889 14
2 path.c:205 0x2e7178a9 6
2 path.c:205 0x2e717b39 8
3 path.c:223 0x2e717889 0x2e717889 14 14
1 bdtBad4.c:143 0x2e717d39 32
2 path.c:178 0x2e717cc9 24
1 dynarray.c:84 0x2e7179d9 24
2 dynarray.c:95 0x2e717d79 16
2 path.c:191 0x2e717da9 14
2 path.c:205 0x2e717dc9 6
2 path.c:205 0x2e717de9 8
3 path.c:223 0x2e717da9 0x2e717da9 14 14
4 path.c:246 0x2e717889 14
4 path.c:31 0x2e7178a9 6
4 path.c:31 0x2e717b39 8
4 dynarray.c:112 0x2e717659 16
4 dynarray.c:113 0x2e717b09 24
4 path.c:254 0x2e7175c9 24
4 path.c:246 0x2e7176c9 14
4 path.c:31 0x2e7179b9 6
4 path.c:31 0x2e7176e9 8
4 dynarray.c:112 0x2e717989 16
4 dynarray.c:113 0x2e717709 24
4 path.c:254 0x2e717629 24
2 path.c:128 0x2e717629 24
1 dynarray.c:84 0x2e717659 24
2 dynarray.c:95 0x2e717709 16
2 path.c:90 0x2e7176e9 6
2 path.c:90 0x2e7179b9 7
1 path.c:143 0x2e717969 13
2 path.c:178 0x2e7175c9 24
1 dynarray.c:84 0x2e717989 24
2 dynarray.c:95 0x2e717b09 16
2 path.c:191 0x2e7176c9 13
2 path.c:205 0x2e7178a9 6
3 path.c:223 0x2e7176c9 0x2e7176c9 13 6
4 path.c:246 0x2e7176c9 6
4 path.c:31 0x2e7178a9 6
4 dynarray.c:112 0x2e717b09 16
4 dynarray.c:113 0x2e717989 24
4 path.c:254 0x2e7175c9 24
2 path.c:178 0x2e7175c9 24
1 dynarray.c:84 0x2e717b09 24
2 dynarray.c:95 0x2e717989 16
2 path.c:191 0x2e7178a9 13
2 path.c:205 0x2e7176c9 6
2 path.c:205 0x2e717889 7
3 path.c:223 0x2e7178a9 0x2e7178a9 13 13
4 path.c:246 0x2e7178a9 13
4 path.c:31 0x2e7176c9 6
4 path.c:31 0x2e717889 7
4 dynarray.c:112 0x2e717989 16
4 dynarray.c:113 0x2e717b09 24
4 path.c:254 0x2e7175c9 24
2 path.c:178 0x2e7175c9 24
1 dynarray.c:84 0x2e717989 24
2 dynarray.c:95 0x2e717b09 16
2 path.c:191 0x2e717889 13
2 path.c:205 0x2e7176c9 6
2 path.c:205 0x2e7178a9 7
3 path.c:223 0x2e717889 0x2e717889 13 13
1 bdtBad4.c:143 0x2e717cf9 32
2 path.c:178 0x2e717e09 24
1 dynarray.c:84 0x2e717939 24
2 dynarray.c:95 0x2e717e39 16
2 path.c:191 0x2e717e69 13
2 path.c:205 0x2e717e89 6
2 path.c:205 0x2e717ea9 7
3 path.c:223 0x2e717e69 0x2e717e69 13 13
4 path.c:246 0x2e717e69 13
4 path.c:31 0x2e717e89 6
4 path.c:31 0x2e717ea9 7
4 dynarray.c:112 0x2e717e39 16
4 dynarray.c:113 0x2e717939 24
4 path.c:254 0x2e717e09 24
4 bdtBad4.c:193 0x2e717cf9 32
4 path.c:246 0x2e717969 13
4 path.c:31 0x2e7176e9 6
4 path.c:31 0x2e7179b9 7
4 dynarray.c:112 0x2e717709 16
4 dynarray.c:113 0x2e717659 24
4 path.c:254 0x2e717629 24
4 path.c:246 0x2e717889 13
4 path.c:31 0x2e7176c9 6
4 path.c:31 0x2e7178a9 7
4 dynarray.c:112 0x2e717b09 16
4 dynarray.c:113 0x2e717989 24
4 path.c:254 0x2e7175c9 24
2 path.c:128 0x2e7175c9 24
1 dynarray.c:84 0x2e717939 24
2 dynarray.c:95 0x2e717989 16
2 path.c:90 0x2e7178a9 6
2 path.c:90 0x2e7176c9 4
2 path.c:90 0x2e717889 5
3 dynarray.c:69 0x2e717ec9 0x2e717989 16 32
2 path.c:90 0x2e7179b9 7
1 path.c:143 0x2e717b09 22
2 path.c:178 0x2e717989 24
1 dynarray.c:84 0x2e717629 24
2 dynarray.c:95 0x2e717659 16
2 path.c:191 0x2e717e09 22
2 path.c:205 0x2e7176e9 6
3 path.c:223 0x2e717e09 0x2e717e09 22 6
4 path.c:246 0x2e717e09 6
4 path.c:31 0x2e7176e9 6
4 dynarray.c:112 0x2e717659 16
4 dynarray.c:113 0x2e717629 24
4 path.c:254 0x2e717989 24
2 path.c:178 0x2e717989 24
1 dynarray.c:84 0x2e717709 24
2 dynarray.c:95 0x2e717629 16
2 path.c:191 0x2e717e09 22
2 path.c:205 0x2e7176e9 6
2 path.c:205 0x2e717969 4
3 path.c:223 0x2e717e09 0x2e717e09 22 10
4 path.c:246 0x2e717e09 10
4 path.c:31 0x2e7176e9 6
4 path.c:31 0x2e717969 4
4 dynarray.c:112 0x2e717629 16
4 dynarray.c:113 0x2e717709 24
4 path.c:254 0x2e717989 24
2 path.c:178 0x2e717989 24
1 dynarray.c:84 0x2e717659 24
2 dynarray.c:95 0x2e717709 16
2 path.c:191 0x2e717e09 22
2 path.c:205 0x2e717969 6
2 path.c:205 0x2e7176e9 4
3 path.c:223 0x2e717e09 0x2e717e09 22 10
1 bdtBad4.c:143 0x2e717cf9 32
2 path.c:178 0x2e717f09 24
1 dynarray.c:84 0x2e717629 24
2 dynarray.c:95 0x2e717f39 16
2 path.c:191 0x2e717ea9 10
2 path.c:205 0x2e717e89 6
2 path.c:205 0x2e717e69 4
3 path.c:223 0x2e717ea9 0x2e717ea9 10 10
4 path.c:246 0x2e717ea9 10
4 path.c:31 0x2e717e89 6
4 path.c:31 0x2e717e69 4
4 dynarray.c:112 0x2e717f39 16
4 dynarray.c:113 0x2e717629 24
4 path.c:254 0x2e717f09 24
4 bdtBad4.c:193 0x2e717cf9 32
4 path.c:246 0x2e717b09 22
4 path.c:31 0x2e7178a9 6
4 path.c:31 0x2e7176c9 4
4 path.c:31 0x2e717889 5
4 path.c:31 0x2e7179b9 7
4 dynarray.c:112 0x2e717ec9 32
4 dynarray.c:113 0x2e717939 24
4 path.c:254 0x2e7175c9 24
4 path.c:246 0x2e717e09 10
4 path.c:31 0x2e717969 6
4 path.c:31 0x2e7176e9 4
4 dynarray.c:112 0x2e717709 16
4 dynarray.c:113 0x2e717659 24
4 path.c:254 0x2e717989 24
2 path.c:128 0x2e717989 24
1 dynarray.c:84 0x2e717f39 24
2 dynarray.c:95 0x2e717659 16
2 path.c:90 0x2e7176e9 6
1 path.c:143 0x2e717b39 6
2 path.c:178 0x2e717e09 24
1 dynarray.c:84 0x2e717709 24
2 dynarray.c:95 0x2e7175c9 16
2 path.c:191 0x2e717969 6
2 path.c:205 0x2e717889 6
3 path.c:223 0x2e717969 0x2e717969 6 6
4 path.c:246 0x2e717969 6
4 path.c:31 0x2e717889 6
4 dynarray.c:112 0x2e7175c9 16
4 dynarray.c:113 0x2e717709 24
4 path.c:254 0x2e717e09 24
4 path.c:246 0x2e717b39 6
4 path.c:31 0x2e7176e9 6
4 dynarray.c:112 0x2e717659 16
4 dynarray.c:113 0x2e717f39 24
4 path.c:254 0x2e717989 24
2 path.c:128 0x2e717989 24
1 dynarray.c:84 0x2e717939 24
2 dynarray.c:95 0x2e717f39 16
2 path.c:90 0x2e7176e9 6
2 path.c:90 0x2e717b39 7
1 path.c:143 0x2e7179b9 13
2 path.c:178 0x2e717e09 24
1 dynarray.c:84 0x2e717659 24
2 dynarray.c:95 0x2e717709 16
2 path.c:191 0x2e717889 13
2 path.c:205 0x2e7176c9 6
3 path.c:223 0x2e717889 0x2e717889 13 6
4 path.c:246 0x2e717889 6
4 path.c:31 0x2e7176c9 6
4 dynarray.c:112 0x2e717709 16
4 dynarray.c:113 0x2e717659 24
4 path.c:254 0x2e717e09 24
2 path.c:178 0x2e717e09 24
1 dynarray.c:84 0x2e7175c9 24
2 dynarray.c:95 0x2e717659 16
2 path.c:191 0x2e7176c9 13
2 path.c:205 0x2e717889 6
2 path.c:205 0x2e7178a9 7
3 path.c:223 0x2e7176c9 0x2e7176c9 13 13
4 path.c:246 0x2e7176c9 13
4 path.c:31 0x2e717889 6
4 path.c:31 0x2e7178a9 7
4 dynarray.c:112 0x2e717659 16
4 dynarray.c:113 0x2e7175c9 24
4 path.c:254 0x2e717e09 24
4 path.c:246 0x2e7179b9 13
4 path.c:31 0x2e7176e9 6
4 path.c:31 0x2e717b39 7
4 dynarray.c:112 0x2e717f39 16
4 dynarray.c:113 0x2e717939 24
4 path.c:254 0x2e717989 24
2 path.c:128 0x2e717989 24
1 dynarray.c:84 0x2e717709 24
2 dynarray.c:95 0x2e717939 16
2 path.c:90 0x2e717b39 6
2 path.c:90 0x2e7176e9 8
1 path.c:143 0x2e717969 14
2 path.c:178 0x2e717e09 24
1 dynarray.c:84 0x2e717f39 24
2 dynarray.c:95 0x2e7175c9 16
2 path.c:191 0x2e7179b9 14
2 path.c:205 0x2e717889 6
3 path.c:223 0x2e7179b9 0x2e7179b9 14 6
4 path.c:246 0x2e7179b9 6
4 path.c:31 0x2e717889 6
4 dynarray.c:112 0x2e7175c9 16
4 dynarray.c:113 0x2e717f39 24
4 path.c:254 0x2e717e09 24
2 path.c:178 0x2e717e09 24
1 dynarray.c:84 0x2e717659 24
2 dynarray.c:95 0x2e717f39 16
2 path.c:191 0x2e717889 14
2 path.c:205 0x2e7179b9 6
2 path.c:205 0x2e7176c9 8
3 path.c:223 0x2e717889 0x2e717889 14 14
4 path.c:246 0x2e717889 14
4 path.c:31 0x2e7179b9 6
4 path.c:31 0x2e7176c9 8
4 dynarray.c:112 0x2e717f39 16
4 dynarray.c:113 0x2e717659 24
4 path.c:254 0x2e717e09 24
4 path.c:246 0x2e717969 14
4 path.c:31 0x2e717b39 6
4 path.c:31 0x2e7176e9 8
4 dynarray.c:112 0x2e717939 16
4 dynarray.c:113 0x2e717709 24
4 path.c:254 0x2e717989 24
2 path.c:128 0x2e717989 24
1 dynarray.c:84 0x2e7175c9 24
2 dynarray.c:95 0x2e717709 16
2 path.c:90 0x2e7176e9 6
2 path.c:90 0x2e717b39 7
1 path.c:143 0x2e7178a9 13
2 path.c:178 0x2e717e09 24
1 dynarray.c:84 0x2e717939 24
2 dynarray.c:95 0x2e717659 16
2 path.c:191 0x2e717969 13
2 path.c:205 0x2e7179b9 6
3 path.c:223 0x2e717969 0x2e717969 13 6
4 path.c:246 0x2e717969 6
4 path.c:31 0x2e7179b9 6
4 dynarray.c:112 0x2e717659 16
4 dynarray.c:113 0x2e717939 24
4 path.c:254 0x2e717e09 24
2 path.c:178 0x2e717e09 24
1 dynarray.c:84 0x2e717f39 24
2 dynarray.c:95 0x2e717939 16
2 path.c:191 0x2e7179b9 13
2 path.c:205 0x2e717969 6
2 path.c:205 0x2e717889 7
3 path.c:223 0x2e7179b9 0x2e7179b9 13 13
4 path.c:246 0x2e7179b9 13
4 path.c:31 0x2e717969 6
4 path.c:31 0x2e717889 7
4 dynarray.c:112 0x2e717939 16
4 dynarray.c:113 0x2e717f39 24
4 path.c:254 0x2e717e09 24
4 path.c:246 0x2e7178a9 13
4 path.c:31 0x2e7176e9 6
4 path.c:31 0x2e717b39 7
4 dynarray.c:112 0x2e717709 16
4 dynarray.c:113 0x2e7175c9 24
4 path.c:254 0x2e717989 24
2 path.c:128 0x2e717989 24
1 dynarray.c:84 0x2e717659 24
2 dynarray.c:95 0x2e7175c9 16
2 path.c:90 0x2e717b39 6
2 path.c:90 0x2e7176e9 4
1 path.c:143 0x2e7176c9 10
2 path.c:178 0x2e717e09 24
1 dynarray.c:84 0x2e717709 24
2 dynarray.c:95 0x2e717f39 16
2 path.c:191 0x2e7178a9 10
2 path.c:205 0x2e717969 6
3 path.c:223 0x2e7178a9 0x2e7178a9 10 6
4 path.c:246 0x2e7178a9 6
4 path.c:31 0x2e717969 6
4 dynarray.c:112 0x2e717f39 16
4 dynarray.c:113 0x2e717709 24
4 path.c:254 0x2e717e09 24
2 path.c:178 0x2e717e09 24
1 dynarray.c:84 0x2e717939 24
2 dynarray.c:95 0x2e717709 16
2 path.c:191 0x2e717969 10
2 path.c:205 0x2e7178a9 6
2 path.c:205 0x2e7179b9 4
3 path.c:223 0x2e717969 0x2e717969 10 10
4 path.c:246 0x2e717969 10
4 path.c:31 0x2e7178a9 6
4 path.c:31 0x2e7179b9 4
4 dynarray.c:112 0x2e717709 16
4 dynarray.c:113 0x2e717939 24
4 path.c:254 0x2e717e09 24
4 path.c:246 0x2e7176c9 10
4 path.c:31 0x2e717b39 6
4 path.c:31 0x2e7176e9 4
4 dynarray.c:112 0x2e7175c9 16
4 dynarray.c:113 0x2e717659 24
4 path.c:254 0x2e717989 24
2 path.c:128 0x2e717989 24
1 dynarray.c:84 0x2e717f39 24
2 dynarray.c:95 0x2e717659 16
2 path.c:90 0x2e7176e9 6
2 path.c:90 0x2e717b39 4
2 path.c:90 0x2e7176c9 5
3 dynarray.c:69 0x2e717f69 0x2e717659 16 32
1 path.c:143 0x2e7175c9 15
2 path.c:178 0x2e717659 24
1 dynarray.c:84 0x2e717e09 24
2 dynarray.c:95 0x2e717939 16
2 path.c:191 0x2e717b09 15
2 path.c:205 0x2e7179b9 6
3 path.c:223 0x2e717b09 0x2e717b09 15 6
4 path.c:246 0x2e717b09 6
4 path.c:31 0x2e7179b9 6
4 dynarray.c:112 0x2e717939 16
4 dynarray.c:113 0x2e717e09 24
4 path.c:254 0x2e717659 24
2 path.c:178 0x2e717659 24
1 dynarray.c:84 0x2e717709 24
2 dynarray.c:95 0x2e717e09 16
2 path.c:191 0x2e717b09 15
2 path.c:205 0x2e7179b9 6
2 path.c:205 0x2e7178a9 4
3 path.c:223 0x2e717b09 0x2e717b09 15 10
4 path.c:246 0x2e717b09 10
4 path.c:31 0x2e7179b9 6
4 path.c:31 0x2e7178a9 4
4 dynarray.c:112 0x2e717e09 16
4 dynarray.c:113 0x2e717709 24
4 path.c:254 0x2e717659 24
4 path.c:246 0x2e7175c9 15
4 path.c:31 0x2e7176e9 6
4 path.c:31 0x2e717b39 4
4 path.c:31 0x2e7176c9 5
4 dynarray.c:112 0x2e717f69 32
4 dynarray.c:113 0x2e717f39 24
4 path.c:254 0x2e717989 24
2 path.c:128 0x2e717989 24
1 dynarray.c:84 0x2e717939 24
2 dynarray.c:95 0x2e717f39 16
2 path.c:90 0x2e7176c9 6
2 path.c:90 0x2e717b39 4
2 path.c:90 0x2e7176e9 5
3 dynarray.c:69 0x2e717fa9 0x2e717f39 16 32
2 path.c:90 0x2e7178a9 7
1 path.c:143 0x2e7175c9 22
2 path.c:178 0x2e717f39 24
1 dynarray.c:84 0x2e717659 24
2 dynarray.c:95 0x2e717709 16
2 path.c:191 0x2e717b09 22
2 path.c:205 0x2e7179b9 6
3 path.c:223 0x2e717b09 0x2e717b09 22 6
4 path.c:246 0x2e717b09 6
4 path.c:31 0x2e7179b9 6
4 dynarray.c:112 0x2e717709 16
4 dynarray.c:113 0x2e717659 24
4 path.c:254 0x2e717f39 24
2 path.c:178 0x2e717f39 24
1 dynarray.c:84 0x2e717e09 24
2 dynarray.c:95 0x2e717659 16
2 path.c:191 0x2e717b09 22
2 path.c:205 0x2e7179b9 6
2 path.c:205 0x2e717969 4
3 path.c:223 0x2e717b09 0x2e717b09 22 10
4 path.c:246 0x2e717b09 10
4 path.c:31 0x2e7179b9 6
4 path.c:31 0x2e717969 4
4 dynarray.c:112 0x2e717659 16
4 dynarray.c:113 0x2e717e09 24
4 path.c:254 0x2e717f39 24
4 path.c:246 0x2e7175c9 22
4 path.c:31 0x2e7176c9 6
4 path.c:31 0x2e717b39 4
4 path.c:31 0x2e7176e9 5
4 path.c:31 0x2e7178a9 7
4 dynarray.c:112 0x2e717fa9 32
4 dynarray.c:113 0x2e717939 24
4 path.c:254 0x2e717989 24
1 dynarray.c:84 0x2e717709 24
2 dynarray.c:95 0x2e717fe9 32
1 bdtBad4.c:663 0x2e718029 55
4 dynarray.c:112 0x2e717fe9 32
4 dynarray.c:113 0x2e717709 24
6 bdt_client.c:82 0x2e718029
4 bdt_client.c:82 0x2e718029 55
2 path.c:128 0x2e717989 24
1 dynarray.c:84 0x2e717709 24
2 dynarray.c:95 0x2e717939 16
2 path.c:90 0x2e7178a9 6
2 path.c:90 0x2e7176e9 7
2 path.c:90 0x2e717b39 12
3 dynarray.c:69 0x2e718079 0x2e717939 16 32
1 path.c:143 0x2e7175c9 25
2 path.c:178 0x2e717939 24
1 dynarray.c:84 0x2e717f39 24
2 dynarray.c:95 0x2e717e09 16
2 path.c:191 0x2e717b09 25
2 path.c:205 0x2e7176c9 6
3 path.c:223 0x2e717b09 0x2e717b09 25 6
4 path.c:246 0x2e717b09 6
4 path.c:31 0x2e7176c9 6
4 dynarray.c:112 0x2e717e09 16
4 dynarray.c:113 0x2e717f39 24
4 path.c:254 0x2e717939 24
2 path.c:178 0x2e717939 24
1 dynarray.c:84 0x2e717659 24
2 dynarray.c:95 0x2e717f39 16
2 path.c:191 0x2e717b09 25
2 path.c:205 0x2e7176c9 6
2 path.c:205 0x2e717969 7
3 path.c:223 0x2e717b09 0x2e717b09 25 13
4 path.c:246 0x2e717b09 13
4 path.c:31 0x2e7176c9 6
4 path.c:31 0x2e717969 7
4 dynarray.c:112 0x2e717f39 16
4 dynarray.c:113 0x2e717659 24
4 path.c:254 0x2e717939 24
2 path.c:178 0x2e717939 24
1 dynarray.c:84 0x2e717e09 24
2 dynarray.c:95 0x2e717659 24
2 path.c:191 0x2e717b09 25
2 path.c:205 0x2e717969 6
2 path.c:205 0x2e7176c9 7
2 path.c:205 0x2e7179b9 12
3 path.c:223 0x2e717b09 0x2e717b09 25 25
4 path.c:246 0x2e717b09 25
4 path.c:31 0x2e717969 6
4 path.c:31 0x2e7176c9 7
4 path.c:31 0x2e7179b9 12
4 dynarray.c:112 0x2e717659 24
4 dynarray.c:113 0x2e717e09 24
4 path.c:254 0x2e717939 24
4 path.c:246 0x2e7175c9 25
4 path.c:31 0x2e7178a9 6
4 path.c:31 0x2e7176e9 7
4 path.c:31 0x2e717b39 12
4 dynarray.c:112 0x2e718079 32
4 dynarray.c:113 0x2e717709 24
4 path.c:254 0x2e717989 24
2 path.c:128 0x2e717989 24
1 dynarray.c:84 0x2e717f39 24
2 dynarray.c:95 0x2e717709 16
2 path.c:90 0x2e717b39 6
2 path.c:90 0x2e7176e9 8
2 path.c:90 0x2e7178a9 12
3 dynarray.c:69 0x2e718079 0x2e717709 16 32
1 path.c:143 0x2e7175c9 26
2 path.c:178 0x2e717709 24
1 dynarray.c:84 0x2e717939 24
2 dynarray.c:95 0x2e717e09 16
2 path.c:191 0x2e717b09 26
2 path.c:205 0x2e7179b9 6
3 path.c:223 0x2e717b09 0x2e717b09 26 6
4 path.c:246 0x2e717b09 6
4 path.c:31 0x2e7179b9 6
4 dynarray.c:112 0x2e717e09 16
4 dynarray.c:113 0x2e717939 24
4 path.c:254 0x2e717709 24
2 path.c:178 0x2e717709 24
1 dynarray.c:84 0x2e717659 24
2 dynarray.c:95 0x2e717939 16
2 path.c:191 0x2e717b09 26
2 path.c:205 0x2e7179b9 6
2 path.c:205 0x2e7176c9 8
3 path.c:223 0x2e717b09 0x2e717b09 26 14
4 path.c:246 0x2e717b09 14
4 path.c:31 0x2e7179b9 6
4 path.c:31 0x2e7176c9 8
4 dynarray.c:112 0x2e717939 16
4 dynarray.c:113 0x2e717659 24
4 path.c:254 0x2e717709 24
2 path.c:178 0x2e717709 24
1 dynarray.c:84 0x2e717e09 24
2 dynarray.c:95 0x2e717659 24
2 path.c:191 0x2e717b09 26
2 path.c:205 0x2e7176c9 6
2 path.c:205 0x2e7179b9 8
2 path.c:205 0x2e717969 12
3 path.c:223 0x2e717b09 0x2e717b09 26 26
4 path.c:246 0x2e717b09 26
4 path.c:31 0x2e7176c9 6
4 path.c:31 0x2e7179b9 8
4 path.c:31 0x2e717969 12
4 dynarray.c:112 0x2e717659 24
4 dynarray.c:113 0x2e717e09 24
4 path.c:254 0x2e717709 24
4 path.c:246 0x2e7175c9 26
4 path.c:31 0x2e717b39 6
4 path.c:31 0x2e7176e9 8
4 path.c:31 0x2e7178a9 12
4 dynarray.c:112 0x2e718079 32
4 dynarray.c:113 0x2e717f39 24
4 path.c:254 0x2e717989 24
2 path.c:128 0x2e717989 24
1 dynarray.c:84 0x2e717939 24
2 dynarray.c:95 0x2e717f39 16
2 path.c:90 0x2e7178a9 6
2 path.c:90 0x2e7176e9 8
2 path.c:90 0x2e717b39 12
3 dynarray.c:69 0x2e718079 0x2e717f39 16 32
1 path.c:143 0x2e7175c9 26
2 path.c:178 0x2e717f39 24
1 dynarray.c:84 0x2e717709 24
2 dynarray.c:95 0x2e717e09 16
2 path.c:191 0x2e717b09 26
2 path.c:205 0x2e717969 6
3 path.c:223 0x2e717b09 0x2e717b09 26 6
4 path.c:246 0x2e717b09 6
4 path.c:31 0x2e717969 6
4 dynarray.c:112 0x2e717e09 16
4 dynarray.c:113 0x2e717709 24
4 path.c:254 0x2e717f39 24
2 path.c:178 0x2e717f39 24
1 dynarray.c:84 0x2e717659 24
2 dynarray.c:95 0x2e717709 16
2 path.c:191 0x2e717b09 26
2 path.c:205 0x2e717969 6
2 path.c:205 0x2e7179b9 8
3 path.c:223 0x2e717b09 0x2e717b09 26 14
4 path.c:246 0x2e717b09 14
4 path.c:31 0x2e717969 6
4 path.c:31 0x2e7179b9 8
4 dynarray.c:112 0x2e717709 16
4 dynarray.c:113 0x2e717659 24
4 path.c:254 0x2e717f39 24
2 path.c:178 0x2e717f39 24
1 dynarray.c:84 0x2e717e09 24
2 dynarray.c:95 0x2e717659 24
2 path.c:191 0x2e717b09 26
2 path.c:205 0x2e7179b9 6
2 path.c:205 0x2e717969 8
2 path.c:205 0x2e7176c9 12
3 path.c:223 0x2e717b09 0x2e717b09 26 26
4 path.c:246 0x2e717b09 26
4 path.c:31 0x2e7179b9 6
4 path.c:31 0x2e717969 8
4 path.c:31 0x2e7176c9 12
4 dynarray.c:112 0x2e717659 24
4 dynarray.c:113 0x2e717e09 24
4 path.c:254 0x2e717f39 24
2 path.c:178 0x2e717f39 24
1 dynarray.c:84 0x2e717709 24
2 dynarray.c:95 0x2e717e09 24
2 path.c:191 0x2e717b09 26
2 path.c:205 0x2e7176c9 6
2 path.c:205 0x2e717969 8
2 path.c:205 0x2e7179b9 12
3 path.c:223 0x2e717b09 0x2e717b09 26 26
1 bdtBad4.c:143 0x2e717fe9 32
2 path.c:178 0x2e717f09 24
1 dynarray.c:84 0x2e717659 24
2 dynarray.c:95 0x2e717629 24
2 path.c:191 0x2e7180b9 26
2 path.c:205 0x2e717e69 6
2 path.c:205 0x2e717e89 8
2 path.c:205 0x2e717ea9 12
3 path.c:223 0x2e7180b9 0x2e7180b9 26 26
4 path.c:246 0x2e717b09 26
4 path.c:31 0x2e7176c9 6
4 path.c:31 0x2e717969 8
4 path.c:31 0x2e7179b9 12
4 dynarray.c:112 0x2e717e09 24
4 dynarray.c:113 0x2e717709 24
4 path.c:254 0x2e717f39 24
4 path.c:246 0x2e7175c9 26
4 path.c:31 0x2e7178a9 6
4 path.c:31 0x2e7176e9 8
4 path.c:31 0x2e717b39 12
4 dynarray.c:112 0x2e718079 32
4 dynarray.c:113 0x2e717939 24
4 path.c:254 0x2e717989 24
2 path.c:128 0x2e717989 24
1 dynarray.c:84 0x2e717b09 24
2 dynarray.c:95 0x2e717939 16
2 path.c:90 0x2e717b39 6
2 path.c:90 0x2e7176e9 7
2 path.c:90 0x2e7178a9 12
3 dynarray.c:69 0x2e7180e9 0x2e717939 16 32
1 path.c:143 0x2e7175c9 25
2 path.c:178 0x2e717939 24
1 dynarray.c:84 0x2e717f39 24
2 dynarray.c:95 0x2e717709 16
2 path.c:191 0x2e718129 25
2 path.c:205 0x2e7179b9 6
3 path.c:223 0x2e718129 0x2e718129 25 6
4 path.c:246 0x2e718129 6
4 path.c:31 0x2e7179b9 6
4 dynarray.c:112 0x2e717709 16
4 dynarray.c:113 0x2e717f39 24
4 path.c:254 0x2e717939 24
2 path.c:178 0x2e717939 24
1 dynarray.c:84 0x2e717e09 24
2 dynarray.c:95 0x2e717f39 16
2 path.c:191 0x2e718129 25
2 path.c:205 0x2e7179b9 6
2 path.c:205 0x2e717969 7
3 path.c:223 0x2e718129 0x2e718129 25 13
4 path.c:246 0x2e718129 13
4 path.c:31 0x2e7179b9 6
4 path.c:31 0x2e717969 7
4 dynarray.c:112 0x2e717f39 16
4 dynarray.c:113 0x2e717e09 24
4 path.c:254 0x2e717939 24
2 path.c:178 0x2e717939 24
1 dynarray.c:84 0x2e717709 24
2 dynarray.c:95 0x2e717e09 24
2 path.c:191 0x2e718129 25
2 path.c:205 0x2e717969 6
2 path.c:205 0x2e7179b9 7
2 path.c:205 0x2e7176c9 12
3 path.c:223 0x2e718129 0x2e718129 25 25
4 path.c:246 0x2e718129 25
4 path.c:31 0x2e717969 6
4 path.c:31 0x2e7179b9 7
4 path.c:31 0x2e7176c9 12
4 dynarray.c:112 0x2e717e09 24
4 dynarray.c:113 0x2e717709 24
4 path.c:254 0x2e717939 24
4 path.c:246 0x2e7175c9 25
4 path.c:31 0x2e717b39 6
4 path.c:31 0x2e7176e9 7
4 path.c:31 0x2e7178a9 12
4 dynarray.c:112 0x2e7180e9 32
4 dynarray.c:113 0x2e717b09 24
4 path.c:254 0x2e717989 24
2 path.c:128 0x2e717989 24
1 dynarray.c:84 0x2e717f39 24
2 dynarray.c:95 0x2e717b09 16
2 path.c:90 0x2e7178a9 6
2 path.c:90 0x2e7176e9 8
2 path.c:90 0x2e717b39 12
3 dynarray.c:69 0x2e7180e9 0x2e717b09 16 32
1 path.c:143 0x2e7175c9 26
2 path.c:178 0x2e717b09 24
1 dynarray.c:84 0x2e717939 24
2 dynarray.c:95 0x2e717709 16
2 path.c:191 0x2e718129 26
2 path.c:205 0x2e7176c9 6
3 path.c:223 0x2e718129 0x2e718129 26 6
4 path.c:246 0x2e718129 6
4 path.c:31 0x2e7176c9 6
4 dynarray.c:112 0x2e717709 16
4 dynarray.c:113 0x2e717939 24
4 path.c:254 0x2e717b09 24
2 path.c:178 0x2e717b09 24
1 dynarray.c:84 0x2e717e09 24
2 dynarray.c:95 0x2e717939 16
2 path.c:191 0x2e718129 26
2 path.c:205 0x2e7176c9 6
2 path.c:205 0x2e7179b9 8
3 path.c:223 0x2e718129 0x2e718129 26 14
4 path.c:246 0x2e718129 14
4 path.c:31 0x2e7176c9 6
4 path.c:31 0x2e7179b9 8
4 dynarray.c:112 0x2e717939 16
4 dynarray.c:113 0x2e717e09 24
4 path.c:254 0x2e717b09 24
2 path.c:178 0x2e717b09 24
1 dynarray.c:84 0x2e717709 24
2 dynarray.c:95 0x2e717e09 24
2 path.c:191 0x2e718129 26
2 path.c:205 0x2e7179b9 6
2 path.c:205 0x2e7176c9 8
2 path.c:205 0x2e717969 12
3 path.c:223 0x2e718129 0x2e718129 26 26
4 path.c:246 0x2e718129 26
4 path.c:31 0x2e7179b9 6
4 path.c:31 0x2e7176c9 8
4 path.c:31 0x2e717969 12
4 dynarray.c:112 0x2e717e09 24
4 dynarray.c:113 0x2e717709 24
4 path.c:254 0x2e717b09 24
4 path.c:246 0x2e7175c9 26
4 path.c:31 0x2e7178a9 6
4 path.c:31 0x2e7176e9 8
4 path.c:31 0x2e717b39 12
4 dynarray.c:112 0x2e7180e9 32
4 dynarray.c:113 0x2e717f39 24
4 path.c:254 0x2e717989 24
2 path.c:128 0x2e717989 24
1 dynarray.c:84 0x2e717939 24
2 dynarray.c:95 0x2e717f39 16
2 path.c:90 0x2e717b39 6
2 path.c:90 0x2e7176e9 8
2 path.c:90 0x2e7178a9 12
3 dynarray.c:69 0x2e7180e9 0x2e717f39 16 32
1 path.c:143 0x2e7175c9 26
2 path.c:178 0x2e717f39 24
1 dynarray.c:84 0x2e717b09 24
2 dynarray.c:95 0x2e717709 16
2 path.c:191 0x2e718129 26
2 path.c:205 0x2e717969 6
3 path.c:223 0x2e718129 0x2e718129 26 6
4 path.c:246 0x2e718129 6
4 path.c:31 0x2e717969 6
4 dynarray.c:112 0x2e717709 16
4 dynarray.c:113 0x2e717b09 24
4 path.c:254 0x2e717f39 24
2 path.c:178 0x2e717f39 24
1 dynarray.c:84 0x2e717e09 24
2 dynarray.c:95 0x2e717b09 16
2 path.c:191 0x2e718129 26
2 path.c:205 0x2e717969 6
2 path.c:205 0x2e7176c9 8
3 path.c:223 0x2e718129 0x2e718129 26 14
4 path.c:246 0x2e718129 14
4 path.c:31 0x2e717969 6
4 path.c:31 0x2e7176c9 8
4 dynarray.c:112 0x2e717b09 16
4 dynarray.c:113 0x2e717e09 24
4 path.c:254 0x2e717f39 24
2 path.c:178 0x2e717f39 24
1 dynarray.c:84 0x2e717709 24
2 dynarray.c:95 0x2e717e09 24
2 path.c:191 0x2e718129 26
2 path.c:205 0x2e7176c9 6
2 path.c:205 0x2e717969 8
2 path.c:205 0x2e7179b9 12
3 path.c:223 0x2e718129 0x2e718129 26 26
4 path.c:246 0x2e718129 26
4 path.c:31 0x2e7176c9 6
4 path.c:31 0x2e717969 8
4 path.c:31 0x2e7179b9 12
4 dynarray.c:112 0x2e717e09 24
4 dynarray.c:113 0x2e717709 24
4 path.c:254 0x2e717f39 24
4 path.c:246 0x2e7175c9 26
4 path.c:31 0x2e717b39 6
4 path.c:31 0x2e7176e9 8
4 path.c:31 0x2e7178a9 12
4 dynarray.c:112 0x2e7180e9 32
4 dynarray.c:113 0x2e717939 24
4 path.c:254 0x2e717989 24
2 path.c:128 0x2e717989 24
1 dynarray.c:84 0x2e717b09 24
2 dynarray.c:95 0x2e717939 16
2 path.c:90 0x2e7178a9 6
2 path.c:90 0x2e7176e9 8
2 path.c:90 0x2e717b39 12
3 dynarray.c:69 0x2e7180e9 0x2e717939 16 32
2 path.c:90 0x2e7179b9 6
1 path.c:143 0x2e718079 32
2 path.c:178 0x2e717939 24
1 dynarray.c:84 0x2e7175c9 24
2 dynarray.c:95 0x2e717f39 16
2 path.c:191 0x2e718159 32
2 path.c:205 0x2e717969 6
3 path.c:223 0x2e718159 0x2e718159 32 6
4 path.c:246 0x2e718159 6
4 path.c:31 0x2e717969 6
4 dynarray.c:112 0x2e717f39 16
4 dynarray.c:113 0x2e7175c9 24
4 path.c:254 0x2e717939 24
2 path.c:178 0x2e717939 24
1 dynarray.c:84 0x2e717709 24
2 dynarray.c:95 0x2e7175c9 16
2 path.c:191 0x2e718199 32
2 path.c:205 0x2e717969 6
2 path.c:205 0x2e718159 8
3 path.c:223 0x2e718199 0x2e718199 32 14
4 path.c:246 0x2e718199 14
4 path.c:31 0x2e717969 6
4 path.c:31 0x2e718159 8
4 dynarray.c:112 0x2e7175c9 16
4 dynarray.c:113 0x2e717709 24
4 path.c:254 0x2e717939 24
2 path.c:178 0x2e717939 24
1 dynarray.c:84 0x2e717f39 24
2 dynarray.c:95 0x2e717709 24
2 path.c:191 0x2e7181d9 32
2 path.c:205 0x2e718159 6
2 path.c:205 0x2e717969 8
2 path.c:205 0x2e718199 12
3 path.c:223 0x2e7181d9 0x2e7181d9 32 26
4 path.c:246 0x2e7181d9 26
4 path.c:31 0x2e718159 6
4 path.c:31 0x2e717969 8
4 path.c:31 0x2e718199 12
4 dynarray.c:112 0x2e717709 24
4 dynarray.c:113 0x2e717f39 24
4 path.c:254 0x2e717939 24
2 path.c:178 0x2e717939 24
1 dynarray.c:84 0x2e7175c9 24
2 dynarray.c:95 0x2e718219 32
2 path.c:191 0x2e718259 32
2 path.c:205 0x2e718199 6
2 path.c:205 0x2e717969 8
2 path.c:205 0x2e718159 12
2 path.c:205 0x2e7181b9 6
3 path.c:223 0x2e718259 0x2e718259 32 32
4 path.c:246 0x2e718259 32
4 path.c:31 0x2e718199 6
4 path.c:31 0x2e717969 8
4 path.c:31 0x2e718159 12
4 path.c:31 0x2e7181b9 6
4 dynarray.c:112 0x2e718219 32
4 dynarray.c:113 0x2e7175c9 24
4 path.c:254 0x2e717939 24
2 path.c:178 0x2e717939 24
1 dynarray.c:84 0x2e7175c9 24
2 dynarray.c:95 0x2e718219 32
2 path.c:191 0x2e718259 32
2 path.c:205 0x2e7181b9 6
2 path.c:205 0x2e718159 8
2 path.c:205 0x2e717969 12
2 path.c:205 0x2e718199 6
3 path.c:223 0x2e718259 0x2e718259 32 32
1 bdtBad4.c:143 0x2e7181d9 32
2 path.c:178 0x2e717f39 24
1 dynarray.c:84 0x2e717709 24
2 dynarray.c:95 0x2e718299 32
2 path.c:191 0x2e7182d9 32
2 path.c:205 0x2e718179 6
2 path.c:205 0x2e7176c9 8
2 path.c:205 0x2e718319 12
2 path.c:205 0x2e718339 6
3 path.c:223 0x2e7182d9 0x2e7182d9 32 32
4 path.c:246 0x2e718259 32
4 path.c:31 0x2e7181b9 6
4 path.c:31 0x2e718159 8
4 path.c:31 0x2e717969 12
4 path.c:31 0x2e718199 6
4 dynarray.c:112 0x2e718219 32
4 dynarray.c:113 0x2e7175c9 24
4 path.c:254 0x2e717939 24
4 path.c:246 0x2e718079 32
4 path.c:31 0x2e7178a9 6
4 path.c:31 0x2e7176e9 8
4 path.c:31 0x2e717b39 12
4 path.c:31 0x2e7179b9 6
4 dynarray.c:112 0x2e7180e9 32
4 dynarray.c:113 0x2e717b09 24
4 path.c:254 0x2e717989 24
2 path.c:128 0x2e717989 24
1 dynarray.c:84 0x2e7175c9 24
2 dynarray.c:95 0x2e717b09 16
2 path.c:90 0x2e7179b9 6
2 path.c:90 0x2e717b39 8
2 path.c:90 0x2e7176e9 12
3 dynarray.c:69 0x2e7180e9 0x2e717b09 16 32
2 path.c:90 0x2e7178a9 6
1 path.c:143 0x2e718259 32
2 path.c:178 0x2e717b09 24
1 dynarray.c:84 0x2e717939 24
2 dynarray.c:95 0x2e717e09 16
2 path.c:191 0x2e718079 32
2 path.c:205 0x2e718199 6
3 path.c:223 0x2e718079 0x2e718079 32 6
4 path.c:246 0x2e718079 6
4 path.c:31 0x2e718199 6
4 dynarray.c:112 0x2e717e09 16
4 dynarray.c:113 0x2e717939 24
4 path.c:254 0x2e717b09 24
2 path.c:178 0x2e717b09 24
1 dynarray.c:84 0x2e718129 24
2 dynarray.c:95 0x2e717939 16
2 path.c:191 0x2e718359 32
2 path.c:205 0x2e718199 6
2 path.c:205 0x2e718079 8
3 path.c:223 0x2e718359 0x2e718359 32 14
4 path.c:246 0x2e718359 14
4 path.c:31 0x2e718199 6
4 path.c:31 0x2e718079 8
4 dynarray.c:112 0x2e717939 16
4 dynarray.c:113 0x2e718129 24
4 path.c:254 0x2e717b09 24
2 path.c:178 0x2e717b09 24
1 dynarray.c:84 0x2e717e09 24
2 dynarray.c:95 0x2e718129 24
2 path.c:191 0x2e718399 32
2 path.c:205 0x2e718079 6
2 path.c:205 0x2e718199 8
2 path.c:205 0x2e718359 12
3 path.c:223 0x2e718399 0x2e718399 32 26
4 path.c:246 0x2e718399 26
4 path.c:31 0x2e718079 6
4 path.c:31 0x2e718199 8
4 path.c:31 0x2e718359 12
4 dynarray.c:112 0x2e718129 24
4 dynarray.c:113 0x2e717e09 24
4 path.c:254 0x2e717b09 24
2 path.c:178 0x2e717b09 24
1 dynarray.c:84 0x2e717939 24
2 dynarray.c:95 0x2e718399 32
2 path.c:191 0x2e7183d9 32
2 path.c:205 0x2e718359 6
2 path.c:205 0x2e718199 8
2 path.c:205 0x2e718079 12
2 path.c:205 0x2e718379 6
3 path.c:223 0x2e7183d9 0x2e7183d9 32 32
4 path.c:246 0x2e7183d9 32
4 path.c:31 0x2e718359 6
4 path.c:31 0x2e718199 8
4 path.c:31 0x2e718079 12
4 path.c:31 0x2e718379 6
4 dynarray.c:112 0x2e718399 32
4 dynarray.c:113 0x2e717939 24
4 path.c:254 0x2e717b09 24
4 path.c:246 0x2e718259 32
4 path.c:31 0x2e7179b9 6
4 path.c:31 0x2e717b39 8
4 path.c:31 0x2e7176e9 12
4 path.c:31 0x2e7178a9 6
4 dynarray.c:112 0x2e7180e9 32
4 dynarray.c:113 0x2e7175c9 24
4 path.c:254 0x2e717989 24
1 dynarray.c:84 0x2e717939 24
2 dynarray.c:95 0x2e718419 48
1 bdtBad4.c:663 0x2e718469 111
4 dynarray.c:112 0x2e718419 48
4 dynarray.c:113 0x2e717939 24
6 bdt_client.c:96 0x2e718469
4 bdt_client.c:96 0x2e718469 111
2 path.c:128 0x2e717989 24
1 dynarray.c:84 0x2e717939 24
2 dynarray.c:95 0x2e7175c9 16
2 path.c:90 0x2e7178a9 6
2 path.c:90 0x2e7176e9 8
2 path.c:90 0x2e717b39 12
3 dynarray.c:69 0x2e7180e9 0x2e7175c9 16 32
2 path.c:90 0x2e7179b9 6
1 path.c:143 0x2e718219 32
2 path.c:178 0x2e7175c9 24
1 dynarray.c:84 0x2e717b09 24
2 dynarray.c:95 0x2e717e09 16
2 path.c:191 0x2e718259 32
2 path.c:205 0x2e718379 6
3 path.c:223 0x2e718259 0x2e718259 32 6
4 path.c:246 0x2e718259 6
4 path.c:31 0x2e718379 6
4 dynarray.c:112 0x2e717e09 16
4 dynarray.c:113 0x2e717b09 24
4 path.c:254 0x2e7175c9 24
2 path.c:178 0x2e7175c9 24
1 dynarray.c:84 0x2e718129 24
2 dynarray.c:95 0x2e717b09 16
2 path.c:191 0x2e7183d9 32
2 path.c:205 0x2e718379 6
2 path.c:205 0x2e718259 8
3 path.c:223 0x2e7183d9 0x2e7183d9 32 14
4 path.c:246 0x2e7183d9 14
4 path.c:31 0x2e718379 6
4 path.c:31 0x2e718259 8
4 dynarray.c:112 0x2e717b09 16
4 dynarray.c:113 0x2e718129 24
4 path.c:254 0x2e7175c9 24
2 path.c:178 0x2e7175c9 24
1 dynarray.c:84 0x2e717e09 24
2 dynarray.c:95 0x2e718129 24
2 path.c:191 0x2e7184f9 32
2 path.c:205 0x2e718259 6
2 path.c:205 0x2e718379 8
2 path.c:205 0x2e7183d9 12
3 path.c:223 0x2e7184f9 0x2e7184f9 32 26
4 path.c:246 0x2e7184f9 26
4 path.c:31 0x2e718259 6
4 path.c:31 0x2e718379 8
4 path.c:31 0x2e7183d9 12
4 dynarray.c:112 0x2e718129 24
4 dynarray.c:113 0x2e717e09 24
4 path.c:254 0x2e7175c9 24
2 path.c:178 0x2e7175c9 24
1 dynarray.c:84 0x2e717b09 24
2 dynarray.c:95 0x2e7184f9 32
2 path.c:191 0x2e718539 32
2 path.c:205 0x2e7183d9 6
2 path.c:205 0x2e718379 8
2 path.c:205 0x2e718259 12
2 path.c:205 0x2e7183f9 6
3 path.c:223 0x2e718539 0x2e718539 32 32
4 path.c:246 0x2e718539 32
4 path.c:31 0x2e7183d9 6
4 path.c:31 0x2e718379 8
4 path.c:31 0x2e718259 12
4 path.c:31 0x2e7183f9 6
4 dynarray.c:112 0x2e7184f9 32
4 dynarray.c:113 0x2e717b09 24
4 path.c:254 0x2e7175c9 24
4 path.c:246 0x2e718219 32
4 path.c:31 0x2e7178a9 6
4 path.c:31 0x2e7176e9 8
4 path.c:31 0x2e717b39 12
4 path.c:31 0x2e7179b9 6
4 dynarray.c:112 0x2e7180e9 32
4 dynarray.c:113 0x2e717939 24
4 path.c:254 0x2e717989 24
2 path.c:128 0x2e717989 24
1 dynarray.c:84 0x2e717b09 24
2 dynarray.c:95 0x2e717939 16
2 path.c:90 0x2e7179b9 6
2 path.c:90 0x2e717b39 8
2 path.c:90 0x2e7176e9 8
3 dynarray.c:69 0x2e7180e9 0x2e717939 16 32
1 path.c:143 0x2e7175c9 22
2 path.c:178 0x2e717939 24
1 dynarray.c:84 0x2e717e09 24
2 dynarray.c:95 0x2e718129 16
2 path.c:191 0x2e718579 22
2 path.c:205 0x2e7178a9 6
3 path.c:223 0x2e718579 0x2e718579 22 6
4 path.c:246 0x2e718579 6
4 path.c:31 0x2e7178a9 6
4 dynarray.c:112 0x2e718129 16
4 dynarray.c:113 0x2e717e09 24
4 path.c:254 0x2e717939 24
2 path.c:178 0x2e717939 24
1 dynarray.c:84 0x2e718579 24
2 dynarray.c:95 0x2e717e09 16
2 path.c:191 0x2e7185a9 22
2 path.c:205 0x2e7178a9 6
2 path.c:205 0x2e7183f9 8
3 path.c:223 0x2e7185a9 0x2e7185a9 22 14
4 path.c:246 0x2e7185a9 14
4 path.c:31 0x2e7178a9 6
4 path.c:31 0x2e7183f9 8
4 dynarray.c:112 0x2e717e09 16
4 dynarray.c:113 0x2e718579 24
4 path.c:254 0x2e717939 24
2 path.c:178 0x2e717939 24
1 dynarray.c:84 0x2e718129 24
2 dynarray.c:95 0x2e718579 24
2 path.c:191 0x2e7185a9 22
2 path.c:205 0x2e7183f9 6
2 path.c:205 0x2e7178a9 8
2 path.c:205 0x2e718259 8
3 path.c:223 0x2e7185a9 0x2e7185a9 22 22
4 path.c:246 0x2e7185a9 22
4 path.c:31 0x2e7183f9 6
4 path.c:31 0x2e7178a9 8
4 path.c:31 0x2e718259 8
4 dynarray.c:112 0x2e718579 24
4 dynarray.c:113 0x2e718129 24
4 path.c:254 0x2e717939 24
4 path.c:246 0x2e7175c9 22
4 path.c:31 0x2e7179b9 6
4 path.c:31 0x2e717b39 8
4 path.c:31 0x2e7176e9 8
4 dynarray.c:112 0x2e7180e9 32
4 dynarray.c:113 0x2e717b09 24
4 path.c:254 0x2e717989 24
2 path.c:128 0x2e717989 24
1 dynarray.c:84 0x2e717e09 24
2 dynarray.c:95 0x2e717b09 16
2 path.c:90 0x2e7176e9 6
2 path.c:90 0x2e717b39 8
2 path.c:90 0x2e7179b9 8
3 dynarray.c:69 0x2e7180e9 0x2e717b09 16 32
1 path.c:143 0x2e7175c9 22
2 path.c:178 0x2e717b09 24
1 dynarray.c:84 0x2e717939 24
2 dynarray.c:95 0x2e718129 16
2 path.c:191 0x2e7185a9 22
2 path.c:205 0x2e718259 6
3 path.c:223 0x2e7185a9 0x2e7185a9 22 6
4 path.c:246 0x2e7185a9 6
4 path.c:31 0x2e718259 6
4 dynarray.c:112 0x2e718129 16
4 dynarray.c:113 0x2e717939 24
4 path.c:254 0x2e717b09 24
2 path.c:178 0x2e717b09 24
1 dynarray.c:84 0x2e718579 24
2 dynarray.c:95 0x2e717939 16
2 path.c:191 0x2e7185a9 22
2 path.c:205 0x2e718259 6
2 path.c:205 0x2e7178a9 8
3 path.c:223 0x2e7185a9 0x2e7185a9 22 14
4 path.c:246 0x2e7185a9 14
4 path.c:31 0x2e718259 6
4 path.c:31 0x2e7178a9 8
4 dynarray.c:112 0x2e717939 16
4 dynarray.c:113 0x2e718579 24
4 path.c:254 0x2e717b09 24
2 path.c:178 0x2e717b09 24
1 dynarray.c:84 0x2e718129 24
2 dynarray.c:95 0x2e718579 24
2 path.c:191 0x2e7185a9 22
2 path.c:205 0x2e7178a9 6
2 path.c:205 0x2e718259 8
2 path.c:205 0x2e7183f9 8
3 path.c:223 0x2e7185a9 0x2e7185a9 22 22
4 path.c:246 0x2e7185a9 22
4 path.c:31 0x2e7178a9 6
4 path.c:31 0x2e718259 8
4 path.c:31 0x2e7183f9 8
4 dynarray.c:112 0x2e718579 24
4 dynarray.c:113 0x2e718129 24
4 path.c:254 0x2e717b09 24
4 path.c:246 0x2e7175c9 22
4 path.c:31 0x2e7176e9 6
4 path.c:31 0x2e717b39 8
4 path.c:31 0x2e7179b9 8
4 dynarray.c:112 0x2e7180e9 32
4 dynarray.c:113 0x2e717e09 24
4 path.c:254 0x2e717989 24
2 path.c:128 0x2e717989 24
1 dynarray.c:84 0x2e717939 24
2 dynarray.c:95 0x2e717e09 16
2 path.c:90 0x2e7179b9 6
2 path.c:90 0x2e717b39 8
2 path.c:90 0x2e7176e9 8
3 dynarray.c:69 0x2e7180e9 0x2e717e09 16 32
1 path.c:143 0x2e7175c9 22
2 path.c:178 0x2e717e09 24
1 dynarray.c:84 0x2e717b09 24
2 dynarray.c:95 0x2e718129 16
2 path.c:191 0x2e7185a9 22
2 path.c:205 0x2e7183f9 6
3 path.c:223 0x2e7185a9 0x2e7185a9 22 6
4 path.c:246 0x2e7185a9 6
4 path.c:31 0x2e7183f9 6
4 dynarray.c:112 0x2e718129 16
4 dynarray.c:113 0x2e717b09 24
4 path.c:254 0x2e717e09 24
2 path.c:178 0x2e717e09 24
1 dynarray.c:84 0x2e718579 24
2 dynarray.c:95 0x2e717b09 16
2 path.c:191 0x2e7185a9 22
2 path.c:205 0x2e7183f9 6
2 path.c:205 0x2e718259 8
3 path.c:223 0x2e7185a9 0x2e7185a9 22 14
4 path.c:246 0x2e7185a9 14
4 path.c:31 0x2e7183f9 6
4 path.c:31 0x2e718259 8
4 dynarray.c:112 0x2e717b09 16
4 dynarray.c:113 0x2e718579 24
4 path.c:254 0x2e717e09 24
2 path.c:178 0x2e717e09 24
1 dynarray.c:84 0x2e718129 24
2 dynarray.c:95 0x2e718579 24
2 path.c:191 0x2e7185a9 22
2 path.c:205 0x2e718259 6
2 path.c:205 0x2e7183f9 8
2 path.c:205 0x2e7178a9 8
3 path.c:223 0x2e7185a9 0x2e7185a9 22 22
4 path.c:246 0x2e7185a9 22
4 path.c:31 0x2e718259 6
4 path.c:31 0x2e7183f9 8
4 path.c:31 0x2e7178a9 8
4 dynarray.c:112 0x2e718579 24
4 dynarray.c:113 0x2e718129 24
4 path.c:254 0x2e717e09 24
4 path.c:246 0x2e7175c9 22
4 path.c:31 0x2e7179b9 6
4 path.c:31 0x2e717b39 8
4 path.c:31 0x2e7176e9 8
4 dynarray.c:112 0x2e7180e9 32
4 dynarray.c:113 0x2e717939 24
4 path.c:254 0x2e717989 24
2 path.c:128 0x2e717989 24
1 dynarray.c:84 0x2e717b09 24
2 dynarray.c:95 0x2e717939 16
2 path.c:90 0x2e7176e9 6
2 path.c:90 0x2e717b39 8
1 path.c:143 0x2e717889 14
2 path.c:178 0x2e717e09 24
1 dynarray.c:84 0x2e7175c9 24
2 dynarray.c:95 0x2e718129 16
2 path.c:191 0x2e7179b9 14
2 path.c:205 0x2e7183f9 6
3 path.c:223 0x2e7179b9 0x2e7179b9 14 6
4 path.c:246 0x2e7179b9 6
4 path.c:31 0x2e7183f9 6
4 dynarray.c:112 0x2e718129 16
4 dynarray.c:113 0x2e7175c9 24
4 path.c:254 0x2e717e09 24
2 path.c:178 0x2e717e09 24
1 dynarray.c:84 0x2e718579 24
2 dynarray.c:95 0x2e7175c9 16
2 path.c:191 0x2e7183f9 14
2 path.c:205 0x2e7179b9 6
2 path.c:205 0x2e718259 8
3 path.c:223 0x2e7183f9 0x2e7183f9 14 14
4 path.c:246 0x2e7183f9 14
4 path.c:31 0x2e7179b9 6
4 path.c:31 0x2e718259 8
4 dynarray.c:112 0x2e7175c9 16
4 dynarray.c:113 0x2e718579 24
4 path.c:254 0x2e717e09 24
4 path.c:246 0x2e717889 14
4 path.c:31 0x2e7176e9 6
4 path.c:31 0x2e717b39 8
4 dynarray.c:112 0x2e717939 16
4 dynarray.c:113 0x2e717b09 24
4 path.c:254 0x2e717989 24
4 path.c:246 0x2e7182d9 32
4 path.c:31 0x2e718179 6
4 path.c:31 0x2e7176c9 8
4 path.c:31 0x2e718319 12
4 path.c:31 0x2e718339 6
4 dynarray.c:112 0x2e718299 32
4 dynarray.c:113 0x2e717709 24
4 path.c:254 0x2e717f39 24
4 bdtBad4.c:263 0x2e7181d9 32
4 path.c:246 0x2e7180b9 26
4 path.c:31 0x2e717e69 6
4 path.c:31 0x2e717e89 8
4 path.c:31 0x2e717ea9 12
4 dynarray.c:112 0x2e717629 24
4 dynarray.c:113 0x2e717659 24
4 path.c:254 0x2e717f09 24
4 bdtBad4.c:263 0x2e717fe9 32
4 path.c:246 0x2e717da9 14
4 path.c:31 0x2e717dc9 6
4 path.c:31 0x2e717de9 8
4 dynarray.c:112 0x2e717d79 16
4 dynarray.c:113 0x2e7179d9 24
4 path.c:254 0x2e717cc9 24
4 bdtBad4.c:263 0x2e717d39 32
2 path.c:128 0x2e717cc9 24
1 dynarray.c:84 0x2e718129 24
2 dynarray.c:95 0x2e7179d9 16
2 path.c:90 0x2e717de9 6
1 path.c:143 0x2e7178a9 6
2 path.c:178 0x2e717f09 24
1 dynarray.c:84 0x2e717d79 24
2 dynarray.c:95 0x2e717659 16
2 path.c:191 0x2e717dc9 6
2 path.c:205 0x2e717ea9 6
3 path.c:223 0x2e717dc9 0x2e717dc9 6 6
4 path.c:246 0x2e717dc9 6
4 path.c:31 0x2e717ea9 6
4 dynarray.c:112 0x2e717659 16
4 dynarray.c:113 0x2e717d79 24
4 path.c:254 0x2e717f09 24
4 path.c:246 0x2e7178a9 6
4 path.c:31 0x2e717de9 6
4 dynarray.c:112 0x2e7179d9 16
4 dynarray.c:113 0x2e718129 24
4 path.c:254 0x2e717cc9 24
2 path.c:128 0x2e717cc9 24
1 dynarray.c:84 0x2e717629 24
2 dynarray.c:95 0x2e718129 16
2 path.c:90 0x2e717de9 6
2 path.c:90 0x2e7178a9 7
1 path.c:143 0x2e717da9 13
2 path.c:178 0x2e717f09 24
1 dynarray.c:84 0x2e7179d9 24
2 dynarray.c:95 0x2e717d79 16
2 path.c:191 0x2e717ea9 13
2 path.c:205 0x2e717e89 6
3 path.c:223 0x2e717ea9 0x2e717ea9 13 6
4 path.c:246 0x2e717ea9 6
4 path.c:31 0x2e717e89 6
4 dynarray.c:112 0x2e717d79 16
4 dynarray.c:113 0x2e7179d9 24
4 path.c:254 0x2e717f09 24
2 path.c:178 0x2e717f09 24
1 dynarray.c:84 0x2e717659 24
2 dynarray.c:95 0x2e7179d9 16
2 path.c:191 0x2e717e89 13
2 path.c:205 0x2e717ea9 6
2 path.c:205 0x2e717e69 7
3 path.c:223 0x2e717e89 0x2e717e89 13 13
4 path.c:246 0x2e717e89 13
4 path.c:31 0x2e717ea9 6
4 path.c:31 0x2e717e69 7
4 dynarray.c:112 0x2e7179d9 16
4 dynarray.c:113 0x2e717659 24
4 path.c:254 0x2e717f09 24
4 path.c:246 0x2e717da9 13
4 path.c:31 0x2e717de9 6
4 path.c:31 0x2e7178a9 7
4 dynarray.c:112 0x2e718129 16
4 dynarray.c:113 0x2e717629 24
4 path.c:254 0x2e717cc9 24
2 path.c:128 0x2e717cc9 24
1 dynarray.c:84 0x2e717d79 24
2 dynarray.c:95 0x2e717629 16
2 path.c:90 0x2e7178a9 6
2 path.c:90 0x2e717de9 8
1 path.c:143 0x2e717dc9 14
2 path.c:178 0x2e717f09 24
1 dynarray.c:84 0x2e718129 24
2 dynarray.c:95 0x2e717659 16
2 path.c:191 0x2e717da9 14
2 path.c:205 0x2e717ea9 6
3 path.c:223 0x2e717da9 0x2e717da9 14 6
4 path.c:246 0x2e717da9 6
4 path.c:31 0x2e717ea9 6
4 dynarray.c:112 0x2e717659 16
4 dynarray.c:113 0x2e718129 24
4 path.c:254 0x2e717f09 24
2 path.c:178 0x2e717f09 24
1 dynarray.c:84 0x2e7179d9 24
2 dynarray.c:95 0x2e718129 16
2 path.c:191 0x2e717ea9 14
2 path.c:205 0x2e717da9 6
2 path.c:205 0x2e717e89 8
3 path.c:223 0x2e717ea9 0x2e717ea9 14 14
4 path.c:246 0x2e717ea9 14
4 path.c:31 0x2e717da9 6
4 path.c:31 0x2e717e89 8
4 dynarray.c:112 0x2e718129 16
4 dynarray.c:113 0x2e7179d9 24
4 path.c:254 0x2e717f09 24
4 path.c:246 0x2e717dc9 14
4 path.c:31 0x2e7178a9 6
4 path.c:31 0x2e717de9 8
4 dynarray.c:112 0x2e717629 16
4 dynarray.c:113 0x2e717d79 24
4 path.c:254 0x2e717cc9 24
2 path.c:128 0x2e717cc9 24
1 dynarray.c:84 0x2e717659 24
2 dynarray.c:95 0x2e717d79 16
2 path.c:90 0x2e717de9 6
2 path.c:90 0x2e7178a9 8
2 path.c:90 0x2e717dc9 12
3 dynarray.c:69 0x2e717d39 0x2e717d79 16 32
1 path.c:143 0x2e717629 26
2 path.c:178 0x2e717d79 24
1 dynarray.c:84 0x2e717f09 24
2 dynarray.c:95 0x2e7179d9 16
2 path.c:191 0x2e7180b9 26
2 path.c:205 0x2e717e89 6
3 path.c:223 0x2e7180b9 0x2e7180b9 26 6
4 path.c:246 0x2e7180b9 6
4 path.c:31 0x2e717e89 6
4 dynarray.c:112 0x2e7179d9 16
4 dynarray.c:113 0x2e717f09 24
4 path.c:254 0x2e717d79 24
2 path.c:178 0x2e717d79 24
1 dynarray.c:84 0x2e718129 24
2 dynarray.c:95 0x2e717f09 16
2 path.c:191 0x2e7180b9 26
2 path.c:205 0x2e717e89 6
2 path.c:205 0x2e717da9 8
3 path.c:223 0x2e7180b9 0x2e7180b9 26 14
4 path.c:246 0x2e7180b9 14
4 path.c:31 0x2e717e89 6
4 path.c:31 0x2e717da9 8
4 dynarray.c:112 0x2e717f09 16
4 dynarray.c:113 0x2e718129 24
4 path.c:254 0x2e717d79 24
4 path.c:246 0x2e717629 26
4 path.c:31 0x2e717de9 6
4 path.c:31 0x2e7178a9 8
4 path.c:31 0x2e717dc9 12
4 dynarray.c:112 0x2e717d39 32
4 dynarray.c:113 0x2e717659 24
4 path.c:254 0x2e717cc9 24
2 path.c:128 0x2e717cc9 24
1 dynarray.c:84 0x2e7179d9 24
2 dynarray.c:95 0x2e717659 16
2 path.c:90 0x2e717dc9 6
2 path.c:90 0x2e7178a9 8
2 path.c:90 0x2e717de9 12
3 dynarray.c:69 0x2e717d39 0x2e717659 16 32
2 path.c:90 0x2e717da9 6
1 path.c:143 0x2e718399 32
2 path.c:178 0x2e717659 24
1 dynarray.c:84 0x2e717629 24
2 dynarray.c:95 0x2e717d79 16
2 path.c:191 0x2e717fe9 32
2 path.c:205 0x2e717e89 6
3 path.c:223 0x2e717fe9 0x2e717fe9 32 6
4 path.c:246 0x2e717fe9 6
4 path.c:31 0x2e717e89 6
4 dynarray.c:112 0x2e717d79 16
4 dynarray.c:113 0x2e717629 24
4 path.c:254 0x2e717659 24
2 path.c:178 0x2e717659 24
1 dynarray.c:84 0x2e718129 24
2 dynarray.c:95 0x2e717629 16
2 path.c:191 0x2e718299 32
2 path.c:205 0x2e717e89 6
2 path.c:205 0x2e717fe9 8
3 path.c:223 0x2e718299 0x2e718299 32 14
4 path.c:246 0x2e718299 14
4 path.c:31 0x2e717e89 6
4 path.c:31 0x2e717fe9 8
4 dynarray.c:112 0x2e717629 16
4 dynarray.c:113 0x2e718129 24
4 path.c:254 0x2e717659 24
4 path.c:246 0x2e718399 32
4 path.c:31 0x2e717dc9 6
4 path.c:31 0x2e7178a9 8
4 path.c:31 0x2e717de9 12
4 path.c:31 0x2e717da9 6
4 dynarray.c:112 0x2e717d39 32
4 dynarray.c:113 0x2e7179d9 24
4 path.c:254 0x2e717cc9 24
1 dynarray.c:84 0x2e717d79 24
2 dynarray.c:95 0x2e717cc9 24
1 bdtBad4.c:663 0x2e7181d9 42
4 dynarray.c:112 0x2e717cc9 24
4 dynarray.c:113 0x2e717d79 24
6 bdt_client.c:113 0x2e7181d9
4 bdt_client.c:113 0x2e7181d9 42
2 path.c:128 0x2e717d79 24
1 dynarray.c:84 0x2e7179d9 24
2 dynarray.c:95 0x2e717cc9 16
2 path.c:90 0x2e717da9 13
1 path.c:143 0x2e717e69 13
2 path.c:178 0x2e718129 24
1 dynarray.c:84 0x2e717659 24
2 dynarray.c:95 0x2e717629 16
2 path.c:191 0x2e717de9 13
2 path.c:205 0x2e717dc9 13
3 path.c:223 0x2e717de9 0x2e717de9 13 13
4 path.c:246 0x2e717de9 13
4 path.c:31 0x2e717dc9 13
4 dynarray.c:112 0x2e717629 16
4 dynarray.c:113 0x2e717659 24
4 path.c:254 0x2e718129 24
4 path.c:246 0x2e717e69 13
4 path.c:31 0x2e717da9 13
4 dynarray.c:112 0x2e717cc9 16
4 dynarray.c:113 0x2e7179d9 24
4 path.c:254 0x2e717d79 24
2 path.c:128 0x2e717d79 24
1 dynarray.c:84 0x2e717f09 24
2 dynarray.c:95 0x2e7179d9 16
2 path.c:90 0x2e717da9 6
1 path.c:143 0x2e7178a9 6
2 path.c:178 0x2e718129 24
1 dynarray.c:84 0x2e717cc9 24
2 dynarray.c:95 0x2e717659 16
2 path.c:191 0x2e717e69 6
2 path.c:205 0x2e717de9 6
3 path.c:223 0x2e717e69 0x2e717e69 6 6
4 path.c:246 0x2e717e69 6
4 path.c:31 0x2e717de9 6
4 dynarray.c:112 0x2e717659 16
4 dynarray.c:113 0x2e717cc9 24
4 path.c:254 0x2e718129 24
4 path.c:246 0x2e7178a9 6
4 path.c:31 0x2e717da9 6
4 dynarray.c:112 0x2e7179d9 16
4 dynarray.c:113 0x2e717f09 24
4 path.c:254 0x2e717d79 24
4 path.c:246 0x2e717bf9 25
4 path.c:31 0x2e717c29 6
4 path.c:31 0x2e717c49 7
4 path.c:31 0x2e717c69 12
4 dynarray.c:112 0x2e717bc9 24
4 dynarray.c:113 0x2e717909 24
4 path.c:254 0x2e717b99 24
4 bdtBad4.c:263 0x2e717b59 32
4 path.c:246 0x2e717aa9 13
4 path.c:31 0x2e717ac9 6
4 path.c:31 0x2e717ae9 7
4 dynarray.c:112 0x2e717a79 16
4 dynarray.c:113 0x2e717599 24
4 path.c:254 0x2e717a49 24
4 bdtBad4.c:263 0x2e717a09 32
4 path.c:246 0x2e717849 6
4 path.c:31 0x2e717869 6
4 dynarray.c:112 0x2e717819 16
4 dynarray.c:113 0x2e7175f9 24
4 path.c:254 0x2e7177e9 24
4 bdtBad4.c:263 0x2e7177a9 32
2 path.c:128 0x2e7177e9 24
1 dynarray.c:84 0x2e717629 24
2 dynarray.c:95 0x2e7175f9 16
2 path.c:90 0x2e717869 6
2 path.c:90 0x2e717849 7
1 path.c:143 0x2e717dc9 13
4 path.c:246 0x2e717dc9 13
4 path.c:31 0x2e717869 6
4 path.c:31 0x2e717849 7
4 dynarray.c:112 0x2e7175f9 16
4 dynarray.c:113 0x2e717629 24
4 path.c:254 0x2e7177e9 24
2 path.c:128 0x2e7177e9 24
1 dynarray.c:84 0x2e717819 24
2 dynarray.c:95 0x2e717629 16
2 path.c:90 0x2e717849 6
1 path.c:143 0x2e717dc9 6
4 path.c:246 0x2e717dc9 6
4 path.c:31 0x2e717849 6
4 dynarray.c:112 0x2e717629 16
4 dynarray.c:113 0x2e717819 24
4 path.c:254 0x2e7177e9 24
2 path.c:128 0x2e7177e9 24
1 dynarray.c:84 0x2e7175f9 24
2 dynarray.c:95 0x2e717819 16
2 path.c:90 0x2e717849 6
1 path.c:143 0x2e717dc9 6
4 path.c:246 0x2e717dc9 6
4 path.c:31 0x2e717849 6
4 dynarray.c:112 0x2e717819 16
4 dynarray.c:113 0x2e7175f9 24
4 path.c:254 0x2e7177e9 24
2 path.c:128 0x2e7177e9 24
1 dynarray.c:84 0x2e717629 24
2 dynarray.c:95 0x2e7175f9 16
2 path.c:90 0x2e717849 13
1 path.c:143 0x2e717dc9 13
4 path.c:246 0x2e717dc9 13
4 path.c:31 0x2e717849 13
4 dynarray.c:112 0x2e7175f9 16
4 dynarray.c:113 0x2e717629 24
4 path.c:254 0x2e7177e9 24
1 dynarray.c:84 0x2e717819 24
2 dynarray.c:95 0x2e7177e9 16
1 bdtBad4.c:663 0x2e717dc9 1
4 dynarray.c:112 0x2e7177e9 16
4 dynarray.c:113 0x2e717819 24
4 bdt_client.c:124 0x2e717dc9 1
2 path.c:128 0x2e717819 24
1 dynarray.c:84 0x2e717629 24
2 dynarray.c:95 0x2e7177e9 16
2 path.c:90 0x2e717849 2
2 path.c:90 0x2e717869 2
1 path.c:143 0x2e717dc9 4
2 path.c:178 0x2e717a49 24
1 dynarray.c:84 0x2e7175f9 24
2 dynarray.c:95 0x2e717599 16
2 path.c:191 0x2e717ae9 4
2 path.c:205 0x2e717aa9 2
3 path.c:223 0x2e717ae9 0x2e717ae9 4 2
1 bdtBad4.c:143 0x2e7181d9 32
2 path.c:178 0x2e717b99 24
1 dynarray.c:84 0x2e717a79 24
2 dynarray.c:95 0x2e717909 16
2 path.c:191 0x2e717c69 2
2 path.c:205 0x2e717c49 2
3 path.c:223 0x2e717c69 0x2e717c69 2 2
4 path.c:246 0x2e717ae9 2
4 path.c:31 0x2e717aa9 2
4 dynarray.c:112 0x2e717599 16
4 dynarray.c:113 0x2e7175f9 24
4 path.c:254 0x2e717a49 24
2 path.c:178 0x2e717a49 24
1 dynarray.c:84 0x2e717bc9 24
2 dynarray.c:95 0x2e7175f9 16
2 path.c:191 0x2e717aa9 4
2 path.c:205 0x2e717ae9 2
2 path.c:205 0x2e717c29 2
3 path.c:223 0x2e717aa9 0x2e717aa9 4 4
1 bdtBad4.c:143 0x2e717fa9 32
2 path.c:178 0x2e717bf9 24
1 dynarray.c:84 0x2e717599 24
2 dynarray.c:95 0x2e717d79 16
2 path.c:191 0x2e717da9 4
2 path.c:205 0x2e7178a9 2
2 path.c:205 0x2e717de9 2
3 path.c:223 0x2e717da9 0x2e717da9 4 4
4 path.c:246 0x2e717aa9 4
4 path.c:31 0x2e717ae9 2
4 path.c:31 0x2e717c29 2
4 dynarray.c:112 0x2e7175f9 16
4 dynarray.c:113 0x2e717bc9 24
4 path.c:254 0x2e717a49 24
4 path.c:246 0x2e717dc9 4
4 path.c:31 0x2e717849 2
4 path.c:31 0x2e717869 2
4 dynarray.c:112 0x2e7177e9 16
4 dynarray.c:113 0x2e717629 24
4 path.c:254 0x2e717819 24
1 dynarray.c:84 0x2e717f09 24
2 dynarray.c:95 0x2e717819 16
1 bdtBad4.c:663 0x2e717ac9 5
4 dynarray.c:112 0x2e717819 16
4 dynarray.c:113 0x2e717f09 24
6 bdt_client.c:140 0x2e717ac9
4 bdt_client.c:140 0x2e717ac9 5
2 path.c:128 0x2e717f09 24
1 dynarray.c:84 0x2e717629 24
2 dynarray.c:95 0x2e717819 16
2 path.c:90 0x2e717869 2
2 path.c:90 0x2e717849 2
1 path.c:143 0x2e717ac9 4
2 path.c:178 0x2e717a49 24
1 dynarray.c:84 0x2e7177e9 24
2 dynarray.c:95 0x2e717bc9 16
2 path.c:191 0x2e717dc9 4
2 path.c:205 0x2e717ae9 2
3 path.c:223 0x2e717dc9 0x2e717dc9 4 2
4 path.c:246 0x2e717dc9 2
4 path.c:31 0x2e717ae9 2
4 dynarray.c:112 0x2e717bc9 16
4 dynarray.c:113 0x2e7177e9 24
4 path.c:254 0x2e717a49 24
2 path.c:178 0x2e717a49 24
1 dynarray.c:84 0x2e7175f9 24
2 dynarray.c:95 0x2e7177e9 16
2 path.c:191 0x2e717ae9 4
2 path.c:205 0x2e717dc9 2
2 path.c:205 0x2e717aa9 2
3 path.c:223 0x2e717ae9 0x2e717ae9 4 4
4 path.c:246 0x2e717ae9 4
4 path.c:31 0x2e717dc9 2
4 path.c:31 0x2e717aa9 2
4 dynarray.c:112 0x2e7177e9 16
4 dynarray.c:113 0x2e7175f9 24
4 path.c:254 0x2e717a49 24
2 path.c:178 0x2e717a49 24
1 dynarray.c:84 0x2e717bc9 24
2 dynarray.c:95 0x2e7175f9 16
2 path.c:191 0x2e717aa9 4
2 path.c:205 0x2e717dc9 2
2 path.c:205 0x2e717ae9 2
3 path.c:223 0x2e717aa9 0x2e717aa9 4 4
1 bdtBad4.c:143 0x2e717f69 32
2 path.c:178 0x2e7179d9 24
1 dynarray.c:84 0x2e7177e9 24
2 dynarray.c:95 0x2e718129 16
2 path.c:191 0x2e717e69 4
2 path.c:205 0x2e717fe9 2
2 path.c:205 0x2e717e89 2
3 path.c:223 0x2e717e69 0x2e717e69 4 4
4 path.c:246 0x2e717aa9 4
4 path.c:31 0x2e717dc9 2
4 path.c:31 0x2e717ae9 2
4 dynarray.c:112 0x2e7175f9 16
4 dynarray.c:113 0x2e717bc9 24
4 path.c:254 0x2e717a49 24
4 path.c:246 0x2e717ac9 4
4 path.c:31 0x2e717869 2
4 path.c:31 0x2e717849 2
4 dynarray.c:112 0x2e717819 16
4 dynarray.c:113 0x2e717629 24
4 path.c:254 0x2e717f09 24
1 dynarray.c:84 0x2e717cc9 24
2 dynarray.c:95 0x2e717f09 24
1 bdtBad4.c:663 0x2e717c29 8
4 dynarray.c:112 0x2e717f09 24
4 dynarray.c:113 0x2e717cc9 24
6 bdt_client.c:145 0x2e717c29
4 bdt_client.c:145 0x2e717c29 8
2 path.c:128 0x2e717cc9 24
1 dynarray.c:84 0x2e717629 24
2 dynarray.c:95 0x2e717f09 16
2 path.c:90 0x2e717849 2
2 path.c:90 0x2e717869 2
1 path.c:143 0x2e717c29 4
2 path.c:178 0x2e717a49 24
1 dynarray.c:84 0x2e717819 24
2 dynarray.c:95 0x2e717bc9 16
2 path.c:191 0x2e717ac9 4
2 path.c:205 0x2e717dc9 2
3 path.c:223 0x2e717ac9 0x2e717ac9 4 2
4 path.c:246 0x2e717ac9 2
4 path.c:31 0x2e717dc9 2
4 dynarray.c:112 0x2e717bc9 16
4 dynarray.c:113 0x2e717819 24
4 path.c:254 0x2e717a49 24
2 path.c:178 0x2e717a49 24
1 dynarray.c:84 0x2e7175f9 24
2 dynarray.c:95 0x2e717819 16
2 path.c:191 0x2e717dc9 4
2 path.c:205 0x2e717ac9 2
2 path.c:205 0x2e717aa9 2
3 path.c:223 0x2e717dc9 0x2e717dc9 4 4
4 path.c:246 0x2e717dc9 4
4 path.c:31 0x2e717ac9 2
4 path.c:31 0x2e717aa9 2
4 dynarray.c:112 0x2e717819 16
4 dynarray.c:113 0x2e7175f9 24
4 path.c:254 0x2e717a49 24
4 path.c:246 0x2e717c29 4
4 path.c:31 0x2e717849 2
4 path.c:31 0x2e717869 2
4 dynarray.c:112 0x2e717f09 16
4 dynarray.c:113 0x2e717629 24
4 path.c:254 0x2e717cc9 24
4 path.c:246 0x2e717da9 4
4 path.c:31 0x2e7178a9 2
4 path.c:31 0x2e717de9 2
4 dynarray.c:112 0x2e717d79 16
4 dynarray.c:113 0x2e717599 24
4 path.c:254 0x2e717bf9 24
4 bdtBad4.c:263 0x2e717fa9 32
1 dynarray.c:84 0x2e717bc9 24
2 dynarray.c:95 0x2e717bf9 16
1 bdtBad4.c:663 0x2e717ae9 5
4 dynarray.c:112 0x2e717bf9 16
4 dynarray.c:113 0x2e717bc9 24
6 bdt_client.c:154 0x2e717ae9
4 bdt_client.c:154 0x2e717ae9 5
2 path.c:128 0x2e717bc9 24
1 dynarray.c:84 0x2e717599 24
2 dynarray.c:95 0x2e717bf9 16
2 path.c:90 0x2e717de9 2
2 path.c:90 0x2e7178a9 3
1 path.c:143 0x2e717ae9 5
2 path.c:178 0x2e717cc9 24
1 dynarray.c:84 0x2e717d79 24
2 dynarray.c:95 0x2e717629 16
2 path.c:191 0x2e717da9 5
2 path.c:205 0x2e717849 2
3 path.c:223 0x2e717da9 0x2e717da9 5 2
4 path.c:246 0x2e717da9 2
4 path.c:31 0x2e717849 2
4 dynarray.c:112 0x2e717629 16
4 dynarray.c:113 0x2e717d79 24
4 path.c:254 0x2e717cc9 24
2 path.c:178 0x2e717cc9 24
1 dynarray.c:84 0x2e717f09 24
2 dynarray.c:95 0x2e717d79 16
2 path.c:191 0x2e717849 5
2 path.c:205 0x2e717da9 2
2 path.c:205 0x2e717c29 3
3 path.c:223 0x2e717849 0x2e717849 5 5
4 path.c:246 0x2e717849 5
4 path.c:31 0x2e717da9 2
4 path.c:31 0x2e717c29 3
4 dynarray.c:112 0x2e717d79 16
4 dynarray.c:113 0x2e717f09 24
4 path.c:254 0x2e717cc9 24
2 path.c:178 0x2e717cc9 24
1 dynarray.c:84 0x2e717629 24
2 dynarray.c:95 0x2e717f09 16
2 path.c:191 0x2e717c29 5
2 path.c:205 0x2e717da9 2
2 path.c:205 0x2e717849 3
3 path.c:223 0x2e717c29 0x2e717c29 5 5
1 bdtBad4.c:143 0x2e717fa9 32
2 path.c:178 0x2e717a49 24
1 dynarray.c:84 0x2e717d79 24
2 dynarray.c:95 0x2e7175f9 16
2 path.c:191 0x2e717aa9 5
2 path.c:205 0x2e717ac9 2
2 path.c:205 0x2e717dc9 3
3 path.c:223 0x2e717aa9 0x2e717aa9 5 5
4 path.c:246 0x2e717c29 5
4 path.c:31 0x2e717da9 2
4 path.c:31 0x2e717849 3
4 dynarray.c:112 0x2e717f09 16
4 dynarray.c:113 0x2e717629 24
4 path.c:254 0x2e717cc9 24
4 path.c:246 0x2e717ae9 5
4 path.c:31 0x2e717de9 2
4 path.c:31 0x2e7178a9 3
4 dynarray.c:112 0x2e717bf9 16
4 dynarray.c:113 0x2e717599 24
4 path.c:254 0x2e717bc9 24
1 dynarray.c:84 0x2e717819 24
2 dynarray.c:95 0x2e717bc9 24
1 bdtBad4.c:663 0x2e717869 9
4 dynarray.c:112 0x2e717bc9 24
4 dynarray.c:113 0x2e717819 24
6 bdt_client.c:158 0x2e717869
4 bdt_client.c:158 0x2e717869 9
2 path.c:128 0x2e717819 24
1 dynarray.c:84 0x2e717599 24
2 dynarray.c:95 0x2e717bc9 16
2 path.c:90 0x2e7178a9 2
2 path.c:90 0x2e717de9 3
1 path.c:143 0x2e717869 5
2 path.c:178 0x2e717cc9 24
1 dynarray.c:84 0x2e717bf9 24
2 dynarray.c:95 0x2e717629 16
2 path.c:191 0x2e717ae9 5
2 path.c:205 0x2e717da9 2
3 path.c:223 0x2e717ae9 0x2e717ae9 5 2
4 path.c:246 0x2e717ae9 2
4 path.c:31 0x2e717da9 2
4 dynarray.c:112 0x2e717629 16
4 dynarray.c:113 0x2e717bf9 24
4 path.c:254 0x2e717cc9 24
2 path.c:178 0x2e717cc9 24
1 dynarray.c:84 0x2e717f09 24
2 dynarray.c:95 0x2e717bf9 16
2 path.c:191 0x2e717da9 5
2 path.c:205 0x2e717ae9 2
2 path.c:205 0x2e717c29 3
3 path.c:223 0x2e717da9 0x2e717da9 5 5
4 path.c:246 0x2e717da9 5
4 path.c:31 0x2e717ae9 2
4 path.c:31 0x2e717c29 3
4 dynarray.c:112 0x2e717bf9 16
4 dynarray.c:113 0x2e717f09 24
4 path.c:254 0x2e717cc9 24
4 path.c:246 0x2e717869 5
4 path.c:31 0x2e7178a9 2
4 path.c:31 0x2e717de9 3
4 dynarray.c:112 0x2e717bc9 16
4 dynarray.c:113 0x2e717599 24
4 path.c:254 0x2e717819 24
4 path.c:246 0x2e717aa9 5
4 path.c:31 0x2e717ac9 2
4 path.c:31 0x2e717dc9 3
4 dynarray.c:112 0x2e7175f9 16
4 dynarray.c:113 0x2e717d79 24
4 path.c:254 0x2e717a49 24
4 bdtBad4.c:263 0x2e717fa9 32
1 dynarray.c:84 0x2e717629 24
2 dynarray.c:95 0x2e717a49 16
1 bdtBad4.c:663 0x2e717849 5
4 dynarray.c:112 0x2e717a49 16
4 dynarray.c:113 0x2e717629 24
6 bdt_client.c:162 0x2e717849
4 bdt_client.c:162 0x2e717849 5
2 path.c:128 0x2e717629 24
1 dynarray.c:84 0x2e717d79 24
2 dynarray.c:95 0x2e717a49 16
2 path.c:90 0x2e717dc9 2
2 path.c:90 0x2e717ac9 3
1 path.c:143 0x2e717849 5
2 path.c:178 0x2e717819 24
1 dynarray.c:84 0x2e7175f9 24
2 dynarray.c:95 0x2e717599 16
2 path.c:191 0x2e717aa9 5
2 path.c:205 0x2e7178a9 2
3 path.c:223 0x2e717aa9 0x2e717aa9 5 2
4 path.c:246 0x2e717aa9 2
4 path.c:31 0x2e7178a9 2
4 dynarray.c:112 0x2e717599 16
4 dynarray.c:113 0x2e7175f9 24
4 path.c:254 0x2e717819 24
2 path.c:178 0x2e717819 24
1 dynarray.c:84 0x2e717bc9 24
2 dynarray.c:95 0x2e7175f9 16
2 path.c:191 0x2e7178a9 5
2 path.c:205 0x2e717aa9 2
2 path.c:205 0x2e717869 3
3 path.c:223 0x2e7178a9 0x2e7178a9 5 5
4 path.c:246 0x2e7178a9 5
4 path.c:31 0x2e717aa9 2
4 path.c:31 0x2e717869 3
4 dynarray.c:112 0x2e7175f9 16
4 dynarray.c:113 0x2e717bc9 24
4 path.c:254 0x2e717819 24
2 path.c:178 0x2e717819 24
1 dynarray.c:84 0x2e717599 24
2 dynarray.c:95 0x2e717bc9 16
2 path.c:191 0x2e717869 5
2 path.c:205 0x2e717aa9 2
2 path.c:205 0x2e7178a9 3
3 path.c:223 0x2e717869 0x2e717869 5 5
1 bdtBad4.c:143 0x2e717fa9 32
2 path.c:178 0x2e717cc9 24
1 dynarray.c:84 0x2e7175f9 24
2 dynarray.c:95 0x2e717f09 16
2 path.c:191 0x2e717c29 5
2 path.c:205 0x2e717ae9 2
2 path.c:205 0x2e717da9 3
3 path.c:223 0x2e717c29 0x2e717c29 5 5
4 path.c:246 0x2e717869 5
4 path.c:31 0x2e717aa9 2
4 path.c:31 0x2e7178a9 3
4 dynarray.c:112 0x2e717bc9 16
4 dynarray.c:113 0x2e717599 24
4 path.c:254 0x2e717819 24
4 path.c:246 0x2e717849 5
4 path.c:31 0x2e717dc9 2
4 path.c:31 0x2e717ac9 3
4 dynarray.c:112 0x2e717a49 16
4 dynarray.c:113 0x2e717d79 24
4 path.c:254 0x2e717629 24
1 dynarray.c:84 0x2e717bf9 24
2 dynarray.c:95 0x2e717629 24
1 bdtBad4.c:663 0x2e717de9 9
4 dynarray.c:112 0x2e717629 24
4 dynarray.c:113 0x2e717bf9 24
6 bdt_client.c:166 0x2e717de9
4 bdt_client.c:166 0x2e717de9 9
2 path.c:128 0x2e717bf9 24
1 dynarray.c:84 0x2e717d79 24
2 dynarray.c:95 0x2e717629 16
2 path.c:90 0x2e717ac9 2
2 path.c:90 0x2e717dc9 2
1 path.c:143 0x2e717de9 4
2 path.c:178 0x2e717819 24
1 dynarray.c:84 0x2e717a49 24
2 dynarray.c:95 0x2e717599 16
2 path.c:191 0x2e717849 4
2 path.c:205 0x2e717aa9 2
3 path.c:223 0x2e717849 0x2e717849 4 2
4 path.c:246 0x2e717849 2
4 path.c:31 0x2e717aa9 2
4 dynarray.c:112 0x2e717599 16
4 dynarray.c:113 0x2e717a49 24
4 path.c:254 0x2e717819 24
2 path.c:178 0x2e717819 24
1 dynarray.c:84 0x2e717bc9 24
2 dynarray.c:95 0x2e717a49 16
2 path.c:191 0x2e717aa9 4
2 path.c:205 0x2e717849 2
2 path.c:205 0x2e717869 2
3 path.c:223 0x2e717aa9 0x2e717aa9 4 4
4 path.c:246 0x2e717aa9 4
4 path.c:31 0x2e717849 2
4 path.c:31 0x2e717869 2
4 dynarray.c:112 0x2e717a49 16
4 dynarray.c:113 0x2e717bc9 24
4 path.c:254 0x2e717819 24
4 path.c:246 0x2e717de9 4
4 path.c:31 0x2e717ac9 2
4 path.c:31 0x2e717dc9 2
4 dynarray.c:112 0x2e717629 16
4 dynarray.c:113 0x2e717d79 24
4 path.c:254 0x2e717bf9 24
4 path.c:246 0x2e717e69 4
4 path.c:31 0x2e717fe9 2
4 path.c:31 0x2e717e89 2
4 dynarray.c:112 0x2e718129 16
4 dynarray.c:113 0x2e7177e9 24
4 path.c:254 0x2e7179d9 24
4 bdtBad4.c:263 0x2e717f69 32
1 dynarray.c:84 0x2e717599 24
2 dynarray.c:95 0x2e7179d9 16
1 bdtBad4.c:663 0x2e7178a9 6
4 dynarray.c:112 0x2e7179d9 16
4 dynarray.c:113 0x2e717599 24
6 bdt_client.c:170 0x2e7178a9
4 bdt_client.c:170 0x2e7178a9 6
4 path.c:246 0x2e717c29 5
4 path.c:31 0x2e717ae9 2
4 path.c:31 0x2e717da9 3
4 dynarray.c:112 0x2e717f09 16
4 dynarray.c:113 0x2e7175f9 24
4 path.c:254 0x2e717cc9 24
4 bdtBad4.c:263 0x2e717fa9 32
4 path.c:246 0x2e717c69 2
4 path.c:31 0x2e717c49 2
4 dynarray.c:112 0x2e717909 16
4 dynarray.c:113 0x2e717a79 24
4 path.c:254 0x2e717b99 24
4 bdtBad4.c:263 0x2e7181d9 32
